<?xml version="1.0" encoding="UTF-8"?>
<testsuite name="org.spring.moviepj.theater.Theater" tests="1" skipped="0" failures="0" errors="0" timestamp="2025-03-04T05:13:33" hostname="602-4" time="1.057">
  <properties/>
  <testcase name="insertTheaterWithCinema()" classname="org.spring.moviepj.theater.Theater" time="1.057"/>
  <system-out><![CDATA[2025-03-04T14:13:31.709+09:00  INFO 9248 --- [    Test worker] t.c.s.AnnotationConfigContextLoaderUtils : Could not detect default configuration classes for test class [org.spring.moviepj.theater.Theater]: Theater does not declare any static, non-private, non-final, nested classes annotated with @Configuration.
2025-03-04T14:13:31.718+09:00  INFO 9248 --- [    Test worker] .b.t.c.SpringBootTestContextBootstrapper : Found @SpringBootConfiguration org.spring.moviepj.MoviepjApplication for test class org.spring.moviepj.theater.Theater

  .   ____          _            __ _ _
 /\\ / ___'_ __ _ _(_)_ __  __ _ \ \ \ \
( ( )\___ | '_ | '_| | '_ \/ _` | \ \ \ \
 \\/  ___)| |_)| | | | | || (_| |  ) ) ) )
  '  |____| .__|_| |_|_| |_\__, | / / / /
 =========|_|==============|___/=/_/_/_/

 :: Spring Boot ::                (v3.3.8)

2025-03-04T14:13:31.739+09:00  WARN 9248 --- [    Test worker] ory$DuplicateJsonObjectContextCustomizer : 

Found multiple occurrences of org.json.JSONObject on the class path:

	jar:file:/C:/Users/Administrator/.gradle/caches/modules-2/files-2.1/org.json/json/20250107/a1b5f0b5a1ce018b93a691c57ffc7d141b3a10f1/json-20250107.jar!/org/json/JSONObject.class
	jar:file:/C:/Users/Administrator/.gradle/caches/modules-2/files-2.1/com.vaadin.external.google/android-json/0.0.20131108.vaadin1/fa26d351fe62a6a17f5cda1287c1c6110dec413f/android-json-0.0.20131108.vaadin1.jar!/org/json/JSONObject.class

You may wish to exclude one of them to ensure predictable runtime behavior

2025-03-04T14:13:31.739+09:00  INFO 9248 --- [    Test worker] org.spring.moviepj.theater.Theater       : Starting Theater using Java 17.0.12 with PID 9248 (started by Administrator in E:\Avengers_secondProject\movieproject_avengers\moviepj)
2025-03-04T14:13:31.740+09:00  INFO 9248 --- [    Test worker] org.spring.moviepj.theater.Theater       : No active profile set, falling back to 1 default profile: "default"
2025-03-04T14:13:31.943+09:00  INFO 9248 --- [    Test worker] .s.d.r.c.RepositoryConfigurationDelegate : Bootstrapping Spring Data JPA repositories in DEFAULT mode.
2025-03-04T14:13:31.973+09:00  INFO 9248 --- [    Test worker] .s.d.r.c.RepositoryConfigurationDelegate : Finished Spring Data repository scanning in 29 ms. Found 12 JPA repository interfaces.
2025-03-04T14:13:32.074+09:00  INFO 9248 --- [    Test worker] o.hibernate.jpa.internal.util.LogHelper  : HHH000204: Processing PersistenceUnitInfo [name: default]
2025-03-04T14:13:32.076+09:00  INFO 9248 --- [    Test worker] o.h.c.internal.RegionFactoryInitiator    : HHH000026: Second-level cache disabled
2025-03-04T14:13:32.077+09:00 DEBUG 9248 --- [    Test worker] org.hibernate.type.BasicTypeRegistry     : Adding type registration boolean -> org.hibernate.type.BasicTypeReference@2e030cc1
2025-03-04T14:13:32.077+09:00 DEBUG 9248 --- [    Test worker] org.hibernate.type.BasicTypeRegistry     : Adding type registration boolean -> org.hibernate.type.BasicTypeReference@2e030cc1
2025-03-04T14:13:32.077+09:00 DEBUG 9248 --- [    Test worker] org.hibernate.type.BasicTypeRegistry     : Adding type registration java.lang.Boolean -> org.hibernate.type.BasicTypeReference@2e030cc1
2025-03-04T14:13:32.077+09:00 DEBUG 9248 --- [    Test worker] org.hibernate.type.BasicTypeRegistry     : Adding type registration numeric_boolean -> org.hibernate.type.BasicTypeReference@3f2ef402
2025-03-04T14:13:32.077+09:00 DEBUG 9248 --- [    Test worker] org.hibernate.type.BasicTypeRegistry     : Adding type registration org.hibernate.type.NumericBooleanConverter -> org.hibernate.type.BasicTypeReference@3f2ef402
2025-03-04T14:13:32.077+09:00 DEBUG 9248 --- [    Test worker] org.hibernate.type.BasicTypeRegistry     : Adding type registration true_false -> org.hibernate.type.BasicTypeReference@14bf9fd0
2025-03-04T14:13:32.077+09:00 DEBUG 9248 --- [    Test worker] org.hibernate.type.BasicTypeRegistry     : Adding type registration org.hibernate.type.TrueFalseConverter -> org.hibernate.type.BasicTypeReference@14bf9fd0
2025-03-04T14:13:32.077+09:00 DEBUG 9248 --- [    Test worker] org.hibernate.type.BasicTypeRegistry     : Adding type registration yes_no -> org.hibernate.type.BasicTypeReference@391e5ffa
2025-03-04T14:13:32.077+09:00 DEBUG 9248 --- [    Test worker] org.hibernate.type.BasicTypeRegistry     : Adding type registration org.hibernate.type.YesNoConverter -> org.hibernate.type.BasicTypeReference@391e5ffa
2025-03-04T14:13:32.077+09:00 DEBUG 9248 --- [    Test worker] org.hibernate.type.BasicTypeRegistry     : Adding type registration byte -> org.hibernate.type.BasicTypeReference@f4d391c
2025-03-04T14:13:32.077+09:00 DEBUG 9248 --- [    Test worker] org.hibernate.type.BasicTypeRegistry     : Adding type registration byte -> org.hibernate.type.BasicTypeReference@f4d391c
2025-03-04T14:13:32.077+09:00 DEBUG 9248 --- [    Test worker] org.hibernate.type.BasicTypeRegistry     : Adding type registration java.lang.Byte -> org.hibernate.type.BasicTypeReference@f4d391c
2025-03-04T14:13:32.077+09:00 DEBUG 9248 --- [    Test worker] org.hibernate.type.BasicTypeRegistry     : Adding type registration binary -> org.hibernate.type.BasicTypeReference@470b5213
2025-03-04T14:13:32.077+09:00 DEBUG 9248 --- [    Test worker] org.hibernate.type.BasicTypeRegistry     : Adding type registration byte[] -> org.hibernate.type.BasicTypeReference@470b5213
2025-03-04T14:13:32.077+09:00 DEBUG 9248 --- [    Test worker] org.hibernate.type.BasicTypeRegistry     : Adding type registration [B -> org.hibernate.type.BasicTypeReference@470b5213
2025-03-04T14:13:32.077+09:00 DEBUG 9248 --- [    Test worker] org.hibernate.type.BasicTypeRegistry     : Adding type registration binary_wrapper -> org.hibernate.type.BasicTypeReference@26b3fe8
2025-03-04T14:13:32.077+09:00 DEBUG 9248 --- [    Test worker] org.hibernate.type.BasicTypeRegistry     : Adding type registration wrapper-binary -> org.hibernate.type.BasicTypeReference@26b3fe8
2025-03-04T14:13:32.077+09:00 DEBUG 9248 --- [    Test worker] org.hibernate.type.BasicTypeRegistry     : Adding type registration image -> org.hibernate.type.BasicTypeReference@1f6d7e7c
2025-03-04T14:13:32.077+09:00 DEBUG 9248 --- [    Test worker] org.hibernate.type.BasicTypeRegistry     : Adding type registration blob -> org.hibernate.type.BasicTypeReference@20518250
2025-03-04T14:13:32.077+09:00 DEBUG 9248 --- [    Test worker] org.hibernate.type.BasicTypeRegistry     : Adding type registration java.sql.Blob -> org.hibernate.type.BasicTypeReference@20518250
2025-03-04T14:13:32.077+09:00 DEBUG 9248 --- [    Test worker] org.hibernate.type.BasicTypeRegistry     : Adding type registration materialized_blob -> org.hibernate.type.BasicTypeReference@7836c79
2025-03-04T14:13:32.077+09:00 DEBUG 9248 --- [    Test worker] org.hibernate.type.BasicTypeRegistry     : Adding type registration materialized_blob_wrapper -> org.hibernate.type.BasicTypeReference@5ccc971e
2025-03-04T14:13:32.077+09:00 DEBUG 9248 --- [    Test worker] org.hibernate.type.BasicTypeRegistry     : Adding type registration short -> org.hibernate.type.BasicTypeReference@28269c65
2025-03-04T14:13:32.077+09:00 DEBUG 9248 --- [    Test worker] org.hibernate.type.BasicTypeRegistry     : Adding type registration short -> org.hibernate.type.BasicTypeReference@28269c65
2025-03-04T14:13:32.077+09:00 DEBUG 9248 --- [    Test worker] org.hibernate.type.BasicTypeRegistry     : Adding type registration java.lang.Short -> org.hibernate.type.BasicTypeReference@28269c65
2025-03-04T14:13:32.077+09:00 DEBUG 9248 --- [    Test worker] org.hibernate.type.BasicTypeRegistry     : Adding type registration integer -> org.hibernate.type.BasicTypeReference@4c9d833
2025-03-04T14:13:32.077+09:00 DEBUG 9248 --- [    Test worker] org.hibernate.type.BasicTypeRegistry     : Adding type registration int -> org.hibernate.type.BasicTypeReference@4c9d833
2025-03-04T14:13:32.078+09:00 DEBUG 9248 --- [    Test worker] org.hibernate.type.BasicTypeRegistry     : Adding type registration java.lang.Integer -> org.hibernate.type.BasicTypeReference@4c9d833
2025-03-04T14:13:32.078+09:00 DEBUG 9248 --- [    Test worker] org.hibernate.type.BasicTypeRegistry     : Adding type registration long -> org.hibernate.type.BasicTypeReference@18b58c77
2025-03-04T14:13:32.078+09:00 DEBUG 9248 --- [    Test worker] org.hibernate.type.BasicTypeRegistry     : Adding type registration long -> org.hibernate.type.BasicTypeReference@18b58c77
2025-03-04T14:13:32.078+09:00 DEBUG 9248 --- [    Test worker] org.hibernate.type.BasicTypeRegistry     : Adding type registration java.lang.Long -> org.hibernate.type.BasicTypeReference@18b58c77
2025-03-04T14:13:32.078+09:00 DEBUG 9248 --- [    Test worker] org.hibernate.type.BasicTypeRegistry     : Adding type registration float -> org.hibernate.type.BasicTypeReference@20f99c18
2025-03-04T14:13:32.078+09:00 DEBUG 9248 --- [    Test worker] org.hibernate.type.BasicTypeRegistry     : Adding type registration float -> org.hibernate.type.BasicTypeReference@20f99c18
2025-03-04T14:13:32.078+09:00 DEBUG 9248 --- [    Test worker] org.hibernate.type.BasicTypeRegistry     : Adding type registration java.lang.Float -> org.hibernate.type.BasicTypeReference@20f99c18
2025-03-04T14:13:32.078+09:00 DEBUG 9248 --- [    Test worker] org.hibernate.type.BasicTypeRegistry     : Adding type registration double -> org.hibernate.type.BasicTypeReference@3c20e9d6
2025-03-04T14:13:32.078+09:00 DEBUG 9248 --- [    Test worker] org.hibernate.type.BasicTypeRegistry     : Adding type registration double -> org.hibernate.type.BasicTypeReference@3c20e9d6
2025-03-04T14:13:32.078+09:00 DEBUG 9248 --- [    Test worker] org.hibernate.type.BasicTypeRegistry     : Adding type registration java.lang.Double -> org.hibernate.type.BasicTypeReference@3c20e9d6
2025-03-04T14:13:32.078+09:00 DEBUG 9248 --- [    Test worker] org.hibernate.type.BasicTypeRegistry     : Adding type registration big_integer -> org.hibernate.type.BasicTypeReference@76e2a621
2025-03-04T14:13:32.078+09:00 DEBUG 9248 --- [    Test worker] org.hibernate.type.BasicTypeRegistry     : Adding type registration java.math.BigInteger -> org.hibernate.type.BasicTypeReference@76e2a621
2025-03-04T14:13:32.078+09:00 DEBUG 9248 --- [    Test worker] org.hibernate.type.BasicTypeRegistry     : Adding type registration big_decimal -> org.hibernate.type.BasicTypeReference@42805abe
2025-03-04T14:13:32.078+09:00 DEBUG 9248 --- [    Test worker] org.hibernate.type.BasicTypeRegistry     : Adding type registration java.math.BigDecimal -> org.hibernate.type.BasicTypeReference@42805abe
2025-03-04T14:13:32.078+09:00 DEBUG 9248 --- [    Test worker] org.hibernate.type.BasicTypeRegistry     : Adding type registration character -> org.hibernate.type.BasicTypeReference@2e7517aa
2025-03-04T14:13:32.078+09:00 DEBUG 9248 --- [    Test worker] org.hibernate.type.BasicTypeRegistry     : Adding type registration char -> org.hibernate.type.BasicTypeReference@2e7517aa
2025-03-04T14:13:32.078+09:00 DEBUG 9248 --- [    Test worker] org.hibernate.type.BasicTypeRegistry     : Adding type registration java.lang.Character -> org.hibernate.type.BasicTypeReference@2e7517aa
2025-03-04T14:13:32.078+09:00 DEBUG 9248 --- [    Test worker] org.hibernate.type.BasicTypeRegistry     : Adding type registration character_nchar -> org.hibernate.type.BasicTypeReference@152035eb
2025-03-04T14:13:32.078+09:00 DEBUG 9248 --- [    Test worker] org.hibernate.type.BasicTypeRegistry     : Adding type registration string -> org.hibernate.type.BasicTypeReference@76105ac0
2025-03-04T14:13:32.078+09:00 DEBUG 9248 --- [    Test worker] org.hibernate.type.BasicTypeRegistry     : Adding type registration java.lang.String -> org.hibernate.type.BasicTypeReference@76105ac0
2025-03-04T14:13:32.078+09:00 DEBUG 9248 --- [    Test worker] org.hibernate.type.BasicTypeRegistry     : Adding type registration nstring -> org.hibernate.type.BasicTypeReference@3605ab16
2025-03-04T14:13:32.078+09:00 DEBUG 9248 --- [    Test worker] org.hibernate.type.BasicTypeRegistry     : Adding type registration characters -> org.hibernate.type.BasicTypeReference@30cb223b
2025-03-04T14:13:32.078+09:00 DEBUG 9248 --- [    Test worker] org.hibernate.type.BasicTypeRegistry     : Adding type registration char[] -> org.hibernate.type.BasicTypeReference@30cb223b
2025-03-04T14:13:32.078+09:00 DEBUG 9248 --- [    Test worker] org.hibernate.type.BasicTypeRegistry     : Adding type registration [C -> org.hibernate.type.BasicTypeReference@30cb223b
2025-03-04T14:13:32.078+09:00 DEBUG 9248 --- [    Test worker] org.hibernate.type.BasicTypeRegistry     : Adding type registration wrapper-characters -> org.hibernate.type.BasicTypeReference@24d0c6a4
2025-03-04T14:13:32.078+09:00 DEBUG 9248 --- [    Test worker] org.hibernate.type.BasicTypeRegistry     : Adding type registration text -> org.hibernate.type.BasicTypeReference@50e24ea4
2025-03-04T14:13:32.078+09:00 DEBUG 9248 --- [    Test worker] org.hibernate.type.BasicTypeRegistry     : Adding type registration ntext -> org.hibernate.type.BasicTypeReference@4ba402b5
2025-03-04T14:13:32.078+09:00 DEBUG 9248 --- [    Test worker] org.hibernate.type.BasicTypeRegistry     : Adding type registration clob -> org.hibernate.type.BasicTypeReference@22172b00
2025-03-04T14:13:32.079+09:00 DEBUG 9248 --- [    Test worker] org.hibernate.type.BasicTypeRegistry     : Adding type registration java.sql.Clob -> org.hibernate.type.BasicTypeReference@22172b00
2025-03-04T14:13:32.079+09:00 DEBUG 9248 --- [    Test worker] org.hibernate.type.BasicTypeRegistry     : Adding type registration nclob -> org.hibernate.type.BasicTypeReference@d02c00
2025-03-04T14:13:32.079+09:00 DEBUG 9248 --- [    Test worker] org.hibernate.type.BasicTypeRegistry     : Adding type registration java.sql.NClob -> org.hibernate.type.BasicTypeReference@d02c00
2025-03-04T14:13:32.079+09:00 DEBUG 9248 --- [    Test worker] org.hibernate.type.BasicTypeRegistry     : Adding type registration materialized_clob -> org.hibernate.type.BasicTypeReference@4205d5d0
2025-03-04T14:13:32.079+09:00 DEBUG 9248 --- [    Test worker] org.hibernate.type.BasicTypeRegistry     : Adding type registration materialized_clob_char_array -> org.hibernate.type.BasicTypeReference@29dfc68f
2025-03-04T14:13:32.079+09:00 DEBUG 9248 --- [    Test worker] org.hibernate.type.BasicTypeRegistry     : Adding type registration materialized_clob_character_array -> org.hibernate.type.BasicTypeReference@320ba79f
2025-03-04T14:13:32.079+09:00 DEBUG 9248 --- [    Test worker] org.hibernate.type.BasicTypeRegistry     : Adding type registration materialized_nclob -> org.hibernate.type.BasicTypeReference@333a2df2
2025-03-04T14:13:32.079+09:00 DEBUG 9248 --- [    Test worker] org.hibernate.type.BasicTypeRegistry     : Adding type registration materialized_nclob_character_array -> org.hibernate.type.BasicTypeReference@5ffdd510
2025-03-04T14:13:32.079+09:00 DEBUG 9248 --- [    Test worker] org.hibernate.type.BasicTypeRegistry     : Adding type registration materialized_nclob_char_array -> org.hibernate.type.BasicTypeReference@8c18bde
2025-03-04T14:13:32.079+09:00 DEBUG 9248 --- [    Test worker] org.hibernate.type.BasicTypeRegistry     : Adding type registration Duration -> org.hibernate.type.BasicTypeReference@6719f206
2025-03-04T14:13:32.079+09:00 DEBUG 9248 --- [    Test worker] org.hibernate.type.BasicTypeRegistry     : Adding type registration java.time.Duration -> org.hibernate.type.BasicTypeReference@6719f206
2025-03-04T14:13:32.079+09:00 DEBUG 9248 --- [    Test worker] org.hibernate.type.BasicTypeRegistry     : Adding type registration LocalDateTime -> org.hibernate.type.BasicTypeReference@5ae16aa
2025-03-04T14:13:32.079+09:00 DEBUG 9248 --- [    Test worker] org.hibernate.type.BasicTypeRegistry     : Adding type registration java.time.LocalDateTime -> org.hibernate.type.BasicTypeReference@5ae16aa
2025-03-04T14:13:32.079+09:00 DEBUG 9248 --- [    Test worker] org.hibernate.type.BasicTypeRegistry     : Adding type registration LocalDate -> org.hibernate.type.BasicTypeReference@344a065a
2025-03-04T14:13:32.079+09:00 DEBUG 9248 --- [    Test worker] org.hibernate.type.BasicTypeRegistry     : Adding type registration java.time.LocalDate -> org.hibernate.type.BasicTypeReference@344a065a
2025-03-04T14:13:32.079+09:00 DEBUG 9248 --- [    Test worker] org.hibernate.type.BasicTypeRegistry     : Adding type registration LocalTime -> org.hibernate.type.BasicTypeReference@3051e476
2025-03-04T14:13:32.079+09:00 DEBUG 9248 --- [    Test worker] org.hibernate.type.BasicTypeRegistry     : Adding type registration java.time.LocalTime -> org.hibernate.type.BasicTypeReference@3051e476
2025-03-04T14:13:32.079+09:00 DEBUG 9248 --- [    Test worker] org.hibernate.type.BasicTypeRegistry     : Adding type registration OffsetDateTime -> org.hibernate.type.BasicTypeReference@1870b9b8
2025-03-04T14:13:32.079+09:00 DEBUG 9248 --- [    Test worker] org.hibernate.type.BasicTypeRegistry     : Adding type registration java.time.OffsetDateTime -> org.hibernate.type.BasicTypeReference@1870b9b8
2025-03-04T14:13:32.079+09:00 DEBUG 9248 --- [    Test worker] org.hibernate.type.BasicTypeRegistry     : Adding type registration OffsetDateTimeWithTimezone -> org.hibernate.type.BasicTypeReference@6d9ee75a
2025-03-04T14:13:32.079+09:00 DEBUG 9248 --- [    Test worker] org.hibernate.type.BasicTypeRegistry     : Adding type registration OffsetDateTimeWithoutTimezone -> org.hibernate.type.BasicTypeReference@9825465
2025-03-04T14:13:32.079+09:00 DEBUG 9248 --- [    Test worker] org.hibernate.type.BasicTypeRegistry     : Adding type registration OffsetTime -> org.hibernate.type.BasicTypeReference@36cf6377
2025-03-04T14:13:32.079+09:00 DEBUG 9248 --- [    Test worker] org.hibernate.type.BasicTypeRegistry     : Adding type registration java.time.OffsetTime -> org.hibernate.type.BasicTypeReference@36cf6377
2025-03-04T14:13:32.079+09:00 DEBUG 9248 --- [    Test worker] org.hibernate.type.BasicTypeRegistry     : Adding type registration OffsetTimeUtc -> org.hibernate.type.BasicTypeReference@2befb16f
2025-03-04T14:13:32.079+09:00 DEBUG 9248 --- [    Test worker] org.hibernate.type.BasicTypeRegistry     : Adding type registration OffsetTimeWithTimezone -> org.hibernate.type.BasicTypeReference@3151277f
2025-03-04T14:13:32.079+09:00 DEBUG 9248 --- [    Test worker] org.hibernate.type.BasicTypeRegistry     : Adding type registration OffsetTimeWithoutTimezone -> org.hibernate.type.BasicTypeReference@2aeb7c4c
2025-03-04T14:13:32.079+09:00 DEBUG 9248 --- [    Test worker] org.hibernate.type.BasicTypeRegistry     : Adding type registration ZonedDateTime -> org.hibernate.type.BasicTypeReference@67f266bd
2025-03-04T14:13:32.080+09:00 DEBUG 9248 --- [    Test worker] org.hibernate.type.BasicTypeRegistry     : Adding type registration java.time.ZonedDateTime -> org.hibernate.type.BasicTypeReference@67f266bd
2025-03-04T14:13:32.080+09:00 DEBUG 9248 --- [    Test worker] org.hibernate.type.BasicTypeRegistry     : Adding type registration ZonedDateTimeWithTimezone -> org.hibernate.type.BasicTypeReference@31c0c7e5
2025-03-04T14:13:32.080+09:00 DEBUG 9248 --- [    Test worker] org.hibernate.type.BasicTypeRegistry     : Adding type registration ZonedDateTimeWithoutTimezone -> org.hibernate.type.BasicTypeReference@912747d
2025-03-04T14:13:32.080+09:00 DEBUG 9248 --- [    Test worker] org.hibernate.type.BasicTypeRegistry     : Adding type registration date -> org.hibernate.type.BasicTypeReference@78ea700f
2025-03-04T14:13:32.080+09:00 DEBUG 9248 --- [    Test worker] org.hibernate.type.BasicTypeRegistry     : Adding type registration java.sql.Date -> org.hibernate.type.BasicTypeReference@78ea700f
2025-03-04T14:13:32.080+09:00 DEBUG 9248 --- [    Test worker] org.hibernate.type.BasicTypeRegistry     : Adding type registration time -> org.hibernate.type.BasicTypeReference@cd93621
2025-03-04T14:13:32.080+09:00 DEBUG 9248 --- [    Test worker] org.hibernate.type.BasicTypeRegistry     : Adding type registration java.sql.Time -> org.hibernate.type.BasicTypeReference@cd93621
2025-03-04T14:13:32.080+09:00 DEBUG 9248 --- [    Test worker] org.hibernate.type.BasicTypeRegistry     : Adding type registration timestamp -> org.hibernate.type.BasicTypeReference@3b1137b0
2025-03-04T14:13:32.080+09:00 DEBUG 9248 --- [    Test worker] org.hibernate.type.BasicTypeRegistry     : Adding type registration java.sql.Timestamp -> org.hibernate.type.BasicTypeReference@3b1137b0
2025-03-04T14:13:32.080+09:00 DEBUG 9248 --- [    Test worker] org.hibernate.type.BasicTypeRegistry     : Adding type registration java.util.Date -> org.hibernate.type.BasicTypeReference@3b1137b0
2025-03-04T14:13:32.080+09:00 DEBUG 9248 --- [    Test worker] org.hibernate.type.BasicTypeRegistry     : Adding type registration calendar -> org.hibernate.type.BasicTypeReference@21ba0d33
2025-03-04T14:13:32.080+09:00 DEBUG 9248 --- [    Test worker] org.hibernate.type.BasicTypeRegistry     : Adding type registration java.util.Calendar -> org.hibernate.type.BasicTypeReference@21ba0d33
2025-03-04T14:13:32.080+09:00 DEBUG 9248 --- [    Test worker] org.hibernate.type.BasicTypeRegistry     : Adding type registration java.util.GregorianCalendar -> org.hibernate.type.BasicTypeReference@21ba0d33
2025-03-04T14:13:32.080+09:00 DEBUG 9248 --- [    Test worker] org.hibernate.type.BasicTypeRegistry     : Adding type registration calendar_date -> org.hibernate.type.BasicTypeReference@afb7b03
2025-03-04T14:13:32.080+09:00 DEBUG 9248 --- [    Test worker] org.hibernate.type.BasicTypeRegistry     : Adding type registration calendar_time -> org.hibernate.type.BasicTypeReference@4fd63c43
2025-03-04T14:13:32.080+09:00 DEBUG 9248 --- [    Test worker] org.hibernate.type.BasicTypeRegistry     : Adding type registration instant -> org.hibernate.type.BasicTypeReference@7d483ebe
2025-03-04T14:13:32.080+09:00 DEBUG 9248 --- [    Test worker] org.hibernate.type.BasicTypeRegistry     : Adding type registration java.time.Instant -> org.hibernate.type.BasicTypeReference@7d483ebe
2025-03-04T14:13:32.080+09:00 DEBUG 9248 --- [    Test worker] org.hibernate.type.BasicTypeRegistry     : Adding type registration uuid -> org.hibernate.type.BasicTypeReference@cea67b1
2025-03-04T14:13:32.080+09:00 DEBUG 9248 --- [    Test worker] org.hibernate.type.BasicTypeRegistry     : Adding type registration java.util.UUID -> org.hibernate.type.BasicTypeReference@cea67b1
2025-03-04T14:13:32.080+09:00 DEBUG 9248 --- [    Test worker] org.hibernate.type.BasicTypeRegistry     : Adding type registration pg-uuid -> org.hibernate.type.BasicTypeReference@cea67b1
2025-03-04T14:13:32.080+09:00 DEBUG 9248 --- [    Test worker] org.hibernate.type.BasicTypeRegistry     : Adding type registration uuid-binary -> org.hibernate.type.BasicTypeReference@5d98364c
2025-03-04T14:13:32.080+09:00 DEBUG 9248 --- [    Test worker] org.hibernate.type.BasicTypeRegistry     : Adding type registration uuid-char -> org.hibernate.type.BasicTypeReference@23d23d98
2025-03-04T14:13:32.080+09:00 DEBUG 9248 --- [    Test worker] org.hibernate.type.BasicTypeRegistry     : Adding type registration class -> org.hibernate.type.BasicTypeReference@1fd35a92
2025-03-04T14:13:32.080+09:00 DEBUG 9248 --- [    Test worker] org.hibernate.type.BasicTypeRegistry     : Adding type registration java.lang.Class -> org.hibernate.type.BasicTypeReference@1fd35a92
2025-03-04T14:13:32.080+09:00 DEBUG 9248 --- [    Test worker] org.hibernate.type.BasicTypeRegistry     : Adding type registration currency -> org.hibernate.type.BasicTypeReference@40db6136
2025-03-04T14:13:32.080+09:00 DEBUG 9248 --- [    Test worker] org.hibernate.type.BasicTypeRegistry     : Adding type registration Currency -> org.hibernate.type.BasicTypeReference@40db6136
2025-03-04T14:13:32.080+09:00 DEBUG 9248 --- [    Test worker] org.hibernate.type.BasicTypeRegistry     : Adding type registration java.util.Currency -> org.hibernate.type.BasicTypeReference@40db6136
2025-03-04T14:13:32.080+09:00 DEBUG 9248 --- [    Test worker] org.hibernate.type.BasicTypeRegistry     : Adding type registration locale -> org.hibernate.type.BasicTypeReference@5ced0537
2025-03-04T14:13:32.081+09:00 DEBUG 9248 --- [    Test worker] org.hibernate.type.BasicTypeRegistry     : Adding type registration java.util.Locale -> org.hibernate.type.BasicTypeReference@5ced0537
2025-03-04T14:13:32.081+09:00 DEBUG 9248 --- [    Test worker] org.hibernate.type.BasicTypeRegistry     : Adding type registration serializable -> org.hibernate.type.BasicTypeReference@6ee1ddcf
2025-03-04T14:13:32.081+09:00 DEBUG 9248 --- [    Test worker] org.hibernate.type.BasicTypeRegistry     : Adding type registration java.io.Serializable -> org.hibernate.type.BasicTypeReference@6ee1ddcf
2025-03-04T14:13:32.081+09:00 DEBUG 9248 --- [    Test worker] org.hibernate.type.BasicTypeRegistry     : Adding type registration timezone -> org.hibernate.type.BasicTypeReference@6b630d4b
2025-03-04T14:13:32.081+09:00 DEBUG 9248 --- [    Test worker] org.hibernate.type.BasicTypeRegistry     : Adding type registration java.util.TimeZone -> org.hibernate.type.BasicTypeReference@6b630d4b
2025-03-04T14:13:32.081+09:00 DEBUG 9248 --- [    Test worker] org.hibernate.type.BasicTypeRegistry     : Adding type registration ZoneOffset -> org.hibernate.type.BasicTypeReference@70aa03c0
2025-03-04T14:13:32.081+09:00 DEBUG 9248 --- [    Test worker] org.hibernate.type.BasicTypeRegistry     : Adding type registration java.time.ZoneOffset -> org.hibernate.type.BasicTypeReference@70aa03c0
2025-03-04T14:13:32.081+09:00 DEBUG 9248 --- [    Test worker] org.hibernate.type.BasicTypeRegistry     : Adding type registration url -> org.hibernate.type.BasicTypeReference@44da745f
2025-03-04T14:13:32.081+09:00 DEBUG 9248 --- [    Test worker] org.hibernate.type.BasicTypeRegistry     : Adding type registration java.net.URL -> org.hibernate.type.BasicTypeReference@44da745f
2025-03-04T14:13:32.081+09:00 DEBUG 9248 --- [    Test worker] org.hibernate.type.BasicTypeRegistry     : Adding type registration vector -> org.hibernate.type.BasicTypeReference@2435c6ae
2025-03-04T14:13:32.081+09:00 DEBUG 9248 --- [    Test worker] org.hibernate.type.BasicTypeRegistry     : Adding type registration row_version -> org.hibernate.type.BasicTypeReference@574f9e36
2025-03-04T14:13:32.081+09:00 DEBUG 9248 --- [    Test worker] org.hibernate.type.BasicTypeRegistry     : Adding type registration object -> org.hibernate.type.JavaObjectType@67a3394c
2025-03-04T14:13:32.081+09:00 DEBUG 9248 --- [    Test worker] org.hibernate.type.BasicTypeRegistry     : Adding type registration java.lang.Object -> org.hibernate.type.JavaObjectType@67a3394c
2025-03-04T14:13:32.081+09:00 DEBUG 9248 --- [    Test worker] org.hibernate.type.BasicTypeRegistry     : Adding type registration null -> org.hibernate.type.NullType@5401c6a8
2025-03-04T14:13:32.081+09:00 DEBUG 9248 --- [    Test worker] org.hibernate.type.BasicTypeRegistry     : Adding type registration imm_date -> org.hibernate.type.BasicTypeReference@7931048d
2025-03-04T14:13:32.081+09:00 DEBUG 9248 --- [    Test worker] org.hibernate.type.BasicTypeRegistry     : Adding type registration imm_time -> org.hibernate.type.BasicTypeReference@6b4773ff
2025-03-04T14:13:32.081+09:00 DEBUG 9248 --- [    Test worker] org.hibernate.type.BasicTypeRegistry     : Adding type registration imm_timestamp -> org.hibernate.type.BasicTypeReference@5e699edc
2025-03-04T14:13:32.081+09:00 DEBUG 9248 --- [    Test worker] org.hibernate.type.BasicTypeRegistry     : Adding type registration imm_calendar -> org.hibernate.type.BasicTypeReference@27f8fdfb
2025-03-04T14:13:32.081+09:00 DEBUG 9248 --- [    Test worker] org.hibernate.type.BasicTypeRegistry     : Adding type registration imm_calendar_date -> org.hibernate.type.BasicTypeReference@569c80e5
2025-03-04T14:13:32.081+09:00 DEBUG 9248 --- [    Test worker] org.hibernate.type.BasicTypeRegistry     : Adding type registration imm_calendar_time -> org.hibernate.type.BasicTypeReference@694d942
2025-03-04T14:13:32.081+09:00 DEBUG 9248 --- [    Test worker] org.hibernate.type.BasicTypeRegistry     : Adding type registration imm_binary -> org.hibernate.type.BasicTypeReference@14992832
2025-03-04T14:13:32.081+09:00 DEBUG 9248 --- [    Test worker] org.hibernate.type.BasicTypeRegistry     : Adding type registration imm_serializable -> org.hibernate.type.BasicTypeReference@746e187f
2025-03-04T14:13:32.091+09:00  INFO 9248 --- [    Test worker] o.s.o.j.p.SpringPersistenceUnitInfo      : No LoadTimeWeaver setup: ignoring JPA class transformer
2025-03-04T14:13:32.092+09:00  INFO 9248 --- [    Test worker] com.zaxxer.hikari.HikariDataSource       : HikariPool-2 - Starting...
2025-03-04T14:13:32.104+09:00  INFO 9248 --- [    Test worker] com.zaxxer.hikari.pool.HikariPool        : HikariPool-2 - Added connection com.mysql.cj.jdbc.ConnectionImpl@7787cbcd
2025-03-04T14:13:32.104+09:00  INFO 9248 --- [    Test worker] com.zaxxer.hikari.HikariDataSource       : HikariPool-2 - Start completed.
2025-03-04T14:13:32.104+09:00  WARN 9248 --- [    Test worker] org.hibernate.orm.deprecation            : HHH90000025: MySQL8Dialect does not need to be specified explicitly using 'hibernate.dialect' (remove the property setting and it will be selected by default)
2025-03-04T14:13:32.105+09:00  WARN 9248 --- [    Test worker] org.hibernate.orm.deprecation            : HHH90000026: MySQL8Dialect has been deprecated; use org.hibernate.dialect.MySQLDialect instead
2025-03-04T14:13:32.105+09:00 DEBUG 9248 --- [    Test worker] o.h.t.d.sql.spi.DdlTypeRegistry          : addDescriptor(12, org.hibernate.type.descriptor.sql.internal.CapacityDependentDdlType@82cd68d) replaced previous registration(org.hibernate.type.descriptor.sql.internal.CapacityDependentDdlType@31102e84)
2025-03-04T14:13:32.105+09:00 DEBUG 9248 --- [    Test worker] o.h.t.d.sql.spi.DdlTypeRegistry          : addDescriptor(-9, org.hibernate.type.descriptor.sql.internal.CapacityDependentDdlType@729bdd9d) replaced previous registration(org.hibernate.type.descriptor.sql.internal.CapacityDependentDdlType@3b8bb9a0)
2025-03-04T14:13:32.105+09:00 DEBUG 9248 --- [    Test worker] o.h.t.d.sql.spi.DdlTypeRegistry          : addDescriptor(-3, org.hibernate.type.descriptor.sql.internal.CapacityDependentDdlType@55fd98e2) replaced previous registration(org.hibernate.type.descriptor.sql.internal.CapacityDependentDdlType@65a9e8d7)
2025-03-04T14:13:32.105+09:00 DEBUG 9248 --- [    Test worker] o.h.t.d.sql.spi.DdlTypeRegistry          : addDescriptor(4003, org.hibernate.type.descriptor.sql.internal.DdlTypeImpl@49f2b6ca) replaced previous registration(org.hibernate.type.descriptor.sql.internal.DdlTypeImpl@2fd250ed)
2025-03-04T14:13:32.105+09:00 DEBUG 9248 --- [    Test worker] o.h.t.d.sql.spi.DdlTypeRegistry          : addDescriptor(4001, org.hibernate.type.descriptor.sql.internal.DdlTypeImpl@16d1f77d) replaced previous registration(org.hibernate.type.descriptor.sql.internal.DdlTypeImpl@3c945a20)
2025-03-04T14:13:32.105+09:00 DEBUG 9248 --- [    Test worker] o.h.t.d.sql.spi.DdlTypeRegistry          : addDescriptor(4002, org.hibernate.type.descriptor.sql.internal.DdlTypeImpl@608cff9e) replaced previous registration(org.hibernate.type.descriptor.sql.internal.DdlTypeImpl@5de49e5a)
2025-03-04T14:13:32.105+09:00 DEBUG 9248 --- [    Test worker] o.h.t.d.sql.spi.DdlTypeRegistry          : addDescriptor(2004, org.hibernate.type.descriptor.sql.internal.CapacityDependentDdlType@4497e084) replaced previous registration(org.hibernate.type.descriptor.sql.internal.DdlTypeImpl@5a4cf76c)
2025-03-04T14:13:32.105+09:00 DEBUG 9248 --- [    Test worker] o.h.t.d.sql.spi.DdlTypeRegistry          : addDescriptor(2005, org.hibernate.type.descriptor.sql.internal.CapacityDependentDdlType@5d3b93b4) replaced previous registration(org.hibernate.type.descriptor.sql.internal.DdlTypeImpl@2454d007)
2025-03-04T14:13:32.106+09:00 DEBUG 9248 --- [    Test worker] o.h.t.d.sql.spi.DdlTypeRegistry          : addDescriptor(2011, org.hibernate.type.descriptor.sql.internal.CapacityDependentDdlType@5f3c97c9) replaced previous registration(org.hibernate.type.descriptor.sql.internal.DdlTypeImpl@6276fcd5)
2025-03-04T14:13:32.106+09:00 DEBUG 9248 --- [    Test worker] o.h.t.d.jdbc.spi.JdbcTypeRegistry        : addDescriptor(NCharTypeDescriptor) replaced previous registration(CharTypeDescriptor)
2025-03-04T14:13:32.106+09:00 DEBUG 9248 --- [    Test worker] o.h.t.d.jdbc.spi.JdbcTypeRegistry        : addDescriptor(NVarcharTypeDescriptor) replaced previous registration(VarcharTypeDescriptor)
2025-03-04T14:13:32.106+09:00 DEBUG 9248 --- [    Test worker] o.h.t.d.jdbc.spi.JdbcTypeRegistry        : addDescriptor(LongNVarcharTypeDescriptor) replaced previous registration(LongVarcharTypeDescriptor)
2025-03-04T14:13:32.106+09:00 DEBUG 9248 --- [    Test worker] o.h.t.d.jdbc.spi.JdbcTypeRegistry        : addDescriptor(NClobTypeDescriptor(DEFAULT)) replaced previous registration(ClobTypeDescriptor(DEFAULT))
2025-03-04T14:13:32.106+09:00 DEBUG 9248 --- [    Test worker] o.h.t.d.jdbc.spi.JdbcTypeRegistry        : addDescriptor(2005, ClobTypeDescriptor(STREAM_BINDING)) replaced previous registration(ClobTypeDescriptor(DEFAULT))
2025-03-04T14:13:32.106+09:00 DEBUG 9248 --- [    Test worker] org.hibernate.type.BasicTypeRegistry     : Adding type registration null -> org.hibernate.type.NullType@63d1751c
2025-03-04T14:13:32.106+09:00 DEBUG 9248 --- [    Test worker] org.hibernate.type.BasicTypeRegistry     : Type registration key [null] overrode previous entry : `org.hibernate.type.NullType@5401c6a8`
2025-03-04T14:13:32.106+09:00 DEBUG 9248 --- [    Test worker] org.hibernate.type.BasicTypeRegistry     : Adding type registration org.hibernate.type.DurationType -> basicType@22(java.time.Duration,3015)
2025-03-04T14:13:32.106+09:00 DEBUG 9248 --- [    Test worker] org.hibernate.type.BasicTypeRegistry     : Adding type registration Duration -> basicType@22(java.time.Duration,3015)
2025-03-04T14:13:32.106+09:00 DEBUG 9248 --- [    Test worker] org.hibernate.type.BasicTypeRegistry     : Adding type registration java.time.Duration -> basicType@22(java.time.Duration,3015)
2025-03-04T14:13:32.106+09:00 DEBUG 9248 --- [    Test worker] org.hibernate.type.BasicTypeRegistry     : Adding type registration org.hibernate.type.OffsetDateTimeType -> basicType@23(java.time.OffsetDateTime,3003)
2025-03-04T14:13:32.106+09:00 DEBUG 9248 --- [    Test worker] org.hibernate.type.BasicTypeRegistry     : Adding type registration OffsetDateTime -> basicType@23(java.time.OffsetDateTime,3003)
2025-03-04T14:13:32.106+09:00 DEBUG 9248 --- [    Test worker] org.hibernate.type.BasicTypeRegistry     : Adding type registration java.time.OffsetDateTime -> basicType@23(java.time.OffsetDateTime,3003)
2025-03-04T14:13:32.106+09:00 DEBUG 9248 --- [    Test worker] org.hibernate.type.BasicTypeRegistry     : Adding type registration org.hibernate.type.ZonedDateTimeType -> basicType@24(java.time.ZonedDateTime,3003)
2025-03-04T14:13:32.106+09:00 DEBUG 9248 --- [    Test worker] org.hibernate.type.BasicTypeRegistry     : Adding type registration ZonedDateTime -> basicType@24(java.time.ZonedDateTime,3003)
2025-03-04T14:13:32.106+09:00 DEBUG 9248 --- [    Test worker] org.hibernate.type.BasicTypeRegistry     : Adding type registration java.time.ZonedDateTime -> basicType@24(java.time.ZonedDateTime,3003)
2025-03-04T14:13:32.106+09:00 DEBUG 9248 --- [    Test worker] org.hibernate.type.BasicTypeRegistry     : Adding type registration org.hibernate.type.OffsetTimeType -> basicType@25(java.time.OffsetTime,3007)
2025-03-04T14:13:32.106+09:00 DEBUG 9248 --- [    Test worker] org.hibernate.type.BasicTypeRegistry     : Adding type registration OffsetTime -> basicType@25(java.time.OffsetTime,3007)
2025-03-04T14:13:32.106+09:00 DEBUG 9248 --- [    Test worker] org.hibernate.type.BasicTypeRegistry     : Adding type registration java.time.OffsetTime -> basicType@25(java.time.OffsetTime,3007)
2025-03-04T14:13:32.106+09:00 DEBUG 9248 --- [    Test worker] o.h.type.spi.TypeConfiguration$Scope     : Scoping TypeConfiguration [org.hibernate.type.spi.TypeConfiguration@61075589] to MetadataBuildingContext [org.hibernate.boot.internal.MetadataBuildingContextRootImpl@5a3e14bf]
2025-03-04T14:13:32.275+09:00  INFO 9248 --- [    Test worker] o.h.e.t.j.p.i.JtaPlatformInitiator       : HHH000489: No JTA platform available (set 'hibernate.transaction.jta.platform' to enable JTA platform integration)
2025-03-04T14:13:32.275+09:00 DEBUG 9248 --- [    Test worker] o.h.type.spi.TypeConfiguration$Scope     : Scoping TypeConfiguration [org.hibernate.type.spi.TypeConfiguration@61075589] to SessionFactoryImplementor [org.hibernate.internal.SessionFactoryImpl@5494539a]
2025-03-04T14:13:32.283+09:00 DEBUG 9248 --- [    Test worker] org.hibernate.SQL                        : 
    alter table movie_tb 
       modify column overview TEXT
Hibernate: 
    alter table movie_tb 
       modify column overview TEXT
2025-03-04T14:13:32.352+09:00 TRACE 9248 --- [    Test worker] o.h.type.spi.TypeConfiguration$Scope     : Handling #sessionFactoryCreated from [org.hibernate.internal.SessionFactoryImpl@5494539a] for TypeConfiguration
2025-03-04T14:13:32.352+09:00  INFO 9248 --- [    Test worker] j.LocalContainerEntityManagerFactoryBean : Initialized JPA EntityManagerFactory for persistence unit 'default'
2025-03-04T14:13:32.434+09:00 DEBUG 9248 --- [    Test worker] org.hibernate.SQL                        : 
    select
        me1_0.movie_id,
        me1_0.audi_acc,
        me1_0.backdrop_path,
        me1_0.create_time,
        me1_0.director,
        me1_0.genres,
        me1_0.movie_cd,
        me1_0.movie_nm,
        me1_0.open_dt,
        me1_0.overview,
        me1_0.poster_path,
        me1_0.movie_rank,
        me1_0.run_time,
        me1_0.update_time 
    from
        movie_tb me1_0
Hibernate: 
    select
        me1_0.movie_id,
        me1_0.audi_acc,
        me1_0.backdrop_path,
        me1_0.create_time,
        me1_0.director,
        me1_0.genres,
        me1_0.movie_cd,
        me1_0.movie_nm,
        me1_0.open_dt,
        me1_0.overview,
        me1_0.poster_path,
        me1_0.movie_rank,
        me1_0.run_time,
        me1_0.update_time 
    from
        movie_tb me1_0
2025-03-04T14:13:32.440+09:00 DEBUG 9248 --- [    Test worker] org.hibernate.SQL                        : 
    select
        ce1_0.cinema_id,
        ce1_0.address,
        ce1_0.cinema_name,
        ce1_0.create_time,
        ce1_0.lat,
        ce1_0.lon,
        ce1_0.region,
        ce1_0.update_time 
    from
        cinema_tb ce1_0
Hibernate: 
    select
        ce1_0.cinema_id,
        ce1_0.address,
        ce1_0.cinema_name,
        ce1_0.create_time,
        ce1_0.lat,
        ce1_0.lon,
        ce1_0.region,
        ce1_0.update_time 
    from
        cinema_tb ce1_0
속초
조회
대전
패딩턴: 페루에 가다!
안녕
순천
제주아라
고양스타필드
남춘천
퇴마록
논산
광주하남
더 부티크 목동현대백화점
영화관 위치
강남
컴플리트 언노운
영화 조회
괜찮아 괜찮아 괜찮아! 
경북도청
미키 17
공주
그 시절, 우리가 좋아했던 소녀
군자
광명AK플라자
영종
첫 번째 키스
춘천석사
금정AK플라자
힘내라 대한민국
목록
원주혁신
제주서귀포
김천
캡틴 아메리카: 브레이브 뉴 월드
송도
구미강동
대전신세계 아트앤사이언스
목포하당(포르모)
광명소하
영종하늘도시
광주상무
동대문
영화
영화관
영화관 조회
강동
이찬원 콘서트 찬가: 디어 마이 찬스
제주삼화
검단
경산하양
2025-03-04T14:13:32.876+09:00  WARN 9248 --- [    Test worker] JpaBaseConfiguration$JpaWebConfiguration : spring.jpa.open-in-view is enabled by default. Therefore, database queries may be performed during view rendering. Explicitly configure spring.jpa.open-in-view to disable this warning
2025-03-04T14:13:32.885+09:00  INFO 9248 --- [    Test worker] r$InitializeUserDetailsManagerConfigurer : Global AuthenticationManager configured with UserDetailsService bean with name customUserDetailsService
2025-03-04T14:13:33.328+09:00  INFO 9248 --- [    Test worker] o.s.m.s.b.SimpleBrokerMessageHandler     : Starting...
2025-03-04T14:13:33.328+09:00  INFO 9248 --- [    Test worker] o.s.m.s.b.SimpleBrokerMessageHandler     : BrokerAvailabilityEvent[available=true, SimpleBrokerMessageHandler [org.springframework.messaging.simp.broker.DefaultSubscriptionRegistry@4d6757ca]]
2025-03-04T14:13:33.328+09:00  INFO 9248 --- [    Test worker] o.s.m.s.b.SimpleBrokerMessageHandler     : Started.
2025-03-04T14:13:33.332+09:00  INFO 9248 --- [    Test worker] org.spring.moviepj.theater.Theater       : Started Theater in 1.611 seconds (process running for 9.553)
2025-03-04T14:13:33.344+09:00 DEBUG 9248 --- [    Test worker] org.hibernate.SQL                        : 
    select
        ce1_0.cinema_id,
        ce1_0.address,
        ce1_0.cinema_name,
        ce1_0.create_time,
        ce1_0.lat,
        ce1_0.lon,
        ce1_0.region,
        ce1_0.update_time 
    from
        cinema_tb ce1_0
Hibernate: 
    select
        ce1_0.cinema_id,
        ce1_0.address,
        ce1_0.cinema_name,
        ce1_0.create_time,
        ce1_0.lat,
        ce1_0.lon,
        ce1_0.region,
        ce1_0.update_time 
    from
        cinema_tb ce1_0
2025-03-04T14:13:33.369+09:00 DEBUG 9248 --- [    Test worker] org.hibernate.SQL                        : 
    select
        count(te1_0.theater_id) 
    from
        theater_tb te1_0 
    where
        te1_0.cinema_id=?
Hibernate: 
    select
        count(te1_0.theater_id) 
    from
        theater_tb te1_0 
    where
        te1_0.cinema_id=?
2025-03-04T14:13:33.381+09:00 DEBUG 9248 --- [    Test worker] org.hibernate.SQL                        : 
    select
        te1_0.theater_id 
    from
        theater_tb te1_0 
    where
        te1_0.name=? 
        and te1_0.cinema_id=? 
    limit
        ?
Hibernate: 
    select
        te1_0.theater_id 
    from
        theater_tb te1_0 
    where
        te1_0.name=? 
        and te1_0.cinema_id=? 
    limit
        ?
2025-03-04T14:13:33.387+09:00 DEBUG 9248 --- [    Test worker] org.hibernate.SQL                        : 
    insert 
    into
        theater_tb
        (cinema_id, create_time, name) 
    values
        (?, ?, ?)
Hibernate: 
    insert 
    into
        theater_tb
        (cinema_id, create_time, name) 
    values
        (?, ?, ?)
영화관 : 남춘천 |  상영관 : 상영관 51
2025-03-04T14:13:33.400+09:00 DEBUG 9248 --- [    Test worker] org.hibernate.SQL                        : 
    select
        te1_0.theater_id 
    from
        theater_tb te1_0 
    where
        te1_0.name=? 
        and te1_0.cinema_id=? 
    limit
        ?
Hibernate: 
    select
        te1_0.theater_id 
    from
        theater_tb te1_0 
    where
        te1_0.name=? 
        and te1_0.cinema_id=? 
    limit
        ?
2025-03-04T14:13:33.402+09:00 DEBUG 9248 --- [    Test worker] org.hibernate.SQL                        : 
    insert 
    into
        theater_tb
        (cinema_id, create_time, name) 
    values
        (?, ?, ?)
Hibernate: 
    insert 
    into
        theater_tb
        (cinema_id, create_time, name) 
    values
        (?, ?, ?)
영화관 : 남춘천 |  상영관 : 상영관 52
2025-03-04T14:13:33.405+09:00 DEBUG 9248 --- [    Test worker] org.hibernate.SQL                        : 
    select
        te1_0.theater_id 
    from
        theater_tb te1_0 
    where
        te1_0.name=? 
        and te1_0.cinema_id=? 
    limit
        ?
Hibernate: 
    select
        te1_0.theater_id 
    from
        theater_tb te1_0 
    where
        te1_0.name=? 
        and te1_0.cinema_id=? 
    limit
        ?
2025-03-04T14:13:33.407+09:00 DEBUG 9248 --- [    Test worker] org.hibernate.SQL                        : 
    insert 
    into
        theater_tb
        (cinema_id, create_time, name) 
    values
        (?, ?, ?)
Hibernate: 
    insert 
    into
        theater_tb
        (cinema_id, create_time, name) 
    values
        (?, ?, ?)
영화관 : 남춘천 |  상영관 : 상영관 53
2025-03-04T14:13:33.410+09:00 DEBUG 9248 --- [    Test worker] org.hibernate.SQL                        : 
    select
        te1_0.theater_id 
    from
        theater_tb te1_0 
    where
        te1_0.name=? 
        and te1_0.cinema_id=? 
    limit
        ?
Hibernate: 
    select
        te1_0.theater_id 
    from
        theater_tb te1_0 
    where
        te1_0.name=? 
        and te1_0.cinema_id=? 
    limit
        ?
2025-03-04T14:13:33.412+09:00 DEBUG 9248 --- [    Test worker] org.hibernate.SQL                        : 
    insert 
    into
        theater_tb
        (cinema_id, create_time, name) 
    values
        (?, ?, ?)
Hibernate: 
    insert 
    into
        theater_tb
        (cinema_id, create_time, name) 
    values
        (?, ?, ?)
영화관 : 남춘천 |  상영관 : 상영관 54
2025-03-04T14:13:33.416+09:00 DEBUG 9248 --- [    Test worker] org.hibernate.SQL                        : 
    select
        te1_0.theater_id 
    from
        theater_tb te1_0 
    where
        te1_0.name=? 
        and te1_0.cinema_id=? 
    limit
        ?
Hibernate: 
    select
        te1_0.theater_id 
    from
        theater_tb te1_0 
    where
        te1_0.name=? 
        and te1_0.cinema_id=? 
    limit
        ?
2025-03-04T14:13:33.417+09:00 DEBUG 9248 --- [    Test worker] org.hibernate.SQL                        : 
    insert 
    into
        theater_tb
        (cinema_id, create_time, name) 
    values
        (?, ?, ?)
Hibernate: 
    insert 
    into
        theater_tb
        (cinema_id, create_time, name) 
    values
        (?, ?, ?)
영화관 : 남춘천 |  상영관 : 상영관 55
2025-03-04T14:13:33.421+09:00 DEBUG 9248 --- [    Test worker] org.hibernate.SQL                        : 
    select
        te1_0.theater_id 
    from
        theater_tb te1_0 
    where
        te1_0.name=? 
        and te1_0.cinema_id=? 
    limit
        ?
Hibernate: 
    select
        te1_0.theater_id 
    from
        theater_tb te1_0 
    where
        te1_0.name=? 
        and te1_0.cinema_id=? 
    limit
        ?
2025-03-04T14:13:33.423+09:00 DEBUG 9248 --- [    Test worker] org.hibernate.SQL                        : 
    insert 
    into
        theater_tb
        (cinema_id, create_time, name) 
    values
        (?, ?, ?)
Hibernate: 
    insert 
    into
        theater_tb
        (cinema_id, create_time, name) 
    values
        (?, ?, ?)
영화관 : 남춘천 |  상영관 : 상영관 56
2025-03-04T14:13:33.427+09:00 DEBUG 9248 --- [    Test worker] org.hibernate.SQL                        : 
    select
        te1_0.theater_id 
    from
        theater_tb te1_0 
    where
        te1_0.name=? 
        and te1_0.cinema_id=? 
    limit
        ?
Hibernate: 
    select
        te1_0.theater_id 
    from
        theater_tb te1_0 
    where
        te1_0.name=? 
        and te1_0.cinema_id=? 
    limit
        ?
2025-03-04T14:13:33.429+09:00 DEBUG 9248 --- [    Test worker] org.hibernate.SQL                        : 
    insert 
    into
        theater_tb
        (cinema_id, create_time, name) 
    values
        (?, ?, ?)
Hibernate: 
    insert 
    into
        theater_tb
        (cinema_id, create_time, name) 
    values
        (?, ?, ?)
영화관 : 남춘천 |  상영관 : 상영관 57
2025-03-04T14:13:33.433+09:00 DEBUG 9248 --- [    Test worker] org.hibernate.SQL                        : 
    select
        te1_0.theater_id 
    from
        theater_tb te1_0 
    where
        te1_0.name=? 
        and te1_0.cinema_id=? 
    limit
        ?
Hibernate: 
    select
        te1_0.theater_id 
    from
        theater_tb te1_0 
    where
        te1_0.name=? 
        and te1_0.cinema_id=? 
    limit
        ?
2025-03-04T14:13:33.435+09:00 DEBUG 9248 --- [    Test worker] org.hibernate.SQL                        : 
    insert 
    into
        theater_tb
        (cinema_id, create_time, name) 
    values
        (?, ?, ?)
Hibernate: 
    insert 
    into
        theater_tb
        (cinema_id, create_time, name) 
    values
        (?, ?, ?)
영화관 : 남춘천 |  상영관 : 상영관 58
2025-03-04T14:13:33.438+09:00 DEBUG 9248 --- [    Test worker] org.hibernate.SQL                        : 
    select
        te1_0.theater_id 
    from
        theater_tb te1_0 
    where
        te1_0.name=? 
        and te1_0.cinema_id=? 
    limit
        ?
Hibernate: 
    select
        te1_0.theater_id 
    from
        theater_tb te1_0 
    where
        te1_0.name=? 
        and te1_0.cinema_id=? 
    limit
        ?
2025-03-04T14:13:33.440+09:00 DEBUG 9248 --- [    Test worker] org.hibernate.SQL                        : 
    insert 
    into
        theater_tb
        (cinema_id, create_time, name) 
    values
        (?, ?, ?)
Hibernate: 
    insert 
    into
        theater_tb
        (cinema_id, create_time, name) 
    values
        (?, ?, ?)
영화관 : 남춘천 |  상영관 : 상영관 59
2025-03-04T14:13:33.444+09:00 DEBUG 9248 --- [    Test worker] org.hibernate.SQL                        : 
    select
        te1_0.theater_id 
    from
        theater_tb te1_0 
    where
        te1_0.name=? 
        and te1_0.cinema_id=? 
    limit
        ?
Hibernate: 
    select
        te1_0.theater_id 
    from
        theater_tb te1_0 
    where
        te1_0.name=? 
        and te1_0.cinema_id=? 
    limit
        ?
2025-03-04T14:13:33.445+09:00 DEBUG 9248 --- [    Test worker] org.hibernate.SQL                        : 
    insert 
    into
        theater_tb
        (cinema_id, create_time, name) 
    values
        (?, ?, ?)
Hibernate: 
    insert 
    into
        theater_tb
        (cinema_id, create_time, name) 
    values
        (?, ?, ?)
영화관 : 남춘천 |  상영관 : 상영관 60
2025-03-04T14:13:33.449+09:00 DEBUG 9248 --- [    Test worker] org.hibernate.SQL                        : 
    select
        count(te1_0.theater_id) 
    from
        theater_tb te1_0 
    where
        te1_0.cinema_id=?
Hibernate: 
    select
        count(te1_0.theater_id) 
    from
        theater_tb te1_0 
    where
        te1_0.cinema_id=?
2025-03-04T14:13:33.453+09:00 DEBUG 9248 --- [    Test worker] org.hibernate.SQL                        : 
    select
        te1_0.theater_id 
    from
        theater_tb te1_0 
    where
        te1_0.name=? 
        and te1_0.cinema_id=? 
    limit
        ?
Hibernate: 
    select
        te1_0.theater_id 
    from
        theater_tb te1_0 
    where
        te1_0.name=? 
        and te1_0.cinema_id=? 
    limit
        ?
2025-03-04T14:13:33.454+09:00 DEBUG 9248 --- [    Test worker] org.hibernate.SQL                        : 
    insert 
    into
        theater_tb
        (cinema_id, create_time, name) 
    values
        (?, ?, ?)
Hibernate: 
    insert 
    into
        theater_tb
        (cinema_id, create_time, name) 
    values
        (?, ?, ?)
영화관 : 속초 |  상영관 : 상영관 51
2025-03-04T14:13:33.458+09:00 DEBUG 9248 --- [    Test worker] org.hibernate.SQL                        : 
    select
        te1_0.theater_id 
    from
        theater_tb te1_0 
    where
        te1_0.name=? 
        and te1_0.cinema_id=? 
    limit
        ?
Hibernate: 
    select
        te1_0.theater_id 
    from
        theater_tb te1_0 
    where
        te1_0.name=? 
        and te1_0.cinema_id=? 
    limit
        ?
2025-03-04T14:13:33.459+09:00 DEBUG 9248 --- [    Test worker] org.hibernate.SQL                        : 
    insert 
    into
        theater_tb
        (cinema_id, create_time, name) 
    values
        (?, ?, ?)
Hibernate: 
    insert 
    into
        theater_tb
        (cinema_id, create_time, name) 
    values
        (?, ?, ?)
영화관 : 속초 |  상영관 : 상영관 52
2025-03-04T14:13:33.462+09:00 DEBUG 9248 --- [    Test worker] org.hibernate.SQL                        : 
    select
        te1_0.theater_id 
    from
        theater_tb te1_0 
    where
        te1_0.name=? 
        and te1_0.cinema_id=? 
    limit
        ?
Hibernate: 
    select
        te1_0.theater_id 
    from
        theater_tb te1_0 
    where
        te1_0.name=? 
        and te1_0.cinema_id=? 
    limit
        ?
2025-03-04T14:13:33.464+09:00 DEBUG 9248 --- [    Test worker] org.hibernate.SQL                        : 
    insert 
    into
        theater_tb
        (cinema_id, create_time, name) 
    values
        (?, ?, ?)
Hibernate: 
    insert 
    into
        theater_tb
        (cinema_id, create_time, name) 
    values
        (?, ?, ?)
영화관 : 속초 |  상영관 : 상영관 53
2025-03-04T14:13:33.467+09:00 DEBUG 9248 --- [    Test worker] org.hibernate.SQL                        : 
    select
        te1_0.theater_id 
    from
        theater_tb te1_0 
    where
        te1_0.name=? 
        and te1_0.cinema_id=? 
    limit
        ?
Hibernate: 
    select
        te1_0.theater_id 
    from
        theater_tb te1_0 
    where
        te1_0.name=? 
        and te1_0.cinema_id=? 
    limit
        ?
2025-03-04T14:13:33.469+09:00 DEBUG 9248 --- [    Test worker] org.hibernate.SQL                        : 
    insert 
    into
        theater_tb
        (cinema_id, create_time, name) 
    values
        (?, ?, ?)
Hibernate: 
    insert 
    into
        theater_tb
        (cinema_id, create_time, name) 
    values
        (?, ?, ?)
영화관 : 속초 |  상영관 : 상영관 54
2025-03-04T14:13:33.472+09:00 DEBUG 9248 --- [    Test worker] org.hibernate.SQL                        : 
    select
        te1_0.theater_id 
    from
        theater_tb te1_0 
    where
        te1_0.name=? 
        and te1_0.cinema_id=? 
    limit
        ?
Hibernate: 
    select
        te1_0.theater_id 
    from
        theater_tb te1_0 
    where
        te1_0.name=? 
        and te1_0.cinema_id=? 
    limit
        ?
2025-03-04T14:13:33.474+09:00 DEBUG 9248 --- [    Test worker] org.hibernate.SQL                        : 
    insert 
    into
        theater_tb
        (cinema_id, create_time, name) 
    values
        (?, ?, ?)
Hibernate: 
    insert 
    into
        theater_tb
        (cinema_id, create_time, name) 
    values
        (?, ?, ?)
영화관 : 속초 |  상영관 : 상영관 55
2025-03-04T14:13:33.476+09:00 DEBUG 9248 --- [    Test worker] org.hibernate.SQL                        : 
    select
        te1_0.theater_id 
    from
        theater_tb te1_0 
    where
        te1_0.name=? 
        and te1_0.cinema_id=? 
    limit
        ?
Hibernate: 
    select
        te1_0.theater_id 
    from
        theater_tb te1_0 
    where
        te1_0.name=? 
        and te1_0.cinema_id=? 
    limit
        ?
2025-03-04T14:13:33.479+09:00 DEBUG 9248 --- [    Test worker] org.hibernate.SQL                        : 
    insert 
    into
        theater_tb
        (cinema_id, create_time, name) 
    values
        (?, ?, ?)
Hibernate: 
    insert 
    into
        theater_tb
        (cinema_id, create_time, name) 
    values
        (?, ?, ?)
영화관 : 속초 |  상영관 : 상영관 56
2025-03-04T14:13:33.481+09:00 DEBUG 9248 --- [    Test worker] org.hibernate.SQL                        : 
    select
        te1_0.theater_id 
    from
        theater_tb te1_0 
    where
        te1_0.name=? 
        and te1_0.cinema_id=? 
    limit
        ?
Hibernate: 
    select
        te1_0.theater_id 
    from
        theater_tb te1_0 
    where
        te1_0.name=? 
        and te1_0.cinema_id=? 
    limit
        ?
2025-03-04T14:13:33.482+09:00 DEBUG 9248 --- [    Test worker] org.hibernate.SQL                        : 
    insert 
    into
        theater_tb
        (cinema_id, create_time, name) 
    values
        (?, ?, ?)
Hibernate: 
    insert 
    into
        theater_tb
        (cinema_id, create_time, name) 
    values
        (?, ?, ?)
영화관 : 속초 |  상영관 : 상영관 57
2025-03-04T14:13:33.485+09:00 DEBUG 9248 --- [    Test worker] org.hibernate.SQL                        : 
    select
        te1_0.theater_id 
    from
        theater_tb te1_0 
    where
        te1_0.name=? 
        and te1_0.cinema_id=? 
    limit
        ?
Hibernate: 
    select
        te1_0.theater_id 
    from
        theater_tb te1_0 
    where
        te1_0.name=? 
        and te1_0.cinema_id=? 
    limit
        ?
2025-03-04T14:13:33.486+09:00 DEBUG 9248 --- [    Test worker] org.hibernate.SQL                        : 
    insert 
    into
        theater_tb
        (cinema_id, create_time, name) 
    values
        (?, ?, ?)
Hibernate: 
    insert 
    into
        theater_tb
        (cinema_id, create_time, name) 
    values
        (?, ?, ?)
영화관 : 속초 |  상영관 : 상영관 58
2025-03-04T14:13:33.489+09:00 DEBUG 9248 --- [    Test worker] org.hibernate.SQL                        : 
    select
        te1_0.theater_id 
    from
        theater_tb te1_0 
    where
        te1_0.name=? 
        and te1_0.cinema_id=? 
    limit
        ?
Hibernate: 
    select
        te1_0.theater_id 
    from
        theater_tb te1_0 
    where
        te1_0.name=? 
        and te1_0.cinema_id=? 
    limit
        ?
2025-03-04T14:13:33.491+09:00 DEBUG 9248 --- [    Test worker] org.hibernate.SQL                        : 
    insert 
    into
        theater_tb
        (cinema_id, create_time, name) 
    values
        (?, ?, ?)
Hibernate: 
    insert 
    into
        theater_tb
        (cinema_id, create_time, name) 
    values
        (?, ?, ?)
영화관 : 속초 |  상영관 : 상영관 59
2025-03-04T14:13:33.493+09:00 DEBUG 9248 --- [    Test worker] org.hibernate.SQL                        : 
    select
        te1_0.theater_id 
    from
        theater_tb te1_0 
    where
        te1_0.name=? 
        and te1_0.cinema_id=? 
    limit
        ?
Hibernate: 
    select
        te1_0.theater_id 
    from
        theater_tb te1_0 
    where
        te1_0.name=? 
        and te1_0.cinema_id=? 
    limit
        ?
2025-03-04T14:13:33.494+09:00 DEBUG 9248 --- [    Test worker] org.hibernate.SQL                        : 
    insert 
    into
        theater_tb
        (cinema_id, create_time, name) 
    values
        (?, ?, ?)
Hibernate: 
    insert 
    into
        theater_tb
        (cinema_id, create_time, name) 
    values
        (?, ?, ?)
영화관 : 속초 |  상영관 : 상영관 60
2025-03-04T14:13:33.498+09:00 DEBUG 9248 --- [    Test worker] org.hibernate.SQL                        : 
    select
        count(te1_0.theater_id) 
    from
        theater_tb te1_0 
    where
        te1_0.cinema_id=?
Hibernate: 
    select
        count(te1_0.theater_id) 
    from
        theater_tb te1_0 
    where
        te1_0.cinema_id=?
2025-03-04T14:13:33.501+09:00 DEBUG 9248 --- [    Test worker] org.hibernate.SQL                        : 
    select
        te1_0.theater_id 
    from
        theater_tb te1_0 
    where
        te1_0.name=? 
        and te1_0.cinema_id=? 
    limit
        ?
Hibernate: 
    select
        te1_0.theater_id 
    from
        theater_tb te1_0 
    where
        te1_0.name=? 
        and te1_0.cinema_id=? 
    limit
        ?
2025-03-04T14:13:33.502+09:00 DEBUG 9248 --- [    Test worker] org.hibernate.SQL                        : 
    insert 
    into
        theater_tb
        (cinema_id, create_time, name) 
    values
        (?, ?, ?)
Hibernate: 
    insert 
    into
        theater_tb
        (cinema_id, create_time, name) 
    values
        (?, ?, ?)
영화관 : 원주혁신 |  상영관 : 상영관 51
2025-03-04T14:13:33.505+09:00 DEBUG 9248 --- [    Test worker] org.hibernate.SQL                        : 
    select
        te1_0.theater_id 
    from
        theater_tb te1_0 
    where
        te1_0.name=? 
        and te1_0.cinema_id=? 
    limit
        ?
Hibernate: 
    select
        te1_0.theater_id 
    from
        theater_tb te1_0 
    where
        te1_0.name=? 
        and te1_0.cinema_id=? 
    limit
        ?
2025-03-04T14:13:33.507+09:00 DEBUG 9248 --- [    Test worker] org.hibernate.SQL                        : 
    insert 
    into
        theater_tb
        (cinema_id, create_time, name) 
    values
        (?, ?, ?)
Hibernate: 
    insert 
    into
        theater_tb
        (cinema_id, create_time, name) 
    values
        (?, ?, ?)
영화관 : 원주혁신 |  상영관 : 상영관 52
2025-03-04T14:13:33.509+09:00 DEBUG 9248 --- [    Test worker] org.hibernate.SQL                        : 
    select
        te1_0.theater_id 
    from
        theater_tb te1_0 
    where
        te1_0.name=? 
        and te1_0.cinema_id=? 
    limit
        ?
Hibernate: 
    select
        te1_0.theater_id 
    from
        theater_tb te1_0 
    where
        te1_0.name=? 
        and te1_0.cinema_id=? 
    limit
        ?
2025-03-04T14:13:33.511+09:00 DEBUG 9248 --- [    Test worker] org.hibernate.SQL                        : 
    insert 
    into
        theater_tb
        (cinema_id, create_time, name) 
    values
        (?, ?, ?)
Hibernate: 
    insert 
    into
        theater_tb
        (cinema_id, create_time, name) 
    values
        (?, ?, ?)
영화관 : 원주혁신 |  상영관 : 상영관 53
2025-03-04T14:13:33.514+09:00 DEBUG 9248 --- [    Test worker] org.hibernate.SQL                        : 
    select
        te1_0.theater_id 
    from
        theater_tb te1_0 
    where
        te1_0.name=? 
        and te1_0.cinema_id=? 
    limit
        ?
Hibernate: 
    select
        te1_0.theater_id 
    from
        theater_tb te1_0 
    where
        te1_0.name=? 
        and te1_0.cinema_id=? 
    limit
        ?
2025-03-04T14:13:33.515+09:00 DEBUG 9248 --- [    Test worker] org.hibernate.SQL                        : 
    insert 
    into
        theater_tb
        (cinema_id, create_time, name) 
    values
        (?, ?, ?)
Hibernate: 
    insert 
    into
        theater_tb
        (cinema_id, create_time, name) 
    values
        (?, ?, ?)
영화관 : 원주혁신 |  상영관 : 상영관 54
2025-03-04T14:13:33.518+09:00 DEBUG 9248 --- [    Test worker] org.hibernate.SQL                        : 
    select
        te1_0.theater_id 
    from
        theater_tb te1_0 
    where
        te1_0.name=? 
        and te1_0.cinema_id=? 
    limit
        ?
Hibernate: 
    select
        te1_0.theater_id 
    from
        theater_tb te1_0 
    where
        te1_0.name=? 
        and te1_0.cinema_id=? 
    limit
        ?
2025-03-04T14:13:33.520+09:00 DEBUG 9248 --- [    Test worker] org.hibernate.SQL                        : 
    insert 
    into
        theater_tb
        (cinema_id, create_time, name) 
    values
        (?, ?, ?)
Hibernate: 
    insert 
    into
        theater_tb
        (cinema_id, create_time, name) 
    values
        (?, ?, ?)
영화관 : 원주혁신 |  상영관 : 상영관 55
2025-03-04T14:13:33.522+09:00 DEBUG 9248 --- [    Test worker] org.hibernate.SQL                        : 
    select
        te1_0.theater_id 
    from
        theater_tb te1_0 
    where
        te1_0.name=? 
        and te1_0.cinema_id=? 
    limit
        ?
Hibernate: 
    select
        te1_0.theater_id 
    from
        theater_tb te1_0 
    where
        te1_0.name=? 
        and te1_0.cinema_id=? 
    limit
        ?
2025-03-04T14:13:33.524+09:00 DEBUG 9248 --- [    Test worker] org.hibernate.SQL                        : 
    insert 
    into
        theater_tb
        (cinema_id, create_time, name) 
    values
        (?, ?, ?)
Hibernate: 
    insert 
    into
        theater_tb
        (cinema_id, create_time, name) 
    values
        (?, ?, ?)
영화관 : 원주혁신 |  상영관 : 상영관 56
2025-03-04T14:13:33.526+09:00 DEBUG 9248 --- [    Test worker] org.hibernate.SQL                        : 
    select
        te1_0.theater_id 
    from
        theater_tb te1_0 
    where
        te1_0.name=? 
        and te1_0.cinema_id=? 
    limit
        ?
Hibernate: 
    select
        te1_0.theater_id 
    from
        theater_tb te1_0 
    where
        te1_0.name=? 
        and te1_0.cinema_id=? 
    limit
        ?
2025-03-04T14:13:33.527+09:00 DEBUG 9248 --- [    Test worker] org.hibernate.SQL                        : 
    insert 
    into
        theater_tb
        (cinema_id, create_time, name) 
    values
        (?, ?, ?)
Hibernate: 
    insert 
    into
        theater_tb
        (cinema_id, create_time, name) 
    values
        (?, ?, ?)
영화관 : 원주혁신 |  상영관 : 상영관 57
2025-03-04T14:13:33.529+09:00 DEBUG 9248 --- [    Test worker] org.hibernate.SQL                        : 
    select
        te1_0.theater_id 
    from
        theater_tb te1_0 
    where
        te1_0.name=? 
        and te1_0.cinema_id=? 
    limit
        ?
Hibernate: 
    select
        te1_0.theater_id 
    from
        theater_tb te1_0 
    where
        te1_0.name=? 
        and te1_0.cinema_id=? 
    limit
        ?
2025-03-04T14:13:33.531+09:00 DEBUG 9248 --- [    Test worker] org.hibernate.SQL                        : 
    insert 
    into
        theater_tb
        (cinema_id, create_time, name) 
    values
        (?, ?, ?)
Hibernate: 
    insert 
    into
        theater_tb
        (cinema_id, create_time, name) 
    values
        (?, ?, ?)
영화관 : 원주혁신 |  상영관 : 상영관 58
2025-03-04T14:13:33.533+09:00 DEBUG 9248 --- [    Test worker] org.hibernate.SQL                        : 
    select
        te1_0.theater_id 
    from
        theater_tb te1_0 
    where
        te1_0.name=? 
        and te1_0.cinema_id=? 
    limit
        ?
Hibernate: 
    select
        te1_0.theater_id 
    from
        theater_tb te1_0 
    where
        te1_0.name=? 
        and te1_0.cinema_id=? 
    limit
        ?
2025-03-04T14:13:33.535+09:00 DEBUG 9248 --- [    Test worker] org.hibernate.SQL                        : 
    insert 
    into
        theater_tb
        (cinema_id, create_time, name) 
    values
        (?, ?, ?)
Hibernate: 
    insert 
    into
        theater_tb
        (cinema_id, create_time, name) 
    values
        (?, ?, ?)
영화관 : 원주혁신 |  상영관 : 상영관 59
2025-03-04T14:13:33.537+09:00 DEBUG 9248 --- [    Test worker] org.hibernate.SQL                        : 
    select
        te1_0.theater_id 
    from
        theater_tb te1_0 
    where
        te1_0.name=? 
        and te1_0.cinema_id=? 
    limit
        ?
Hibernate: 
    select
        te1_0.theater_id 
    from
        theater_tb te1_0 
    where
        te1_0.name=? 
        and te1_0.cinema_id=? 
    limit
        ?
2025-03-04T14:13:33.539+09:00 DEBUG 9248 --- [    Test worker] org.hibernate.SQL                        : 
    insert 
    into
        theater_tb
        (cinema_id, create_time, name) 
    values
        (?, ?, ?)
Hibernate: 
    insert 
    into
        theater_tb
        (cinema_id, create_time, name) 
    values
        (?, ?, ?)
영화관 : 원주혁신 |  상영관 : 상영관 60
2025-03-04T14:13:33.541+09:00 DEBUG 9248 --- [    Test worker] org.hibernate.SQL                        : 
    select
        count(te1_0.theater_id) 
    from
        theater_tb te1_0 
    where
        te1_0.cinema_id=?
Hibernate: 
    select
        count(te1_0.theater_id) 
    from
        theater_tb te1_0 
    where
        te1_0.cinema_id=?
2025-03-04T14:13:33.543+09:00 DEBUG 9248 --- [    Test worker] org.hibernate.SQL                        : 
    select
        te1_0.theater_id 
    from
        theater_tb te1_0 
    where
        te1_0.name=? 
        and te1_0.cinema_id=? 
    limit
        ?
Hibernate: 
    select
        te1_0.theater_id 
    from
        theater_tb te1_0 
    where
        te1_0.name=? 
        and te1_0.cinema_id=? 
    limit
        ?
2025-03-04T14:13:33.545+09:00 DEBUG 9248 --- [    Test worker] org.hibernate.SQL                        : 
    insert 
    into
        theater_tb
        (cinema_id, create_time, name) 
    values
        (?, ?, ?)
Hibernate: 
    insert 
    into
        theater_tb
        (cinema_id, create_time, name) 
    values
        (?, ?, ?)
영화관 : 춘천석사 |  상영관 : 상영관 51
2025-03-04T14:13:33.548+09:00 DEBUG 9248 --- [    Test worker] org.hibernate.SQL                        : 
    select
        te1_0.theater_id 
    from
        theater_tb te1_0 
    where
        te1_0.name=? 
        and te1_0.cinema_id=? 
    limit
        ?
Hibernate: 
    select
        te1_0.theater_id 
    from
        theater_tb te1_0 
    where
        te1_0.name=? 
        and te1_0.cinema_id=? 
    limit
        ?
2025-03-04T14:13:33.549+09:00 DEBUG 9248 --- [    Test worker] org.hibernate.SQL                        : 
    insert 
    into
        theater_tb
        (cinema_id, create_time, name) 
    values
        (?, ?, ?)
Hibernate: 
    insert 
    into
        theater_tb
        (cinema_id, create_time, name) 
    values
        (?, ?, ?)
영화관 : 춘천석사 |  상영관 : 상영관 52
2025-03-04T14:13:33.553+09:00 DEBUG 9248 --- [    Test worker] org.hibernate.SQL                        : 
    select
        te1_0.theater_id 
    from
        theater_tb te1_0 
    where
        te1_0.name=? 
        and te1_0.cinema_id=? 
    limit
        ?
Hibernate: 
    select
        te1_0.theater_id 
    from
        theater_tb te1_0 
    where
        te1_0.name=? 
        and te1_0.cinema_id=? 
    limit
        ?
2025-03-04T14:13:33.554+09:00 DEBUG 9248 --- [    Test worker] org.hibernate.SQL                        : 
    insert 
    into
        theater_tb
        (cinema_id, create_time, name) 
    values
        (?, ?, ?)
Hibernate: 
    insert 
    into
        theater_tb
        (cinema_id, create_time, name) 
    values
        (?, ?, ?)
영화관 : 춘천석사 |  상영관 : 상영관 53
2025-03-04T14:13:33.557+09:00 DEBUG 9248 --- [    Test worker] org.hibernate.SQL                        : 
    select
        te1_0.theater_id 
    from
        theater_tb te1_0 
    where
        te1_0.name=? 
        and te1_0.cinema_id=? 
    limit
        ?
Hibernate: 
    select
        te1_0.theater_id 
    from
        theater_tb te1_0 
    where
        te1_0.name=? 
        and te1_0.cinema_id=? 
    limit
        ?
2025-03-04T14:13:33.558+09:00 DEBUG 9248 --- [    Test worker] org.hibernate.SQL                        : 
    insert 
    into
        theater_tb
        (cinema_id, create_time, name) 
    values
        (?, ?, ?)
Hibernate: 
    insert 
    into
        theater_tb
        (cinema_id, create_time, name) 
    values
        (?, ?, ?)
영화관 : 춘천석사 |  상영관 : 상영관 54
2025-03-04T14:13:33.560+09:00 DEBUG 9248 --- [    Test worker] org.hibernate.SQL                        : 
    select
        te1_0.theater_id 
    from
        theater_tb te1_0 
    where
        te1_0.name=? 
        and te1_0.cinema_id=? 
    limit
        ?
Hibernate: 
    select
        te1_0.theater_id 
    from
        theater_tb te1_0 
    where
        te1_0.name=? 
        and te1_0.cinema_id=? 
    limit
        ?
2025-03-04T14:13:33.562+09:00 DEBUG 9248 --- [    Test worker] org.hibernate.SQL                        : 
    insert 
    into
        theater_tb
        (cinema_id, create_time, name) 
    values
        (?, ?, ?)
Hibernate: 
    insert 
    into
        theater_tb
        (cinema_id, create_time, name) 
    values
        (?, ?, ?)
영화관 : 춘천석사 |  상영관 : 상영관 55
2025-03-04T14:13:33.564+09:00 DEBUG 9248 --- [    Test worker] org.hibernate.SQL                        : 
    select
        te1_0.theater_id 
    from
        theater_tb te1_0 
    where
        te1_0.name=? 
        and te1_0.cinema_id=? 
    limit
        ?
Hibernate: 
    select
        te1_0.theater_id 
    from
        theater_tb te1_0 
    where
        te1_0.name=? 
        and te1_0.cinema_id=? 
    limit
        ?
2025-03-04T14:13:33.566+09:00 DEBUG 9248 --- [    Test worker] org.hibernate.SQL                        : 
    insert 
    into
        theater_tb
        (cinema_id, create_time, name) 
    values
        (?, ?, ?)
Hibernate: 
    insert 
    into
        theater_tb
        (cinema_id, create_time, name) 
    values
        (?, ?, ?)
영화관 : 춘천석사 |  상영관 : 상영관 56
2025-03-04T14:13:33.568+09:00 DEBUG 9248 --- [    Test worker] org.hibernate.SQL                        : 
    select
        te1_0.theater_id 
    from
        theater_tb te1_0 
    where
        te1_0.name=? 
        and te1_0.cinema_id=? 
    limit
        ?
Hibernate: 
    select
        te1_0.theater_id 
    from
        theater_tb te1_0 
    where
        te1_0.name=? 
        and te1_0.cinema_id=? 
    limit
        ?
2025-03-04T14:13:33.570+09:00 DEBUG 9248 --- [    Test worker] org.hibernate.SQL                        : 
    insert 
    into
        theater_tb
        (cinema_id, create_time, name) 
    values
        (?, ?, ?)
Hibernate: 
    insert 
    into
        theater_tb
        (cinema_id, create_time, name) 
    values
        (?, ?, ?)
영화관 : 춘천석사 |  상영관 : 상영관 57
2025-03-04T14:13:33.572+09:00 DEBUG 9248 --- [    Test worker] org.hibernate.SQL                        : 
    select
        te1_0.theater_id 
    from
        theater_tb te1_0 
    where
        te1_0.name=? 
        and te1_0.cinema_id=? 
    limit
        ?
Hibernate: 
    select
        te1_0.theater_id 
    from
        theater_tb te1_0 
    where
        te1_0.name=? 
        and te1_0.cinema_id=? 
    limit
        ?
2025-03-04T14:13:33.573+09:00 DEBUG 9248 --- [    Test worker] org.hibernate.SQL                        : 
    insert 
    into
        theater_tb
        (cinema_id, create_time, name) 
    values
        (?, ?, ?)
Hibernate: 
    insert 
    into
        theater_tb
        (cinema_id, create_time, name) 
    values
        (?, ?, ?)
영화관 : 춘천석사 |  상영관 : 상영관 58
2025-03-04T14:13:33.575+09:00 DEBUG 9248 --- [    Test worker] org.hibernate.SQL                        : 
    select
        te1_0.theater_id 
    from
        theater_tb te1_0 
    where
        te1_0.name=? 
        and te1_0.cinema_id=? 
    limit
        ?
Hibernate: 
    select
        te1_0.theater_id 
    from
        theater_tb te1_0 
    where
        te1_0.name=? 
        and te1_0.cinema_id=? 
    limit
        ?
2025-03-04T14:13:33.576+09:00 DEBUG 9248 --- [    Test worker] org.hibernate.SQL                        : 
    insert 
    into
        theater_tb
        (cinema_id, create_time, name) 
    values
        (?, ?, ?)
Hibernate: 
    insert 
    into
        theater_tb
        (cinema_id, create_time, name) 
    values
        (?, ?, ?)
영화관 : 춘천석사 |  상영관 : 상영관 59
2025-03-04T14:13:33.579+09:00 DEBUG 9248 --- [    Test worker] org.hibernate.SQL                        : 
    select
        te1_0.theater_id 
    from
        theater_tb te1_0 
    where
        te1_0.name=? 
        and te1_0.cinema_id=? 
    limit
        ?
Hibernate: 
    select
        te1_0.theater_id 
    from
        theater_tb te1_0 
    where
        te1_0.name=? 
        and te1_0.cinema_id=? 
    limit
        ?
2025-03-04T14:13:33.580+09:00 DEBUG 9248 --- [    Test worker] org.hibernate.SQL                        : 
    insert 
    into
        theater_tb
        (cinema_id, create_time, name) 
    values
        (?, ?, ?)
Hibernate: 
    insert 
    into
        theater_tb
        (cinema_id, create_time, name) 
    values
        (?, ?, ?)
영화관 : 춘천석사 |  상영관 : 상영관 60
2025-03-04T14:13:33.582+09:00 DEBUG 9248 --- [    Test worker] org.hibernate.SQL                        : 
    select
        count(te1_0.theater_id) 
    from
        theater_tb te1_0 
    where
        te1_0.cinema_id=?
Hibernate: 
    select
        count(te1_0.theater_id) 
    from
        theater_tb te1_0 
    where
        te1_0.cinema_id=?
2025-03-04T14:13:33.584+09:00 DEBUG 9248 --- [    Test worker] org.hibernate.SQL                        : 
    select
        te1_0.theater_id 
    from
        theater_tb te1_0 
    where
        te1_0.name=? 
        and te1_0.cinema_id=? 
    limit
        ?
Hibernate: 
    select
        te1_0.theater_id 
    from
        theater_tb te1_0 
    where
        te1_0.name=? 
        and te1_0.cinema_id=? 
    limit
        ?
2025-03-04T14:13:33.585+09:00 DEBUG 9248 --- [    Test worker] org.hibernate.SQL                        : 
    insert 
    into
        theater_tb
        (cinema_id, create_time, name) 
    values
        (?, ?, ?)
Hibernate: 
    insert 
    into
        theater_tb
        (cinema_id, create_time, name) 
    values
        (?, ?, ?)
영화관 : 고양스타필드 |  상영관 : 상영관 51
2025-03-04T14:13:33.589+09:00 DEBUG 9248 --- [    Test worker] org.hibernate.SQL                        : 
    select
        te1_0.theater_id 
    from
        theater_tb te1_0 
    where
        te1_0.name=? 
        and te1_0.cinema_id=? 
    limit
        ?
Hibernate: 
    select
        te1_0.theater_id 
    from
        theater_tb te1_0 
    where
        te1_0.name=? 
        and te1_0.cinema_id=? 
    limit
        ?
2025-03-04T14:13:33.590+09:00 DEBUG 9248 --- [    Test worker] org.hibernate.SQL                        : 
    insert 
    into
        theater_tb
        (cinema_id, create_time, name) 
    values
        (?, ?, ?)
Hibernate: 
    insert 
    into
        theater_tb
        (cinema_id, create_time, name) 
    values
        (?, ?, ?)
영화관 : 고양스타필드 |  상영관 : 상영관 52
2025-03-04T14:13:33.593+09:00 DEBUG 9248 --- [    Test worker] org.hibernate.SQL                        : 
    select
        te1_0.theater_id 
    from
        theater_tb te1_0 
    where
        te1_0.name=? 
        and te1_0.cinema_id=? 
    limit
        ?
Hibernate: 
    select
        te1_0.theater_id 
    from
        theater_tb te1_0 
    where
        te1_0.name=? 
        and te1_0.cinema_id=? 
    limit
        ?
2025-03-04T14:13:33.595+09:00 DEBUG 9248 --- [    Test worker] org.hibernate.SQL                        : 
    insert 
    into
        theater_tb
        (cinema_id, create_time, name) 
    values
        (?, ?, ?)
Hibernate: 
    insert 
    into
        theater_tb
        (cinema_id, create_time, name) 
    values
        (?, ?, ?)
영화관 : 고양스타필드 |  상영관 : 상영관 53
2025-03-04T14:13:33.597+09:00 DEBUG 9248 --- [    Test worker] org.hibernate.SQL                        : 
    select
        te1_0.theater_id 
    from
        theater_tb te1_0 
    where
        te1_0.name=? 
        and te1_0.cinema_id=? 
    limit
        ?
Hibernate: 
    select
        te1_0.theater_id 
    from
        theater_tb te1_0 
    where
        te1_0.name=? 
        and te1_0.cinema_id=? 
    limit
        ?
2025-03-04T14:13:33.598+09:00 DEBUG 9248 --- [    Test worker] org.hibernate.SQL                        : 
    insert 
    into
        theater_tb
        (cinema_id, create_time, name) 
    values
        (?, ?, ?)
Hibernate: 
    insert 
    into
        theater_tb
        (cinema_id, create_time, name) 
    values
        (?, ?, ?)
영화관 : 고양스타필드 |  상영관 : 상영관 54
2025-03-04T14:13:33.600+09:00 DEBUG 9248 --- [    Test worker] org.hibernate.SQL                        : 
    select
        te1_0.theater_id 
    from
        theater_tb te1_0 
    where
        te1_0.name=? 
        and te1_0.cinema_id=? 
    limit
        ?
Hibernate: 
    select
        te1_0.theater_id 
    from
        theater_tb te1_0 
    where
        te1_0.name=? 
        and te1_0.cinema_id=? 
    limit
        ?
2025-03-04T14:13:33.602+09:00 DEBUG 9248 --- [    Test worker] org.hibernate.SQL                        : 
    insert 
    into
        theater_tb
        (cinema_id, create_time, name) 
    values
        (?, ?, ?)
Hibernate: 
    insert 
    into
        theater_tb
        (cinema_id, create_time, name) 
    values
        (?, ?, ?)
영화관 : 고양스타필드 |  상영관 : 상영관 55
2025-03-04T14:13:33.604+09:00 DEBUG 9248 --- [    Test worker] org.hibernate.SQL                        : 
    select
        te1_0.theater_id 
    from
        theater_tb te1_0 
    where
        te1_0.name=? 
        and te1_0.cinema_id=? 
    limit
        ?
Hibernate: 
    select
        te1_0.theater_id 
    from
        theater_tb te1_0 
    where
        te1_0.name=? 
        and te1_0.cinema_id=? 
    limit
        ?
2025-03-04T14:13:33.605+09:00 DEBUG 9248 --- [    Test worker] org.hibernate.SQL                        : 
    insert 
    into
        theater_tb
        (cinema_id, create_time, name) 
    values
        (?, ?, ?)
Hibernate: 
    insert 
    into
        theater_tb
        (cinema_id, create_time, name) 
    values
        (?, ?, ?)
영화관 : 고양스타필드 |  상영관 : 상영관 56
2025-03-04T14:13:33.608+09:00 DEBUG 9248 --- [    Test worker] org.hibernate.SQL                        : 
    select
        te1_0.theater_id 
    from
        theater_tb te1_0 
    where
        te1_0.name=? 
        and te1_0.cinema_id=? 
    limit
        ?
Hibernate: 
    select
        te1_0.theater_id 
    from
        theater_tb te1_0 
    where
        te1_0.name=? 
        and te1_0.cinema_id=? 
    limit
        ?
2025-03-04T14:13:33.609+09:00 DEBUG 9248 --- [    Test worker] org.hibernate.SQL                        : 
    insert 
    into
        theater_tb
        (cinema_id, create_time, name) 
    values
        (?, ?, ?)
Hibernate: 
    insert 
    into
        theater_tb
        (cinema_id, create_time, name) 
    values
        (?, ?, ?)
영화관 : 고양스타필드 |  상영관 : 상영관 57
2025-03-04T14:13:33.611+09:00 DEBUG 9248 --- [    Test worker] org.hibernate.SQL                        : 
    select
        te1_0.theater_id 
    from
        theater_tb te1_0 
    where
        te1_0.name=? 
        and te1_0.cinema_id=? 
    limit
        ?
Hibernate: 
    select
        te1_0.theater_id 
    from
        theater_tb te1_0 
    where
        te1_0.name=? 
        and te1_0.cinema_id=? 
    limit
        ?
2025-03-04T14:13:33.613+09:00 DEBUG 9248 --- [    Test worker] org.hibernate.SQL                        : 
    insert 
    into
        theater_tb
        (cinema_id, create_time, name) 
    values
        (?, ?, ?)
Hibernate: 
    insert 
    into
        theater_tb
        (cinema_id, create_time, name) 
    values
        (?, ?, ?)
영화관 : 고양스타필드 |  상영관 : 상영관 58
2025-03-04T14:13:33.615+09:00 DEBUG 9248 --- [    Test worker] org.hibernate.SQL                        : 
    select
        te1_0.theater_id 
    from
        theater_tb te1_0 
    where
        te1_0.name=? 
        and te1_0.cinema_id=? 
    limit
        ?
Hibernate: 
    select
        te1_0.theater_id 
    from
        theater_tb te1_0 
    where
        te1_0.name=? 
        and te1_0.cinema_id=? 
    limit
        ?
2025-03-04T14:13:33.616+09:00 DEBUG 9248 --- [    Test worker] org.hibernate.SQL                        : 
    insert 
    into
        theater_tb
        (cinema_id, create_time, name) 
    values
        (?, ?, ?)
Hibernate: 
    insert 
    into
        theater_tb
        (cinema_id, create_time, name) 
    values
        (?, ?, ?)
영화관 : 고양스타필드 |  상영관 : 상영관 59
2025-03-04T14:13:33.618+09:00 DEBUG 9248 --- [    Test worker] org.hibernate.SQL                        : 
    select
        te1_0.theater_id 
    from
        theater_tb te1_0 
    where
        te1_0.name=? 
        and te1_0.cinema_id=? 
    limit
        ?
Hibernate: 
    select
        te1_0.theater_id 
    from
        theater_tb te1_0 
    where
        te1_0.name=? 
        and te1_0.cinema_id=? 
    limit
        ?
2025-03-04T14:13:33.620+09:00 DEBUG 9248 --- [    Test worker] org.hibernate.SQL                        : 
    insert 
    into
        theater_tb
        (cinema_id, create_time, name) 
    values
        (?, ?, ?)
Hibernate: 
    insert 
    into
        theater_tb
        (cinema_id, create_time, name) 
    values
        (?, ?, ?)
영화관 : 고양스타필드 |  상영관 : 상영관 60
2025-03-04T14:13:33.622+09:00 DEBUG 9248 --- [    Test worker] org.hibernate.SQL                        : 
    select
        count(te1_0.theater_id) 
    from
        theater_tb te1_0 
    where
        te1_0.cinema_id=?
Hibernate: 
    select
        count(te1_0.theater_id) 
    from
        theater_tb te1_0 
    where
        te1_0.cinema_id=?
2025-03-04T14:13:33.624+09:00 DEBUG 9248 --- [    Test worker] org.hibernate.SQL                        : 
    select
        te1_0.theater_id 
    from
        theater_tb te1_0 
    where
        te1_0.name=? 
        and te1_0.cinema_id=? 
    limit
        ?
Hibernate: 
    select
        te1_0.theater_id 
    from
        theater_tb te1_0 
    where
        te1_0.name=? 
        and te1_0.cinema_id=? 
    limit
        ?
2025-03-04T14:13:33.626+09:00 DEBUG 9248 --- [    Test worker] org.hibernate.SQL                        : 
    insert 
    into
        theater_tb
        (cinema_id, create_time, name) 
    values
        (?, ?, ?)
Hibernate: 
    insert 
    into
        theater_tb
        (cinema_id, create_time, name) 
    values
        (?, ?, ?)
영화관 : 광명AK플라자 |  상영관 : 상영관 51
2025-03-04T14:13:33.628+09:00 DEBUG 9248 --- [    Test worker] org.hibernate.SQL                        : 
    select
        te1_0.theater_id 
    from
        theater_tb te1_0 
    where
        te1_0.name=? 
        and te1_0.cinema_id=? 
    limit
        ?
Hibernate: 
    select
        te1_0.theater_id 
    from
        theater_tb te1_0 
    where
        te1_0.name=? 
        and te1_0.cinema_id=? 
    limit
        ?
2025-03-04T14:13:33.629+09:00 DEBUG 9248 --- [    Test worker] org.hibernate.SQL                        : 
    insert 
    into
        theater_tb
        (cinema_id, create_time, name) 
    values
        (?, ?, ?)
Hibernate: 
    insert 
    into
        theater_tb
        (cinema_id, create_time, name) 
    values
        (?, ?, ?)
영화관 : 광명AK플라자 |  상영관 : 상영관 52
2025-03-04T14:13:33.631+09:00 DEBUG 9248 --- [    Test worker] org.hibernate.SQL                        : 
    select
        te1_0.theater_id 
    from
        theater_tb te1_0 
    where
        te1_0.name=? 
        and te1_0.cinema_id=? 
    limit
        ?
Hibernate: 
    select
        te1_0.theater_id 
    from
        theater_tb te1_0 
    where
        te1_0.name=? 
        and te1_0.cinema_id=? 
    limit
        ?
2025-03-04T14:13:33.633+09:00 DEBUG 9248 --- [    Test worker] org.hibernate.SQL                        : 
    insert 
    into
        theater_tb
        (cinema_id, create_time, name) 
    values
        (?, ?, ?)
Hibernate: 
    insert 
    into
        theater_tb
        (cinema_id, create_time, name) 
    values
        (?, ?, ?)
영화관 : 광명AK플라자 |  상영관 : 상영관 53
2025-03-04T14:13:33.635+09:00 DEBUG 9248 --- [    Test worker] org.hibernate.SQL                        : 
    select
        te1_0.theater_id 
    from
        theater_tb te1_0 
    where
        te1_0.name=? 
        and te1_0.cinema_id=? 
    limit
        ?
Hibernate: 
    select
        te1_0.theater_id 
    from
        theater_tb te1_0 
    where
        te1_0.name=? 
        and te1_0.cinema_id=? 
    limit
        ?
2025-03-04T14:13:33.636+09:00 DEBUG 9248 --- [    Test worker] org.hibernate.SQL                        : 
    insert 
    into
        theater_tb
        (cinema_id, create_time, name) 
    values
        (?, ?, ?)
Hibernate: 
    insert 
    into
        theater_tb
        (cinema_id, create_time, name) 
    values
        (?, ?, ?)
영화관 : 광명AK플라자 |  상영관 : 상영관 54
2025-03-04T14:13:33.638+09:00 DEBUG 9248 --- [    Test worker] org.hibernate.SQL                        : 
    select
        te1_0.theater_id 
    from
        theater_tb te1_0 
    where
        te1_0.name=? 
        and te1_0.cinema_id=? 
    limit
        ?
Hibernate: 
    select
        te1_0.theater_id 
    from
        theater_tb te1_0 
    where
        te1_0.name=? 
        and te1_0.cinema_id=? 
    limit
        ?
2025-03-04T14:13:33.640+09:00 DEBUG 9248 --- [    Test worker] org.hibernate.SQL                        : 
    insert 
    into
        theater_tb
        (cinema_id, create_time, name) 
    values
        (?, ?, ?)
Hibernate: 
    insert 
    into
        theater_tb
        (cinema_id, create_time, name) 
    values
        (?, ?, ?)
영화관 : 광명AK플라자 |  상영관 : 상영관 55
2025-03-04T14:13:33.644+09:00 DEBUG 9248 --- [    Test worker] org.hibernate.SQL                        : 
    select
        te1_0.theater_id 
    from
        theater_tb te1_0 
    where
        te1_0.name=? 
        and te1_0.cinema_id=? 
    limit
        ?
Hibernate: 
    select
        te1_0.theater_id 
    from
        theater_tb te1_0 
    where
        te1_0.name=? 
        and te1_0.cinema_id=? 
    limit
        ?
2025-03-04T14:13:33.645+09:00 DEBUG 9248 --- [    Test worker] org.hibernate.SQL                        : 
    insert 
    into
        theater_tb
        (cinema_id, create_time, name) 
    values
        (?, ?, ?)
Hibernate: 
    insert 
    into
        theater_tb
        (cinema_id, create_time, name) 
    values
        (?, ?, ?)
영화관 : 광명AK플라자 |  상영관 : 상영관 56
2025-03-04T14:13:33.648+09:00 DEBUG 9248 --- [    Test worker] org.hibernate.SQL                        : 
    select
        te1_0.theater_id 
    from
        theater_tb te1_0 
    where
        te1_0.name=? 
        and te1_0.cinema_id=? 
    limit
        ?
Hibernate: 
    select
        te1_0.theater_id 
    from
        theater_tb te1_0 
    where
        te1_0.name=? 
        and te1_0.cinema_id=? 
    limit
        ?
2025-03-04T14:13:33.649+09:00 DEBUG 9248 --- [    Test worker] org.hibernate.SQL                        : 
    insert 
    into
        theater_tb
        (cinema_id, create_time, name) 
    values
        (?, ?, ?)
Hibernate: 
    insert 
    into
        theater_tb
        (cinema_id, create_time, name) 
    values
        (?, ?, ?)
영화관 : 광명AK플라자 |  상영관 : 상영관 57
2025-03-04T14:13:33.651+09:00 DEBUG 9248 --- [    Test worker] org.hibernate.SQL                        : 
    select
        te1_0.theater_id 
    from
        theater_tb te1_0 
    where
        te1_0.name=? 
        and te1_0.cinema_id=? 
    limit
        ?
Hibernate: 
    select
        te1_0.theater_id 
    from
        theater_tb te1_0 
    where
        te1_0.name=? 
        and te1_0.cinema_id=? 
    limit
        ?
2025-03-04T14:13:33.654+09:00 DEBUG 9248 --- [    Test worker] org.hibernate.SQL                        : 
    insert 
    into
        theater_tb
        (cinema_id, create_time, name) 
    values
        (?, ?, ?)
Hibernate: 
    insert 
    into
        theater_tb
        (cinema_id, create_time, name) 
    values
        (?, ?, ?)
영화관 : 광명AK플라자 |  상영관 : 상영관 58
2025-03-04T14:13:33.657+09:00 DEBUG 9248 --- [    Test worker] org.hibernate.SQL                        : 
    select
        te1_0.theater_id 
    from
        theater_tb te1_0 
    where
        te1_0.name=? 
        and te1_0.cinema_id=? 
    limit
        ?
Hibernate: 
    select
        te1_0.theater_id 
    from
        theater_tb te1_0 
    where
        te1_0.name=? 
        and te1_0.cinema_id=? 
    limit
        ?
2025-03-04T14:13:33.658+09:00 DEBUG 9248 --- [    Test worker] org.hibernate.SQL                        : 
    insert 
    into
        theater_tb
        (cinema_id, create_time, name) 
    values
        (?, ?, ?)
Hibernate: 
    insert 
    into
        theater_tb
        (cinema_id, create_time, name) 
    values
        (?, ?, ?)
영화관 : 광명AK플라자 |  상영관 : 상영관 59
2025-03-04T14:13:33.660+09:00 DEBUG 9248 --- [    Test worker] org.hibernate.SQL                        : 
    select
        te1_0.theater_id 
    from
        theater_tb te1_0 
    where
        te1_0.name=? 
        and te1_0.cinema_id=? 
    limit
        ?
Hibernate: 
    select
        te1_0.theater_id 
    from
        theater_tb te1_0 
    where
        te1_0.name=? 
        and te1_0.cinema_id=? 
    limit
        ?
2025-03-04T14:13:33.661+09:00 DEBUG 9248 --- [    Test worker] org.hibernate.SQL                        : 
    insert 
    into
        theater_tb
        (cinema_id, create_time, name) 
    values
        (?, ?, ?)
Hibernate: 
    insert 
    into
        theater_tb
        (cinema_id, create_time, name) 
    values
        (?, ?, ?)
영화관 : 광명AK플라자 |  상영관 : 상영관 60
2025-03-04T14:13:33.663+09:00 DEBUG 9248 --- [    Test worker] org.hibernate.SQL                        : 
    select
        count(te1_0.theater_id) 
    from
        theater_tb te1_0 
    where
        te1_0.cinema_id=?
Hibernate: 
    select
        count(te1_0.theater_id) 
    from
        theater_tb te1_0 
    where
        te1_0.cinema_id=?
2025-03-04T14:13:33.665+09:00 DEBUG 9248 --- [    Test worker] org.hibernate.SQL                        : 
    select
        te1_0.theater_id 
    from
        theater_tb te1_0 
    where
        te1_0.name=? 
        and te1_0.cinema_id=? 
    limit
        ?
Hibernate: 
    select
        te1_0.theater_id 
    from
        theater_tb te1_0 
    where
        te1_0.name=? 
        and te1_0.cinema_id=? 
    limit
        ?
2025-03-04T14:13:33.667+09:00 DEBUG 9248 --- [    Test worker] org.hibernate.SQL                        : 
    insert 
    into
        theater_tb
        (cinema_id, create_time, name) 
    values
        (?, ?, ?)
Hibernate: 
    insert 
    into
        theater_tb
        (cinema_id, create_time, name) 
    values
        (?, ?, ?)
영화관 : 광명소하 |  상영관 : 상영관 51
2025-03-04T14:13:33.670+09:00 DEBUG 9248 --- [    Test worker] org.hibernate.SQL                        : 
    select
        te1_0.theater_id 
    from
        theater_tb te1_0 
    where
        te1_0.name=? 
        and te1_0.cinema_id=? 
    limit
        ?
Hibernate: 
    select
        te1_0.theater_id 
    from
        theater_tb te1_0 
    where
        te1_0.name=? 
        and te1_0.cinema_id=? 
    limit
        ?
2025-03-04T14:13:33.671+09:00 DEBUG 9248 --- [    Test worker] org.hibernate.SQL                        : 
    insert 
    into
        theater_tb
        (cinema_id, create_time, name) 
    values
        (?, ?, ?)
Hibernate: 
    insert 
    into
        theater_tb
        (cinema_id, create_time, name) 
    values
        (?, ?, ?)
영화관 : 광명소하 |  상영관 : 상영관 52
2025-03-04T14:13:33.673+09:00 DEBUG 9248 --- [    Test worker] org.hibernate.SQL                        : 
    select
        te1_0.theater_id 
    from
        theater_tb te1_0 
    where
        te1_0.name=? 
        and te1_0.cinema_id=? 
    limit
        ?
Hibernate: 
    select
        te1_0.theater_id 
    from
        theater_tb te1_0 
    where
        te1_0.name=? 
        and te1_0.cinema_id=? 
    limit
        ?
2025-03-04T14:13:33.674+09:00 DEBUG 9248 --- [    Test worker] org.hibernate.SQL                        : 
    insert 
    into
        theater_tb
        (cinema_id, create_time, name) 
    values
        (?, ?, ?)
Hibernate: 
    insert 
    into
        theater_tb
        (cinema_id, create_time, name) 
    values
        (?, ?, ?)
영화관 : 광명소하 |  상영관 : 상영관 53
2025-03-04T14:13:33.676+09:00 DEBUG 9248 --- [    Test worker] org.hibernate.SQL                        : 
    select
        te1_0.theater_id 
    from
        theater_tb te1_0 
    where
        te1_0.name=? 
        and te1_0.cinema_id=? 
    limit
        ?
Hibernate: 
    select
        te1_0.theater_id 
    from
        theater_tb te1_0 
    where
        te1_0.name=? 
        and te1_0.cinema_id=? 
    limit
        ?
2025-03-04T14:13:33.677+09:00 DEBUG 9248 --- [    Test worker] org.hibernate.SQL                        : 
    insert 
    into
        theater_tb
        (cinema_id, create_time, name) 
    values
        (?, ?, ?)
Hibernate: 
    insert 
    into
        theater_tb
        (cinema_id, create_time, name) 
    values
        (?, ?, ?)
영화관 : 광명소하 |  상영관 : 상영관 54
2025-03-04T14:13:33.679+09:00 DEBUG 9248 --- [    Test worker] org.hibernate.SQL                        : 
    select
        te1_0.theater_id 
    from
        theater_tb te1_0 
    where
        te1_0.name=? 
        and te1_0.cinema_id=? 
    limit
        ?
Hibernate: 
    select
        te1_0.theater_id 
    from
        theater_tb te1_0 
    where
        te1_0.name=? 
        and te1_0.cinema_id=? 
    limit
        ?
2025-03-04T14:13:33.680+09:00 DEBUG 9248 --- [    Test worker] org.hibernate.SQL                        : 
    insert 
    into
        theater_tb
        (cinema_id, create_time, name) 
    values
        (?, ?, ?)
Hibernate: 
    insert 
    into
        theater_tb
        (cinema_id, create_time, name) 
    values
        (?, ?, ?)
영화관 : 광명소하 |  상영관 : 상영관 55
2025-03-04T14:13:33.682+09:00 DEBUG 9248 --- [    Test worker] org.hibernate.SQL                        : 
    select
        te1_0.theater_id 
    from
        theater_tb te1_0 
    where
        te1_0.name=? 
        and te1_0.cinema_id=? 
    limit
        ?
Hibernate: 
    select
        te1_0.theater_id 
    from
        theater_tb te1_0 
    where
        te1_0.name=? 
        and te1_0.cinema_id=? 
    limit
        ?
2025-03-04T14:13:33.683+09:00 DEBUG 9248 --- [    Test worker] org.hibernate.SQL                        : 
    insert 
    into
        theater_tb
        (cinema_id, create_time, name) 
    values
        (?, ?, ?)
Hibernate: 
    insert 
    into
        theater_tb
        (cinema_id, create_time, name) 
    values
        (?, ?, ?)
영화관 : 광명소하 |  상영관 : 상영관 56
2025-03-04T14:13:33.685+09:00 DEBUG 9248 --- [    Test worker] org.hibernate.SQL                        : 
    select
        te1_0.theater_id 
    from
        theater_tb te1_0 
    where
        te1_0.name=? 
        and te1_0.cinema_id=? 
    limit
        ?
Hibernate: 
    select
        te1_0.theater_id 
    from
        theater_tb te1_0 
    where
        te1_0.name=? 
        and te1_0.cinema_id=? 
    limit
        ?
2025-03-04T14:13:33.688+09:00 DEBUG 9248 --- [    Test worker] org.hibernate.SQL                        : 
    insert 
    into
        theater_tb
        (cinema_id, create_time, name) 
    values
        (?, ?, ?)
Hibernate: 
    insert 
    into
        theater_tb
        (cinema_id, create_time, name) 
    values
        (?, ?, ?)
영화관 : 광명소하 |  상영관 : 상영관 57
2025-03-04T14:13:33.691+09:00 DEBUG 9248 --- [    Test worker] org.hibernate.SQL                        : 
    select
        te1_0.theater_id 
    from
        theater_tb te1_0 
    where
        te1_0.name=? 
        and te1_0.cinema_id=? 
    limit
        ?
Hibernate: 
    select
        te1_0.theater_id 
    from
        theater_tb te1_0 
    where
        te1_0.name=? 
        and te1_0.cinema_id=? 
    limit
        ?
2025-03-04T14:13:33.692+09:00 DEBUG 9248 --- [    Test worker] org.hibernate.SQL                        : 
    insert 
    into
        theater_tb
        (cinema_id, create_time, name) 
    values
        (?, ?, ?)
Hibernate: 
    insert 
    into
        theater_tb
        (cinema_id, create_time, name) 
    values
        (?, ?, ?)
영화관 : 광명소하 |  상영관 : 상영관 58
2025-03-04T14:13:33.694+09:00 DEBUG 9248 --- [    Test worker] org.hibernate.SQL                        : 
    select
        te1_0.theater_id 
    from
        theater_tb te1_0 
    where
        te1_0.name=? 
        and te1_0.cinema_id=? 
    limit
        ?
Hibernate: 
    select
        te1_0.theater_id 
    from
        theater_tb te1_0 
    where
        te1_0.name=? 
        and te1_0.cinema_id=? 
    limit
        ?
2025-03-04T14:13:33.696+09:00 DEBUG 9248 --- [    Test worker] org.hibernate.SQL                        : 
    insert 
    into
        theater_tb
        (cinema_id, create_time, name) 
    values
        (?, ?, ?)
Hibernate: 
    insert 
    into
        theater_tb
        (cinema_id, create_time, name) 
    values
        (?, ?, ?)
영화관 : 광명소하 |  상영관 : 상영관 59
2025-03-04T14:13:33.698+09:00 DEBUG 9248 --- [    Test worker] org.hibernate.SQL                        : 
    select
        te1_0.theater_id 
    from
        theater_tb te1_0 
    where
        te1_0.name=? 
        and te1_0.cinema_id=? 
    limit
        ?
Hibernate: 
    select
        te1_0.theater_id 
    from
        theater_tb te1_0 
    where
        te1_0.name=? 
        and te1_0.cinema_id=? 
    limit
        ?
2025-03-04T14:13:33.699+09:00 DEBUG 9248 --- [    Test worker] org.hibernate.SQL                        : 
    insert 
    into
        theater_tb
        (cinema_id, create_time, name) 
    values
        (?, ?, ?)
Hibernate: 
    insert 
    into
        theater_tb
        (cinema_id, create_time, name) 
    values
        (?, ?, ?)
영화관 : 광명소하 |  상영관 : 상영관 60
2025-03-04T14:13:33.701+09:00 DEBUG 9248 --- [    Test worker] org.hibernate.SQL                        : 
    select
        count(te1_0.theater_id) 
    from
        theater_tb te1_0 
    where
        te1_0.cinema_id=?
Hibernate: 
    select
        count(te1_0.theater_id) 
    from
        theater_tb te1_0 
    where
        te1_0.cinema_id=?
2025-03-04T14:13:33.704+09:00 DEBUG 9248 --- [    Test worker] org.hibernate.SQL                        : 
    select
        te1_0.theater_id 
    from
        theater_tb te1_0 
    where
        te1_0.name=? 
        and te1_0.cinema_id=? 
    limit
        ?
Hibernate: 
    select
        te1_0.theater_id 
    from
        theater_tb te1_0 
    where
        te1_0.name=? 
        and te1_0.cinema_id=? 
    limit
        ?
2025-03-04T14:13:33.706+09:00 DEBUG 9248 --- [    Test worker] org.hibernate.SQL                        : 
    insert 
    into
        theater_tb
        (cinema_id, create_time, name) 
    values
        (?, ?, ?)
Hibernate: 
    insert 
    into
        theater_tb
        (cinema_id, create_time, name) 
    values
        (?, ?, ?)
영화관 : 금정AK플라자 |  상영관 : 상영관 51
2025-03-04T14:13:33.708+09:00 DEBUG 9248 --- [    Test worker] org.hibernate.SQL                        : 
    select
        te1_0.theater_id 
    from
        theater_tb te1_0 
    where
        te1_0.name=? 
        and te1_0.cinema_id=? 
    limit
        ?
Hibernate: 
    select
        te1_0.theater_id 
    from
        theater_tb te1_0 
    where
        te1_0.name=? 
        and te1_0.cinema_id=? 
    limit
        ?
2025-03-04T14:13:33.709+09:00 DEBUG 9248 --- [    Test worker] org.hibernate.SQL                        : 
    insert 
    into
        theater_tb
        (cinema_id, create_time, name) 
    values
        (?, ?, ?)
Hibernate: 
    insert 
    into
        theater_tb
        (cinema_id, create_time, name) 
    values
        (?, ?, ?)
영화관 : 금정AK플라자 |  상영관 : 상영관 52
2025-03-04T14:13:33.711+09:00 DEBUG 9248 --- [    Test worker] org.hibernate.SQL                        : 
    select
        te1_0.theater_id 
    from
        theater_tb te1_0 
    where
        te1_0.name=? 
        and te1_0.cinema_id=? 
    limit
        ?
Hibernate: 
    select
        te1_0.theater_id 
    from
        theater_tb te1_0 
    where
        te1_0.name=? 
        and te1_0.cinema_id=? 
    limit
        ?
2025-03-04T14:13:33.712+09:00 DEBUG 9248 --- [    Test worker] org.hibernate.SQL                        : 
    insert 
    into
        theater_tb
        (cinema_id, create_time, name) 
    values
        (?, ?, ?)
Hibernate: 
    insert 
    into
        theater_tb
        (cinema_id, create_time, name) 
    values
        (?, ?, ?)
영화관 : 금정AK플라자 |  상영관 : 상영관 53
2025-03-04T14:13:33.714+09:00 DEBUG 9248 --- [    Test worker] org.hibernate.SQL                        : 
    select
        te1_0.theater_id 
    from
        theater_tb te1_0 
    where
        te1_0.name=? 
        and te1_0.cinema_id=? 
    limit
        ?
Hibernate: 
    select
        te1_0.theater_id 
    from
        theater_tb te1_0 
    where
        te1_0.name=? 
        and te1_0.cinema_id=? 
    limit
        ?
2025-03-04T14:13:33.715+09:00 DEBUG 9248 --- [    Test worker] org.hibernate.SQL                        : 
    insert 
    into
        theater_tb
        (cinema_id, create_time, name) 
    values
        (?, ?, ?)
Hibernate: 
    insert 
    into
        theater_tb
        (cinema_id, create_time, name) 
    values
        (?, ?, ?)
영화관 : 금정AK플라자 |  상영관 : 상영관 54
2025-03-04T14:13:33.717+09:00 DEBUG 9248 --- [    Test worker] org.hibernate.SQL                        : 
    select
        te1_0.theater_id 
    from
        theater_tb te1_0 
    where
        te1_0.name=? 
        and te1_0.cinema_id=? 
    limit
        ?
Hibernate: 
    select
        te1_0.theater_id 
    from
        theater_tb te1_0 
    where
        te1_0.name=? 
        and te1_0.cinema_id=? 
    limit
        ?
2025-03-04T14:13:33.718+09:00 DEBUG 9248 --- [    Test worker] org.hibernate.SQL                        : 
    insert 
    into
        theater_tb
        (cinema_id, create_time, name) 
    values
        (?, ?, ?)
Hibernate: 
    insert 
    into
        theater_tb
        (cinema_id, create_time, name) 
    values
        (?, ?, ?)
영화관 : 금정AK플라자 |  상영관 : 상영관 55
2025-03-04T14:13:33.721+09:00 DEBUG 9248 --- [    Test worker] org.hibernate.SQL                        : 
    select
        te1_0.theater_id 
    from
        theater_tb te1_0 
    where
        te1_0.name=? 
        and te1_0.cinema_id=? 
    limit
        ?
Hibernate: 
    select
        te1_0.theater_id 
    from
        theater_tb te1_0 
    where
        te1_0.name=? 
        and te1_0.cinema_id=? 
    limit
        ?
2025-03-04T14:13:33.722+09:00 DEBUG 9248 --- [    Test worker] org.hibernate.SQL                        : 
    insert 
    into
        theater_tb
        (cinema_id, create_time, name) 
    values
        (?, ?, ?)
Hibernate: 
    insert 
    into
        theater_tb
        (cinema_id, create_time, name) 
    values
        (?, ?, ?)
영화관 : 금정AK플라자 |  상영관 : 상영관 56
2025-03-04T14:13:33.724+09:00 DEBUG 9248 --- [    Test worker] org.hibernate.SQL                        : 
    select
        te1_0.theater_id 
    from
        theater_tb te1_0 
    where
        te1_0.name=? 
        and te1_0.cinema_id=? 
    limit
        ?
Hibernate: 
    select
        te1_0.theater_id 
    from
        theater_tb te1_0 
    where
        te1_0.name=? 
        and te1_0.cinema_id=? 
    limit
        ?
2025-03-04T14:13:33.725+09:00 DEBUG 9248 --- [    Test worker] org.hibernate.SQL                        : 
    insert 
    into
        theater_tb
        (cinema_id, create_time, name) 
    values
        (?, ?, ?)
Hibernate: 
    insert 
    into
        theater_tb
        (cinema_id, create_time, name) 
    values
        (?, ?, ?)
영화관 : 금정AK플라자 |  상영관 : 상영관 57
2025-03-04T14:13:33.727+09:00 DEBUG 9248 --- [    Test worker] org.hibernate.SQL                        : 
    select
        te1_0.theater_id 
    from
        theater_tb te1_0 
    where
        te1_0.name=? 
        and te1_0.cinema_id=? 
    limit
        ?
Hibernate: 
    select
        te1_0.theater_id 
    from
        theater_tb te1_0 
    where
        te1_0.name=? 
        and te1_0.cinema_id=? 
    limit
        ?
2025-03-04T14:13:33.728+09:00 DEBUG 9248 --- [    Test worker] org.hibernate.SQL                        : 
    insert 
    into
        theater_tb
        (cinema_id, create_time, name) 
    values
        (?, ?, ?)
Hibernate: 
    insert 
    into
        theater_tb
        (cinema_id, create_time, name) 
    values
        (?, ?, ?)
영화관 : 금정AK플라자 |  상영관 : 상영관 58
2025-03-04T14:13:33.730+09:00 DEBUG 9248 --- [    Test worker] org.hibernate.SQL                        : 
    select
        te1_0.theater_id 
    from
        theater_tb te1_0 
    where
        te1_0.name=? 
        and te1_0.cinema_id=? 
    limit
        ?
Hibernate: 
    select
        te1_0.theater_id 
    from
        theater_tb te1_0 
    where
        te1_0.name=? 
        and te1_0.cinema_id=? 
    limit
        ?
2025-03-04T14:13:33.731+09:00 DEBUG 9248 --- [    Test worker] org.hibernate.SQL                        : 
    insert 
    into
        theater_tb
        (cinema_id, create_time, name) 
    values
        (?, ?, ?)
Hibernate: 
    insert 
    into
        theater_tb
        (cinema_id, create_time, name) 
    values
        (?, ?, ?)
영화관 : 금정AK플라자 |  상영관 : 상영관 59
2025-03-04T14:13:33.732+09:00 DEBUG 9248 --- [    Test worker] org.hibernate.SQL                        : 
    select
        te1_0.theater_id 
    from
        theater_tb te1_0 
    where
        te1_0.name=? 
        and te1_0.cinema_id=? 
    limit
        ?
Hibernate: 
    select
        te1_0.theater_id 
    from
        theater_tb te1_0 
    where
        te1_0.name=? 
        and te1_0.cinema_id=? 
    limit
        ?
2025-03-04T14:13:33.733+09:00 DEBUG 9248 --- [    Test worker] org.hibernate.SQL                        : 
    insert 
    into
        theater_tb
        (cinema_id, create_time, name) 
    values
        (?, ?, ?)
Hibernate: 
    insert 
    into
        theater_tb
        (cinema_id, create_time, name) 
    values
        (?, ?, ?)
영화관 : 금정AK플라자 |  상영관 : 상영관 60
2025-03-04T14:13:33.735+09:00 DEBUG 9248 --- [    Test worker] org.hibernate.SQL                        : 
    select
        count(te1_0.theater_id) 
    from
        theater_tb te1_0 
    where
        te1_0.cinema_id=?
Hibernate: 
    select
        count(te1_0.theater_id) 
    from
        theater_tb te1_0 
    where
        te1_0.cinema_id=?
2025-03-04T14:13:33.736+09:00 DEBUG 9248 --- [    Test worker] org.hibernate.SQL                        : 
    select
        te1_0.theater_id 
    from
        theater_tb te1_0 
    where
        te1_0.name=? 
        and te1_0.cinema_id=? 
    limit
        ?
Hibernate: 
    select
        te1_0.theater_id 
    from
        theater_tb te1_0 
    where
        te1_0.name=? 
        and te1_0.cinema_id=? 
    limit
        ?
2025-03-04T14:13:33.737+09:00 DEBUG 9248 --- [    Test worker] org.hibernate.SQL                        : 
    insert 
    into
        theater_tb
        (cinema_id, create_time, name) 
    values
        (?, ?, ?)
Hibernate: 
    insert 
    into
        theater_tb
        (cinema_id, create_time, name) 
    values
        (?, ?, ?)
영화관 : 광주상무 |  상영관 : 상영관 51
2025-03-04T14:13:33.739+09:00 DEBUG 9248 --- [    Test worker] org.hibernate.SQL                        : 
    select
        te1_0.theater_id 
    from
        theater_tb te1_0 
    where
        te1_0.name=? 
        and te1_0.cinema_id=? 
    limit
        ?
Hibernate: 
    select
        te1_0.theater_id 
    from
        theater_tb te1_0 
    where
        te1_0.name=? 
        and te1_0.cinema_id=? 
    limit
        ?
2025-03-04T14:13:33.740+09:00 DEBUG 9248 --- [    Test worker] org.hibernate.SQL                        : 
    insert 
    into
        theater_tb
        (cinema_id, create_time, name) 
    values
        (?, ?, ?)
Hibernate: 
    insert 
    into
        theater_tb
        (cinema_id, create_time, name) 
    values
        (?, ?, ?)
영화관 : 광주상무 |  상영관 : 상영관 52
2025-03-04T14:13:33.741+09:00 DEBUG 9248 --- [    Test worker] org.hibernate.SQL                        : 
    select
        te1_0.theater_id 
    from
        theater_tb te1_0 
    where
        te1_0.name=? 
        and te1_0.cinema_id=? 
    limit
        ?
Hibernate: 
    select
        te1_0.theater_id 
    from
        theater_tb te1_0 
    where
        te1_0.name=? 
        and te1_0.cinema_id=? 
    limit
        ?
2025-03-04T14:13:33.742+09:00 DEBUG 9248 --- [    Test worker] org.hibernate.SQL                        : 
    insert 
    into
        theater_tb
        (cinema_id, create_time, name) 
    values
        (?, ?, ?)
Hibernate: 
    insert 
    into
        theater_tb
        (cinema_id, create_time, name) 
    values
        (?, ?, ?)
영화관 : 광주상무 |  상영관 : 상영관 53
2025-03-04T14:13:33.743+09:00 DEBUG 9248 --- [    Test worker] org.hibernate.SQL                        : 
    select
        te1_0.theater_id 
    from
        theater_tb te1_0 
    where
        te1_0.name=? 
        and te1_0.cinema_id=? 
    limit
        ?
Hibernate: 
    select
        te1_0.theater_id 
    from
        theater_tb te1_0 
    where
        te1_0.name=? 
        and te1_0.cinema_id=? 
    limit
        ?
2025-03-04T14:13:33.744+09:00 DEBUG 9248 --- [    Test worker] org.hibernate.SQL                        : 
    insert 
    into
        theater_tb
        (cinema_id, create_time, name) 
    values
        (?, ?, ?)
Hibernate: 
    insert 
    into
        theater_tb
        (cinema_id, create_time, name) 
    values
        (?, ?, ?)
영화관 : 광주상무 |  상영관 : 상영관 54
2025-03-04T14:13:33.746+09:00 DEBUG 9248 --- [    Test worker] org.hibernate.SQL                        : 
    select
        te1_0.theater_id 
    from
        theater_tb te1_0 
    where
        te1_0.name=? 
        and te1_0.cinema_id=? 
    limit
        ?
Hibernate: 
    select
        te1_0.theater_id 
    from
        theater_tb te1_0 
    where
        te1_0.name=? 
        and te1_0.cinema_id=? 
    limit
        ?
2025-03-04T14:13:33.746+09:00 DEBUG 9248 --- [    Test worker] org.hibernate.SQL                        : 
    insert 
    into
        theater_tb
        (cinema_id, create_time, name) 
    values
        (?, ?, ?)
Hibernate: 
    insert 
    into
        theater_tb
        (cinema_id, create_time, name) 
    values
        (?, ?, ?)
영화관 : 광주상무 |  상영관 : 상영관 55
2025-03-04T14:13:33.748+09:00 DEBUG 9248 --- [    Test worker] org.hibernate.SQL                        : 
    select
        te1_0.theater_id 
    from
        theater_tb te1_0 
    where
        te1_0.name=? 
        and te1_0.cinema_id=? 
    limit
        ?
Hibernate: 
    select
        te1_0.theater_id 
    from
        theater_tb te1_0 
    where
        te1_0.name=? 
        and te1_0.cinema_id=? 
    limit
        ?
2025-03-04T14:13:33.749+09:00 DEBUG 9248 --- [    Test worker] org.hibernate.SQL                        : 
    insert 
    into
        theater_tb
        (cinema_id, create_time, name) 
    values
        (?, ?, ?)
Hibernate: 
    insert 
    into
        theater_tb
        (cinema_id, create_time, name) 
    values
        (?, ?, ?)
영화관 : 광주상무 |  상영관 : 상영관 56
2025-03-04T14:13:33.751+09:00 DEBUG 9248 --- [    Test worker] org.hibernate.SQL                        : 
    select
        te1_0.theater_id 
    from
        theater_tb te1_0 
    where
        te1_0.name=? 
        and te1_0.cinema_id=? 
    limit
        ?
Hibernate: 
    select
        te1_0.theater_id 
    from
        theater_tb te1_0 
    where
        te1_0.name=? 
        and te1_0.cinema_id=? 
    limit
        ?
2025-03-04T14:13:33.752+09:00 DEBUG 9248 --- [    Test worker] org.hibernate.SQL                        : 
    insert 
    into
        theater_tb
        (cinema_id, create_time, name) 
    values
        (?, ?, ?)
Hibernate: 
    insert 
    into
        theater_tb
        (cinema_id, create_time, name) 
    values
        (?, ?, ?)
영화관 : 광주상무 |  상영관 : 상영관 57
2025-03-04T14:13:33.753+09:00 DEBUG 9248 --- [    Test worker] org.hibernate.SQL                        : 
    select
        te1_0.theater_id 
    from
        theater_tb te1_0 
    where
        te1_0.name=? 
        and te1_0.cinema_id=? 
    limit
        ?
Hibernate: 
    select
        te1_0.theater_id 
    from
        theater_tb te1_0 
    where
        te1_0.name=? 
        and te1_0.cinema_id=? 
    limit
        ?
2025-03-04T14:13:33.754+09:00 DEBUG 9248 --- [    Test worker] org.hibernate.SQL                        : 
    insert 
    into
        theater_tb
        (cinema_id, create_time, name) 
    values
        (?, ?, ?)
Hibernate: 
    insert 
    into
        theater_tb
        (cinema_id, create_time, name) 
    values
        (?, ?, ?)
영화관 : 광주상무 |  상영관 : 상영관 58
2025-03-04T14:13:33.756+09:00 DEBUG 9248 --- [    Test worker] org.hibernate.SQL                        : 
    select
        te1_0.theater_id 
    from
        theater_tb te1_0 
    where
        te1_0.name=? 
        and te1_0.cinema_id=? 
    limit
        ?
Hibernate: 
    select
        te1_0.theater_id 
    from
        theater_tb te1_0 
    where
        te1_0.name=? 
        and te1_0.cinema_id=? 
    limit
        ?
2025-03-04T14:13:33.757+09:00 DEBUG 9248 --- [    Test worker] org.hibernate.SQL                        : 
    insert 
    into
        theater_tb
        (cinema_id, create_time, name) 
    values
        (?, ?, ?)
Hibernate: 
    insert 
    into
        theater_tb
        (cinema_id, create_time, name) 
    values
        (?, ?, ?)
영화관 : 광주상무 |  상영관 : 상영관 59
2025-03-04T14:13:33.759+09:00 DEBUG 9248 --- [    Test worker] org.hibernate.SQL                        : 
    select
        te1_0.theater_id 
    from
        theater_tb te1_0 
    where
        te1_0.name=? 
        and te1_0.cinema_id=? 
    limit
        ?
Hibernate: 
    select
        te1_0.theater_id 
    from
        theater_tb te1_0 
    where
        te1_0.name=? 
        and te1_0.cinema_id=? 
    limit
        ?
2025-03-04T14:13:33.760+09:00 DEBUG 9248 --- [    Test worker] org.hibernate.SQL                        : 
    insert 
    into
        theater_tb
        (cinema_id, create_time, name) 
    values
        (?, ?, ?)
Hibernate: 
    insert 
    into
        theater_tb
        (cinema_id, create_time, name) 
    values
        (?, ?, ?)
영화관 : 광주상무 |  상영관 : 상영관 60
2025-03-04T14:13:33.762+09:00 DEBUG 9248 --- [    Test worker] org.hibernate.SQL                        : 
    select
        count(te1_0.theater_id) 
    from
        theater_tb te1_0 
    where
        te1_0.cinema_id=?
Hibernate: 
    select
        count(te1_0.theater_id) 
    from
        theater_tb te1_0 
    where
        te1_0.cinema_id=?
2025-03-04T14:13:33.764+09:00 DEBUG 9248 --- [    Test worker] org.hibernate.SQL                        : 
    select
        te1_0.theater_id 
    from
        theater_tb te1_0 
    where
        te1_0.name=? 
        and te1_0.cinema_id=? 
    limit
        ?
Hibernate: 
    select
        te1_0.theater_id 
    from
        theater_tb te1_0 
    where
        te1_0.name=? 
        and te1_0.cinema_id=? 
    limit
        ?
2025-03-04T14:13:33.765+09:00 DEBUG 9248 --- [    Test worker] org.hibernate.SQL                        : 
    insert 
    into
        theater_tb
        (cinema_id, create_time, name) 
    values
        (?, ?, ?)
Hibernate: 
    insert 
    into
        theater_tb
        (cinema_id, create_time, name) 
    values
        (?, ?, ?)
영화관 : 광주하남 |  상영관 : 상영관 51
2025-03-04T14:13:33.767+09:00 DEBUG 9248 --- [    Test worker] org.hibernate.SQL                        : 
    select
        te1_0.theater_id 
    from
        theater_tb te1_0 
    where
        te1_0.name=? 
        and te1_0.cinema_id=? 
    limit
        ?
Hibernate: 
    select
        te1_0.theater_id 
    from
        theater_tb te1_0 
    where
        te1_0.name=? 
        and te1_0.cinema_id=? 
    limit
        ?
2025-03-04T14:13:33.767+09:00 DEBUG 9248 --- [    Test worker] org.hibernate.SQL                        : 
    insert 
    into
        theater_tb
        (cinema_id, create_time, name) 
    values
        (?, ?, ?)
Hibernate: 
    insert 
    into
        theater_tb
        (cinema_id, create_time, name) 
    values
        (?, ?, ?)
영화관 : 광주하남 |  상영관 : 상영관 52
2025-03-04T14:13:33.769+09:00 DEBUG 9248 --- [    Test worker] org.hibernate.SQL                        : 
    select
        te1_0.theater_id 
    from
        theater_tb te1_0 
    where
        te1_0.name=? 
        and te1_0.cinema_id=? 
    limit
        ?
Hibernate: 
    select
        te1_0.theater_id 
    from
        theater_tb te1_0 
    where
        te1_0.name=? 
        and te1_0.cinema_id=? 
    limit
        ?
2025-03-04T14:13:33.771+09:00 DEBUG 9248 --- [    Test worker] org.hibernate.SQL                        : 
    insert 
    into
        theater_tb
        (cinema_id, create_time, name) 
    values
        (?, ?, ?)
Hibernate: 
    insert 
    into
        theater_tb
        (cinema_id, create_time, name) 
    values
        (?, ?, ?)
영화관 : 광주하남 |  상영관 : 상영관 53
2025-03-04T14:13:33.771+09:00 DEBUG 9248 --- [    Test worker] org.hibernate.SQL                        : 
    select
        te1_0.theater_id 
    from
        theater_tb te1_0 
    where
        te1_0.name=? 
        and te1_0.cinema_id=? 
    limit
        ?
Hibernate: 
    select
        te1_0.theater_id 
    from
        theater_tb te1_0 
    where
        te1_0.name=? 
        and te1_0.cinema_id=? 
    limit
        ?
2025-03-04T14:13:33.772+09:00 DEBUG 9248 --- [    Test worker] org.hibernate.SQL                        : 
    insert 
    into
        theater_tb
        (cinema_id, create_time, name) 
    values
        (?, ?, ?)
Hibernate: 
    insert 
    into
        theater_tb
        (cinema_id, create_time, name) 
    values
        (?, ?, ?)
영화관 : 광주하남 |  상영관 : 상영관 54
2025-03-04T14:13:33.775+09:00 DEBUG 9248 --- [    Test worker] org.hibernate.SQL                        : 
    select
        te1_0.theater_id 
    from
        theater_tb te1_0 
    where
        te1_0.name=? 
        and te1_0.cinema_id=? 
    limit
        ?
Hibernate: 
    select
        te1_0.theater_id 
    from
        theater_tb te1_0 
    where
        te1_0.name=? 
        and te1_0.cinema_id=? 
    limit
        ?
2025-03-04T14:13:33.775+09:00 DEBUG 9248 --- [    Test worker] org.hibernate.SQL                        : 
    insert 
    into
        theater_tb
        (cinema_id, create_time, name) 
    values
        (?, ?, ?)
Hibernate: 
    insert 
    into
        theater_tb
        (cinema_id, create_time, name) 
    values
        (?, ?, ?)
영화관 : 광주하남 |  상영관 : 상영관 55
2025-03-04T14:13:33.777+09:00 DEBUG 9248 --- [    Test worker] org.hibernate.SQL                        : 
    select
        te1_0.theater_id 
    from
        theater_tb te1_0 
    where
        te1_0.name=? 
        and te1_0.cinema_id=? 
    limit
        ?
Hibernate: 
    select
        te1_0.theater_id 
    from
        theater_tb te1_0 
    where
        te1_0.name=? 
        and te1_0.cinema_id=? 
    limit
        ?
2025-03-04T14:13:33.779+09:00 DEBUG 9248 --- [    Test worker] org.hibernate.SQL                        : 
    insert 
    into
        theater_tb
        (cinema_id, create_time, name) 
    values
        (?, ?, ?)
Hibernate: 
    insert 
    into
        theater_tb
        (cinema_id, create_time, name) 
    values
        (?, ?, ?)
영화관 : 광주하남 |  상영관 : 상영관 56
2025-03-04T14:13:33.781+09:00 DEBUG 9248 --- [    Test worker] org.hibernate.SQL                        : 
    select
        te1_0.theater_id 
    from
        theater_tb te1_0 
    where
        te1_0.name=? 
        and te1_0.cinema_id=? 
    limit
        ?
Hibernate: 
    select
        te1_0.theater_id 
    from
        theater_tb te1_0 
    where
        te1_0.name=? 
        and te1_0.cinema_id=? 
    limit
        ?
2025-03-04T14:13:33.782+09:00 DEBUG 9248 --- [    Test worker] org.hibernate.SQL                        : 
    insert 
    into
        theater_tb
        (cinema_id, create_time, name) 
    values
        (?, ?, ?)
Hibernate: 
    insert 
    into
        theater_tb
        (cinema_id, create_time, name) 
    values
        (?, ?, ?)
영화관 : 광주하남 |  상영관 : 상영관 57
2025-03-04T14:13:33.784+09:00 DEBUG 9248 --- [    Test worker] org.hibernate.SQL                        : 
    select
        te1_0.theater_id 
    from
        theater_tb te1_0 
    where
        te1_0.name=? 
        and te1_0.cinema_id=? 
    limit
        ?
Hibernate: 
    select
        te1_0.theater_id 
    from
        theater_tb te1_0 
    where
        te1_0.name=? 
        and te1_0.cinema_id=? 
    limit
        ?
2025-03-04T14:13:33.786+09:00 DEBUG 9248 --- [    Test worker] org.hibernate.SQL                        : 
    insert 
    into
        theater_tb
        (cinema_id, create_time, name) 
    values
        (?, ?, ?)
Hibernate: 
    insert 
    into
        theater_tb
        (cinema_id, create_time, name) 
    values
        (?, ?, ?)
영화관 : 광주하남 |  상영관 : 상영관 58
2025-03-04T14:13:33.788+09:00 DEBUG 9248 --- [    Test worker] org.hibernate.SQL                        : 
    select
        te1_0.theater_id 
    from
        theater_tb te1_0 
    where
        te1_0.name=? 
        and te1_0.cinema_id=? 
    limit
        ?
Hibernate: 
    select
        te1_0.theater_id 
    from
        theater_tb te1_0 
    where
        te1_0.name=? 
        and te1_0.cinema_id=? 
    limit
        ?
2025-03-04T14:13:33.789+09:00 DEBUG 9248 --- [    Test worker] org.hibernate.SQL                        : 
    insert 
    into
        theater_tb
        (cinema_id, create_time, name) 
    values
        (?, ?, ?)
Hibernate: 
    insert 
    into
        theater_tb
        (cinema_id, create_time, name) 
    values
        (?, ?, ?)
영화관 : 광주하남 |  상영관 : 상영관 59
2025-03-04T14:13:33.791+09:00 DEBUG 9248 --- [    Test worker] org.hibernate.SQL                        : 
    select
        te1_0.theater_id 
    from
        theater_tb te1_0 
    where
        te1_0.name=? 
        and te1_0.cinema_id=? 
    limit
        ?
Hibernate: 
    select
        te1_0.theater_id 
    from
        theater_tb te1_0 
    where
        te1_0.name=? 
        and te1_0.cinema_id=? 
    limit
        ?
2025-03-04T14:13:33.793+09:00 DEBUG 9248 --- [    Test worker] org.hibernate.SQL                        : 
    insert 
    into
        theater_tb
        (cinema_id, create_time, name) 
    values
        (?, ?, ?)
Hibernate: 
    insert 
    into
        theater_tb
        (cinema_id, create_time, name) 
    values
        (?, ?, ?)
영화관 : 광주하남 |  상영관 : 상영관 60
2025-03-04T14:13:33.795+09:00 DEBUG 9248 --- [    Test worker] org.hibernate.SQL                        : 
    select
        count(te1_0.theater_id) 
    from
        theater_tb te1_0 
    where
        te1_0.cinema_id=?
Hibernate: 
    select
        count(te1_0.theater_id) 
    from
        theater_tb te1_0 
    where
        te1_0.cinema_id=?
2025-03-04T14:13:33.797+09:00 DEBUG 9248 --- [    Test worker] org.hibernate.SQL                        : 
    select
        te1_0.theater_id 
    from
        theater_tb te1_0 
    where
        te1_0.name=? 
        and te1_0.cinema_id=? 
    limit
        ?
Hibernate: 
    select
        te1_0.theater_id 
    from
        theater_tb te1_0 
    where
        te1_0.name=? 
        and te1_0.cinema_id=? 
    limit
        ?
2025-03-04T14:13:33.798+09:00 DEBUG 9248 --- [    Test worker] org.hibernate.SQL                        : 
    insert 
    into
        theater_tb
        (cinema_id, create_time, name) 
    values
        (?, ?, ?)
Hibernate: 
    insert 
    into
        theater_tb
        (cinema_id, create_time, name) 
    values
        (?, ?, ?)
영화관 : 목포하당(포르모) |  상영관 : 상영관 51
2025-03-04T14:13:33.801+09:00 DEBUG 9248 --- [    Test worker] org.hibernate.SQL                        : 
    select
        te1_0.theater_id 
    from
        theater_tb te1_0 
    where
        te1_0.name=? 
        and te1_0.cinema_id=? 
    limit
        ?
Hibernate: 
    select
        te1_0.theater_id 
    from
        theater_tb te1_0 
    where
        te1_0.name=? 
        and te1_0.cinema_id=? 
    limit
        ?
2025-03-04T14:13:33.802+09:00 DEBUG 9248 --- [    Test worker] org.hibernate.SQL                        : 
    insert 
    into
        theater_tb
        (cinema_id, create_time, name) 
    values
        (?, ?, ?)
Hibernate: 
    insert 
    into
        theater_tb
        (cinema_id, create_time, name) 
    values
        (?, ?, ?)
영화관 : 목포하당(포르모) |  상영관 : 상영관 52
2025-03-04T14:13:33.804+09:00 DEBUG 9248 --- [    Test worker] org.hibernate.SQL                        : 
    select
        te1_0.theater_id 
    from
        theater_tb te1_0 
    where
        te1_0.name=? 
        and te1_0.cinema_id=? 
    limit
        ?
Hibernate: 
    select
        te1_0.theater_id 
    from
        theater_tb te1_0 
    where
        te1_0.name=? 
        and te1_0.cinema_id=? 
    limit
        ?
2025-03-04T14:13:33.806+09:00 DEBUG 9248 --- [    Test worker] org.hibernate.SQL                        : 
    insert 
    into
        theater_tb
        (cinema_id, create_time, name) 
    values
        (?, ?, ?)
Hibernate: 
    insert 
    into
        theater_tb
        (cinema_id, create_time, name) 
    values
        (?, ?, ?)
영화관 : 목포하당(포르모) |  상영관 : 상영관 53
2025-03-04T14:13:33.808+09:00 DEBUG 9248 --- [    Test worker] org.hibernate.SQL                        : 
    select
        te1_0.theater_id 
    from
        theater_tb te1_0 
    where
        te1_0.name=? 
        and te1_0.cinema_id=? 
    limit
        ?
Hibernate: 
    select
        te1_0.theater_id 
    from
        theater_tb te1_0 
    where
        te1_0.name=? 
        and te1_0.cinema_id=? 
    limit
        ?
2025-03-04T14:13:33.809+09:00 DEBUG 9248 --- [    Test worker] org.hibernate.SQL                        : 
    insert 
    into
        theater_tb
        (cinema_id, create_time, name) 
    values
        (?, ?, ?)
Hibernate: 
    insert 
    into
        theater_tb
        (cinema_id, create_time, name) 
    values
        (?, ?, ?)
영화관 : 목포하당(포르모) |  상영관 : 상영관 54
2025-03-04T14:13:33.812+09:00 DEBUG 9248 --- [    Test worker] org.hibernate.SQL                        : 
    select
        te1_0.theater_id 
    from
        theater_tb te1_0 
    where
        te1_0.name=? 
        and te1_0.cinema_id=? 
    limit
        ?
Hibernate: 
    select
        te1_0.theater_id 
    from
        theater_tb te1_0 
    where
        te1_0.name=? 
        and te1_0.cinema_id=? 
    limit
        ?
2025-03-04T14:13:33.814+09:00 DEBUG 9248 --- [    Test worker] org.hibernate.SQL                        : 
    insert 
    into
        theater_tb
        (cinema_id, create_time, name) 
    values
        (?, ?, ?)
Hibernate: 
    insert 
    into
        theater_tb
        (cinema_id, create_time, name) 
    values
        (?, ?, ?)
영화관 : 목포하당(포르모) |  상영관 : 상영관 55
2025-03-04T14:13:33.816+09:00 DEBUG 9248 --- [    Test worker] org.hibernate.SQL                        : 
    select
        te1_0.theater_id 
    from
        theater_tb te1_0 
    where
        te1_0.name=? 
        and te1_0.cinema_id=? 
    limit
        ?
Hibernate: 
    select
        te1_0.theater_id 
    from
        theater_tb te1_0 
    where
        te1_0.name=? 
        and te1_0.cinema_id=? 
    limit
        ?
2025-03-04T14:13:33.817+09:00 DEBUG 9248 --- [    Test worker] org.hibernate.SQL                        : 
    insert 
    into
        theater_tb
        (cinema_id, create_time, name) 
    values
        (?, ?, ?)
Hibernate: 
    insert 
    into
        theater_tb
        (cinema_id, create_time, name) 
    values
        (?, ?, ?)
영화관 : 목포하당(포르모) |  상영관 : 상영관 56
2025-03-04T14:13:33.819+09:00 DEBUG 9248 --- [    Test worker] org.hibernate.SQL                        : 
    select
        te1_0.theater_id 
    from
        theater_tb te1_0 
    where
        te1_0.name=? 
        and te1_0.cinema_id=? 
    limit
        ?
Hibernate: 
    select
        te1_0.theater_id 
    from
        theater_tb te1_0 
    where
        te1_0.name=? 
        and te1_0.cinema_id=? 
    limit
        ?
2025-03-04T14:13:33.820+09:00 DEBUG 9248 --- [    Test worker] org.hibernate.SQL                        : 
    insert 
    into
        theater_tb
        (cinema_id, create_time, name) 
    values
        (?, ?, ?)
Hibernate: 
    insert 
    into
        theater_tb
        (cinema_id, create_time, name) 
    values
        (?, ?, ?)
영화관 : 목포하당(포르모) |  상영관 : 상영관 57
2025-03-04T14:13:33.822+09:00 DEBUG 9248 --- [    Test worker] org.hibernate.SQL                        : 
    select
        te1_0.theater_id 
    from
        theater_tb te1_0 
    where
        te1_0.name=? 
        and te1_0.cinema_id=? 
    limit
        ?
Hibernate: 
    select
        te1_0.theater_id 
    from
        theater_tb te1_0 
    where
        te1_0.name=? 
        and te1_0.cinema_id=? 
    limit
        ?
2025-03-04T14:13:33.823+09:00 DEBUG 9248 --- [    Test worker] org.hibernate.SQL                        : 
    insert 
    into
        theater_tb
        (cinema_id, create_time, name) 
    values
        (?, ?, ?)
Hibernate: 
    insert 
    into
        theater_tb
        (cinema_id, create_time, name) 
    values
        (?, ?, ?)
영화관 : 목포하당(포르모) |  상영관 : 상영관 58
2025-03-04T14:13:33.825+09:00 DEBUG 9248 --- [    Test worker] org.hibernate.SQL                        : 
    select
        te1_0.theater_id 
    from
        theater_tb te1_0 
    where
        te1_0.name=? 
        and te1_0.cinema_id=? 
    limit
        ?
Hibernate: 
    select
        te1_0.theater_id 
    from
        theater_tb te1_0 
    where
        te1_0.name=? 
        and te1_0.cinema_id=? 
    limit
        ?
2025-03-04T14:13:33.826+09:00 DEBUG 9248 --- [    Test worker] org.hibernate.SQL                        : 
    insert 
    into
        theater_tb
        (cinema_id, create_time, name) 
    values
        (?, ?, ?)
Hibernate: 
    insert 
    into
        theater_tb
        (cinema_id, create_time, name) 
    values
        (?, ?, ?)
영화관 : 목포하당(포르모) |  상영관 : 상영관 59
2025-03-04T14:13:33.829+09:00 DEBUG 9248 --- [    Test worker] org.hibernate.SQL                        : 
    select
        te1_0.theater_id 
    from
        theater_tb te1_0 
    where
        te1_0.name=? 
        and te1_0.cinema_id=? 
    limit
        ?
Hibernate: 
    select
        te1_0.theater_id 
    from
        theater_tb te1_0 
    where
        te1_0.name=? 
        and te1_0.cinema_id=? 
    limit
        ?
2025-03-04T14:13:33.830+09:00 DEBUG 9248 --- [    Test worker] org.hibernate.SQL                        : 
    insert 
    into
        theater_tb
        (cinema_id, create_time, name) 
    values
        (?, ?, ?)
Hibernate: 
    insert 
    into
        theater_tb
        (cinema_id, create_time, name) 
    values
        (?, ?, ?)
영화관 : 목포하당(포르모) |  상영관 : 상영관 60
2025-03-04T14:13:33.831+09:00 DEBUG 9248 --- [    Test worker] org.hibernate.SQL                        : 
    select
        count(te1_0.theater_id) 
    from
        theater_tb te1_0 
    where
        te1_0.cinema_id=?
Hibernate: 
    select
        count(te1_0.theater_id) 
    from
        theater_tb te1_0 
    where
        te1_0.cinema_id=?
2025-03-04T14:13:33.833+09:00 DEBUG 9248 --- [    Test worker] org.hibernate.SQL                        : 
    select
        te1_0.theater_id 
    from
        theater_tb te1_0 
    where
        te1_0.name=? 
        and te1_0.cinema_id=? 
    limit
        ?
Hibernate: 
    select
        te1_0.theater_id 
    from
        theater_tb te1_0 
    where
        te1_0.name=? 
        and te1_0.cinema_id=? 
    limit
        ?
2025-03-04T14:13:33.834+09:00 DEBUG 9248 --- [    Test worker] org.hibernate.SQL                        : 
    insert 
    into
        theater_tb
        (cinema_id, create_time, name) 
    values
        (?, ?, ?)
Hibernate: 
    insert 
    into
        theater_tb
        (cinema_id, create_time, name) 
    values
        (?, ?, ?)
영화관 : 순천 |  상영관 : 상영관 51
2025-03-04T14:13:33.836+09:00 DEBUG 9248 --- [    Test worker] org.hibernate.SQL                        : 
    select
        te1_0.theater_id 
    from
        theater_tb te1_0 
    where
        te1_0.name=? 
        and te1_0.cinema_id=? 
    limit
        ?
Hibernate: 
    select
        te1_0.theater_id 
    from
        theater_tb te1_0 
    where
        te1_0.name=? 
        and te1_0.cinema_id=? 
    limit
        ?
2025-03-04T14:13:33.837+09:00 DEBUG 9248 --- [    Test worker] org.hibernate.SQL                        : 
    insert 
    into
        theater_tb
        (cinema_id, create_time, name) 
    values
        (?, ?, ?)
Hibernate: 
    insert 
    into
        theater_tb
        (cinema_id, create_time, name) 
    values
        (?, ?, ?)
영화관 : 순천 |  상영관 : 상영관 52
2025-03-04T14:13:33.839+09:00 DEBUG 9248 --- [    Test worker] org.hibernate.SQL                        : 
    select
        te1_0.theater_id 
    from
        theater_tb te1_0 
    where
        te1_0.name=? 
        and te1_0.cinema_id=? 
    limit
        ?
Hibernate: 
    select
        te1_0.theater_id 
    from
        theater_tb te1_0 
    where
        te1_0.name=? 
        and te1_0.cinema_id=? 
    limit
        ?
2025-03-04T14:13:33.839+09:00 DEBUG 9248 --- [    Test worker] org.hibernate.SQL                        : 
    insert 
    into
        theater_tb
        (cinema_id, create_time, name) 
    values
        (?, ?, ?)
Hibernate: 
    insert 
    into
        theater_tb
        (cinema_id, create_time, name) 
    values
        (?, ?, ?)
영화관 : 순천 |  상영관 : 상영관 53
2025-03-04T14:13:33.841+09:00 DEBUG 9248 --- [    Test worker] org.hibernate.SQL                        : 
    select
        te1_0.theater_id 
    from
        theater_tb te1_0 
    where
        te1_0.name=? 
        and te1_0.cinema_id=? 
    limit
        ?
Hibernate: 
    select
        te1_0.theater_id 
    from
        theater_tb te1_0 
    where
        te1_0.name=? 
        and te1_0.cinema_id=? 
    limit
        ?
2025-03-04T14:13:33.842+09:00 DEBUG 9248 --- [    Test worker] org.hibernate.SQL                        : 
    insert 
    into
        theater_tb
        (cinema_id, create_time, name) 
    values
        (?, ?, ?)
Hibernate: 
    insert 
    into
        theater_tb
        (cinema_id, create_time, name) 
    values
        (?, ?, ?)
영화관 : 순천 |  상영관 : 상영관 54
2025-03-04T14:13:33.844+09:00 DEBUG 9248 --- [    Test worker] org.hibernate.SQL                        : 
    select
        te1_0.theater_id 
    from
        theater_tb te1_0 
    where
        te1_0.name=? 
        and te1_0.cinema_id=? 
    limit
        ?
Hibernate: 
    select
        te1_0.theater_id 
    from
        theater_tb te1_0 
    where
        te1_0.name=? 
        and te1_0.cinema_id=? 
    limit
        ?
2025-03-04T14:13:33.845+09:00 DEBUG 9248 --- [    Test worker] org.hibernate.SQL                        : 
    insert 
    into
        theater_tb
        (cinema_id, create_time, name) 
    values
        (?, ?, ?)
Hibernate: 
    insert 
    into
        theater_tb
        (cinema_id, create_time, name) 
    values
        (?, ?, ?)
영화관 : 순천 |  상영관 : 상영관 55
2025-03-04T14:13:33.847+09:00 DEBUG 9248 --- [    Test worker] org.hibernate.SQL                        : 
    select
        te1_0.theater_id 
    from
        theater_tb te1_0 
    where
        te1_0.name=? 
        and te1_0.cinema_id=? 
    limit
        ?
Hibernate: 
    select
        te1_0.theater_id 
    from
        theater_tb te1_0 
    where
        te1_0.name=? 
        and te1_0.cinema_id=? 
    limit
        ?
2025-03-04T14:13:33.848+09:00 DEBUG 9248 --- [    Test worker] org.hibernate.SQL                        : 
    insert 
    into
        theater_tb
        (cinema_id, create_time, name) 
    values
        (?, ?, ?)
Hibernate: 
    insert 
    into
        theater_tb
        (cinema_id, create_time, name) 
    values
        (?, ?, ?)
영화관 : 순천 |  상영관 : 상영관 56
2025-03-04T14:13:33.850+09:00 DEBUG 9248 --- [    Test worker] org.hibernate.SQL                        : 
    select
        te1_0.theater_id 
    from
        theater_tb te1_0 
    where
        te1_0.name=? 
        and te1_0.cinema_id=? 
    limit
        ?
Hibernate: 
    select
        te1_0.theater_id 
    from
        theater_tb te1_0 
    where
        te1_0.name=? 
        and te1_0.cinema_id=? 
    limit
        ?
2025-03-04T14:13:33.850+09:00 DEBUG 9248 --- [    Test worker] org.hibernate.SQL                        : 
    insert 
    into
        theater_tb
        (cinema_id, create_time, name) 
    values
        (?, ?, ?)
Hibernate: 
    insert 
    into
        theater_tb
        (cinema_id, create_time, name) 
    values
        (?, ?, ?)
영화관 : 순천 |  상영관 : 상영관 57
2025-03-04T14:13:33.852+09:00 DEBUG 9248 --- [    Test worker] org.hibernate.SQL                        : 
    select
        te1_0.theater_id 
    from
        theater_tb te1_0 
    where
        te1_0.name=? 
        and te1_0.cinema_id=? 
    limit
        ?
Hibernate: 
    select
        te1_0.theater_id 
    from
        theater_tb te1_0 
    where
        te1_0.name=? 
        and te1_0.cinema_id=? 
    limit
        ?
2025-03-04T14:13:33.853+09:00 DEBUG 9248 --- [    Test worker] org.hibernate.SQL                        : 
    insert 
    into
        theater_tb
        (cinema_id, create_time, name) 
    values
        (?, ?, ?)
Hibernate: 
    insert 
    into
        theater_tb
        (cinema_id, create_time, name) 
    values
        (?, ?, ?)
영화관 : 순천 |  상영관 : 상영관 58
2025-03-04T14:13:33.855+09:00 DEBUG 9248 --- [    Test worker] org.hibernate.SQL                        : 
    select
        te1_0.theater_id 
    from
        theater_tb te1_0 
    where
        te1_0.name=? 
        and te1_0.cinema_id=? 
    limit
        ?
Hibernate: 
    select
        te1_0.theater_id 
    from
        theater_tb te1_0 
    where
        te1_0.name=? 
        and te1_0.cinema_id=? 
    limit
        ?
2025-03-04T14:13:33.856+09:00 DEBUG 9248 --- [    Test worker] org.hibernate.SQL                        : 
    insert 
    into
        theater_tb
        (cinema_id, create_time, name) 
    values
        (?, ?, ?)
Hibernate: 
    insert 
    into
        theater_tb
        (cinema_id, create_time, name) 
    values
        (?, ?, ?)
영화관 : 순천 |  상영관 : 상영관 59
2025-03-04T14:13:33.857+09:00 DEBUG 9248 --- [    Test worker] org.hibernate.SQL                        : 
    select
        te1_0.theater_id 
    from
        theater_tb te1_0 
    where
        te1_0.name=? 
        and te1_0.cinema_id=? 
    limit
        ?
Hibernate: 
    select
        te1_0.theater_id 
    from
        theater_tb te1_0 
    where
        te1_0.name=? 
        and te1_0.cinema_id=? 
    limit
        ?
2025-03-04T14:13:33.858+09:00 DEBUG 9248 --- [    Test worker] org.hibernate.SQL                        : 
    insert 
    into
        theater_tb
        (cinema_id, create_time, name) 
    values
        (?, ?, ?)
Hibernate: 
    insert 
    into
        theater_tb
        (cinema_id, create_time, name) 
    values
        (?, ?, ?)
영화관 : 순천 |  상영관 : 상영관 60
2025-03-04T14:13:33.859+09:00 DEBUG 9248 --- [    Test worker] org.hibernate.SQL                        : 
    select
        count(te1_0.theater_id) 
    from
        theater_tb te1_0 
    where
        te1_0.cinema_id=?
Hibernate: 
    select
        count(te1_0.theater_id) 
    from
        theater_tb te1_0 
    where
        te1_0.cinema_id=?
2025-03-04T14:13:33.861+09:00 DEBUG 9248 --- [    Test worker] org.hibernate.SQL                        : 
    select
        te1_0.theater_id 
    from
        theater_tb te1_0 
    where
        te1_0.name=? 
        and te1_0.cinema_id=? 
    limit
        ?
Hibernate: 
    select
        te1_0.theater_id 
    from
        theater_tb te1_0 
    where
        te1_0.name=? 
        and te1_0.cinema_id=? 
    limit
        ?
2025-03-04T14:13:33.862+09:00 DEBUG 9248 --- [    Test worker] org.hibernate.SQL                        : 
    insert 
    into
        theater_tb
        (cinema_id, create_time, name) 
    values
        (?, ?, ?)
Hibernate: 
    insert 
    into
        theater_tb
        (cinema_id, create_time, name) 
    values
        (?, ?, ?)
영화관 : 경북도청 |  상영관 : 상영관 51
2025-03-04T14:13:33.863+09:00 DEBUG 9248 --- [    Test worker] org.hibernate.SQL                        : 
    select
        te1_0.theater_id 
    from
        theater_tb te1_0 
    where
        te1_0.name=? 
        and te1_0.cinema_id=? 
    limit
        ?
Hibernate: 
    select
        te1_0.theater_id 
    from
        theater_tb te1_0 
    where
        te1_0.name=? 
        and te1_0.cinema_id=? 
    limit
        ?
2025-03-04T14:13:33.864+09:00 DEBUG 9248 --- [    Test worker] org.hibernate.SQL                        : 
    insert 
    into
        theater_tb
        (cinema_id, create_time, name) 
    values
        (?, ?, ?)
Hibernate: 
    insert 
    into
        theater_tb
        (cinema_id, create_time, name) 
    values
        (?, ?, ?)
영화관 : 경북도청 |  상영관 : 상영관 52
2025-03-04T14:13:33.865+09:00 DEBUG 9248 --- [    Test worker] org.hibernate.SQL                        : 
    select
        te1_0.theater_id 
    from
        theater_tb te1_0 
    where
        te1_0.name=? 
        and te1_0.cinema_id=? 
    limit
        ?
Hibernate: 
    select
        te1_0.theater_id 
    from
        theater_tb te1_0 
    where
        te1_0.name=? 
        and te1_0.cinema_id=? 
    limit
        ?
2025-03-04T14:13:33.866+09:00 DEBUG 9248 --- [    Test worker] org.hibernate.SQL                        : 
    insert 
    into
        theater_tb
        (cinema_id, create_time, name) 
    values
        (?, ?, ?)
Hibernate: 
    insert 
    into
        theater_tb
        (cinema_id, create_time, name) 
    values
        (?, ?, ?)
영화관 : 경북도청 |  상영관 : 상영관 53
2025-03-04T14:13:33.867+09:00 DEBUG 9248 --- [    Test worker] org.hibernate.SQL                        : 
    select
        te1_0.theater_id 
    from
        theater_tb te1_0 
    where
        te1_0.name=? 
        and te1_0.cinema_id=? 
    limit
        ?
Hibernate: 
    select
        te1_0.theater_id 
    from
        theater_tb te1_0 
    where
        te1_0.name=? 
        and te1_0.cinema_id=? 
    limit
        ?
2025-03-04T14:13:33.868+09:00 DEBUG 9248 --- [    Test worker] org.hibernate.SQL                        : 
    insert 
    into
        theater_tb
        (cinema_id, create_time, name) 
    values
        (?, ?, ?)
Hibernate: 
    insert 
    into
        theater_tb
        (cinema_id, create_time, name) 
    values
        (?, ?, ?)
영화관 : 경북도청 |  상영관 : 상영관 54
2025-03-04T14:13:33.870+09:00 DEBUG 9248 --- [    Test worker] org.hibernate.SQL                        : 
    select
        te1_0.theater_id 
    from
        theater_tb te1_0 
    where
        te1_0.name=? 
        and te1_0.cinema_id=? 
    limit
        ?
Hibernate: 
    select
        te1_0.theater_id 
    from
        theater_tb te1_0 
    where
        te1_0.name=? 
        and te1_0.cinema_id=? 
    limit
        ?
2025-03-04T14:13:33.871+09:00 DEBUG 9248 --- [    Test worker] org.hibernate.SQL                        : 
    insert 
    into
        theater_tb
        (cinema_id, create_time, name) 
    values
        (?, ?, ?)
Hibernate: 
    insert 
    into
        theater_tb
        (cinema_id, create_time, name) 
    values
        (?, ?, ?)
영화관 : 경북도청 |  상영관 : 상영관 55
2025-03-04T14:13:33.873+09:00 DEBUG 9248 --- [    Test worker] org.hibernate.SQL                        : 
    select
        te1_0.theater_id 
    from
        theater_tb te1_0 
    where
        te1_0.name=? 
        and te1_0.cinema_id=? 
    limit
        ?
Hibernate: 
    select
        te1_0.theater_id 
    from
        theater_tb te1_0 
    where
        te1_0.name=? 
        and te1_0.cinema_id=? 
    limit
        ?
2025-03-04T14:13:33.873+09:00 DEBUG 9248 --- [    Test worker] org.hibernate.SQL                        : 
    insert 
    into
        theater_tb
        (cinema_id, create_time, name) 
    values
        (?, ?, ?)
Hibernate: 
    insert 
    into
        theater_tb
        (cinema_id, create_time, name) 
    values
        (?, ?, ?)
영화관 : 경북도청 |  상영관 : 상영관 56
2025-03-04T14:13:33.875+09:00 DEBUG 9248 --- [    Test worker] org.hibernate.SQL                        : 
    select
        te1_0.theater_id 
    from
        theater_tb te1_0 
    where
        te1_0.name=? 
        and te1_0.cinema_id=? 
    limit
        ?
Hibernate: 
    select
        te1_0.theater_id 
    from
        theater_tb te1_0 
    where
        te1_0.name=? 
        and te1_0.cinema_id=? 
    limit
        ?
2025-03-04T14:13:33.876+09:00 DEBUG 9248 --- [    Test worker] org.hibernate.SQL                        : 
    insert 
    into
        theater_tb
        (cinema_id, create_time, name) 
    values
        (?, ?, ?)
Hibernate: 
    insert 
    into
        theater_tb
        (cinema_id, create_time, name) 
    values
        (?, ?, ?)
영화관 : 경북도청 |  상영관 : 상영관 57
2025-03-04T14:13:33.878+09:00 DEBUG 9248 --- [    Test worker] org.hibernate.SQL                        : 
    select
        te1_0.theater_id 
    from
        theater_tb te1_0 
    where
        te1_0.name=? 
        and te1_0.cinema_id=? 
    limit
        ?
Hibernate: 
    select
        te1_0.theater_id 
    from
        theater_tb te1_0 
    where
        te1_0.name=? 
        and te1_0.cinema_id=? 
    limit
        ?
2025-03-04T14:13:33.878+09:00 DEBUG 9248 --- [    Test worker] org.hibernate.SQL                        : 
    insert 
    into
        theater_tb
        (cinema_id, create_time, name) 
    values
        (?, ?, ?)
Hibernate: 
    insert 
    into
        theater_tb
        (cinema_id, create_time, name) 
    values
        (?, ?, ?)
영화관 : 경북도청 |  상영관 : 상영관 58
2025-03-04T14:13:33.880+09:00 DEBUG 9248 --- [    Test worker] org.hibernate.SQL                        : 
    select
        te1_0.theater_id 
    from
        theater_tb te1_0 
    where
        te1_0.name=? 
        and te1_0.cinema_id=? 
    limit
        ?
Hibernate: 
    select
        te1_0.theater_id 
    from
        theater_tb te1_0 
    where
        te1_0.name=? 
        and te1_0.cinema_id=? 
    limit
        ?
2025-03-04T14:13:33.881+09:00 DEBUG 9248 --- [    Test worker] org.hibernate.SQL                        : 
    insert 
    into
        theater_tb
        (cinema_id, create_time, name) 
    values
        (?, ?, ?)
Hibernate: 
    insert 
    into
        theater_tb
        (cinema_id, create_time, name) 
    values
        (?, ?, ?)
영화관 : 경북도청 |  상영관 : 상영관 59
2025-03-04T14:13:33.882+09:00 DEBUG 9248 --- [    Test worker] org.hibernate.SQL                        : 
    select
        te1_0.theater_id 
    from
        theater_tb te1_0 
    where
        te1_0.name=? 
        and te1_0.cinema_id=? 
    limit
        ?
Hibernate: 
    select
        te1_0.theater_id 
    from
        theater_tb te1_0 
    where
        te1_0.name=? 
        and te1_0.cinema_id=? 
    limit
        ?
2025-03-04T14:13:33.883+09:00 DEBUG 9248 --- [    Test worker] org.hibernate.SQL                        : 
    insert 
    into
        theater_tb
        (cinema_id, create_time, name) 
    values
        (?, ?, ?)
Hibernate: 
    insert 
    into
        theater_tb
        (cinema_id, create_time, name) 
    values
        (?, ?, ?)
영화관 : 경북도청 |  상영관 : 상영관 60
2025-03-04T14:13:33.884+09:00 DEBUG 9248 --- [    Test worker] org.hibernate.SQL                        : 
    select
        count(te1_0.theater_id) 
    from
        theater_tb te1_0 
    where
        te1_0.cinema_id=?
Hibernate: 
    select
        count(te1_0.theater_id) 
    from
        theater_tb te1_0 
    where
        te1_0.cinema_id=?
2025-03-04T14:13:33.885+09:00 DEBUG 9248 --- [    Test worker] org.hibernate.SQL                        : 
    select
        te1_0.theater_id 
    from
        theater_tb te1_0 
    where
        te1_0.name=? 
        and te1_0.cinema_id=? 
    limit
        ?
Hibernate: 
    select
        te1_0.theater_id 
    from
        theater_tb te1_0 
    where
        te1_0.name=? 
        and te1_0.cinema_id=? 
    limit
        ?
2025-03-04T14:13:33.886+09:00 DEBUG 9248 --- [    Test worker] org.hibernate.SQL                        : 
    insert 
    into
        theater_tb
        (cinema_id, create_time, name) 
    values
        (?, ?, ?)
Hibernate: 
    insert 
    into
        theater_tb
        (cinema_id, create_time, name) 
    values
        (?, ?, ?)
영화관 : 경산하양 |  상영관 : 상영관 51
2025-03-04T14:13:33.888+09:00 DEBUG 9248 --- [    Test worker] org.hibernate.SQL                        : 
    select
        te1_0.theater_id 
    from
        theater_tb te1_0 
    where
        te1_0.name=? 
        and te1_0.cinema_id=? 
    limit
        ?
Hibernate: 
    select
        te1_0.theater_id 
    from
        theater_tb te1_0 
    where
        te1_0.name=? 
        and te1_0.cinema_id=? 
    limit
        ?
2025-03-04T14:13:33.888+09:00 DEBUG 9248 --- [    Test worker] org.hibernate.SQL                        : 
    insert 
    into
        theater_tb
        (cinema_id, create_time, name) 
    values
        (?, ?, ?)
Hibernate: 
    insert 
    into
        theater_tb
        (cinema_id, create_time, name) 
    values
        (?, ?, ?)
영화관 : 경산하양 |  상영관 : 상영관 52
2025-03-04T14:13:33.890+09:00 DEBUG 9248 --- [    Test worker] org.hibernate.SQL                        : 
    select
        te1_0.theater_id 
    from
        theater_tb te1_0 
    where
        te1_0.name=? 
        and te1_0.cinema_id=? 
    limit
        ?
Hibernate: 
    select
        te1_0.theater_id 
    from
        theater_tb te1_0 
    where
        te1_0.name=? 
        and te1_0.cinema_id=? 
    limit
        ?
2025-03-04T14:13:33.891+09:00 DEBUG 9248 --- [    Test worker] org.hibernate.SQL                        : 
    insert 
    into
        theater_tb
        (cinema_id, create_time, name) 
    values
        (?, ?, ?)
Hibernate: 
    insert 
    into
        theater_tb
        (cinema_id, create_time, name) 
    values
        (?, ?, ?)
영화관 : 경산하양 |  상영관 : 상영관 53
2025-03-04T14:13:33.892+09:00 DEBUG 9248 --- [    Test worker] org.hibernate.SQL                        : 
    select
        te1_0.theater_id 
    from
        theater_tb te1_0 
    where
        te1_0.name=? 
        and te1_0.cinema_id=? 
    limit
        ?
Hibernate: 
    select
        te1_0.theater_id 
    from
        theater_tb te1_0 
    where
        te1_0.name=? 
        and te1_0.cinema_id=? 
    limit
        ?
2025-03-04T14:13:33.893+09:00 DEBUG 9248 --- [    Test worker] org.hibernate.SQL                        : 
    insert 
    into
        theater_tb
        (cinema_id, create_time, name) 
    values
        (?, ?, ?)
Hibernate: 
    insert 
    into
        theater_tb
        (cinema_id, create_time, name) 
    values
        (?, ?, ?)
영화관 : 경산하양 |  상영관 : 상영관 54
2025-03-04T14:13:33.894+09:00 DEBUG 9248 --- [    Test worker] org.hibernate.SQL                        : 
    select
        te1_0.theater_id 
    from
        theater_tb te1_0 
    where
        te1_0.name=? 
        and te1_0.cinema_id=? 
    limit
        ?
Hibernate: 
    select
        te1_0.theater_id 
    from
        theater_tb te1_0 
    where
        te1_0.name=? 
        and te1_0.cinema_id=? 
    limit
        ?
2025-03-04T14:13:33.895+09:00 DEBUG 9248 --- [    Test worker] org.hibernate.SQL                        : 
    insert 
    into
        theater_tb
        (cinema_id, create_time, name) 
    values
        (?, ?, ?)
Hibernate: 
    insert 
    into
        theater_tb
        (cinema_id, create_time, name) 
    values
        (?, ?, ?)
영화관 : 경산하양 |  상영관 : 상영관 55
2025-03-04T14:13:33.896+09:00 DEBUG 9248 --- [    Test worker] org.hibernate.SQL                        : 
    select
        te1_0.theater_id 
    from
        theater_tb te1_0 
    where
        te1_0.name=? 
        and te1_0.cinema_id=? 
    limit
        ?
Hibernate: 
    select
        te1_0.theater_id 
    from
        theater_tb te1_0 
    where
        te1_0.name=? 
        and te1_0.cinema_id=? 
    limit
        ?
2025-03-04T14:13:33.897+09:00 DEBUG 9248 --- [    Test worker] org.hibernate.SQL                        : 
    insert 
    into
        theater_tb
        (cinema_id, create_time, name) 
    values
        (?, ?, ?)
Hibernate: 
    insert 
    into
        theater_tb
        (cinema_id, create_time, name) 
    values
        (?, ?, ?)
영화관 : 경산하양 |  상영관 : 상영관 56
2025-03-04T14:13:33.898+09:00 DEBUG 9248 --- [    Test worker] org.hibernate.SQL                        : 
    select
        te1_0.theater_id 
    from
        theater_tb te1_0 
    where
        te1_0.name=? 
        and te1_0.cinema_id=? 
    limit
        ?
Hibernate: 
    select
        te1_0.theater_id 
    from
        theater_tb te1_0 
    where
        te1_0.name=? 
        and te1_0.cinema_id=? 
    limit
        ?
2025-03-04T14:13:33.899+09:00 DEBUG 9248 --- [    Test worker] org.hibernate.SQL                        : 
    insert 
    into
        theater_tb
        (cinema_id, create_time, name) 
    values
        (?, ?, ?)
Hibernate: 
    insert 
    into
        theater_tb
        (cinema_id, create_time, name) 
    values
        (?, ?, ?)
영화관 : 경산하양 |  상영관 : 상영관 57
2025-03-04T14:13:33.900+09:00 DEBUG 9248 --- [    Test worker] org.hibernate.SQL                        : 
    select
        te1_0.theater_id 
    from
        theater_tb te1_0 
    where
        te1_0.name=? 
        and te1_0.cinema_id=? 
    limit
        ?
Hibernate: 
    select
        te1_0.theater_id 
    from
        theater_tb te1_0 
    where
        te1_0.name=? 
        and te1_0.cinema_id=? 
    limit
        ?
2025-03-04T14:13:33.901+09:00 DEBUG 9248 --- [    Test worker] org.hibernate.SQL                        : 
    insert 
    into
        theater_tb
        (cinema_id, create_time, name) 
    values
        (?, ?, ?)
Hibernate: 
    insert 
    into
        theater_tb
        (cinema_id, create_time, name) 
    values
        (?, ?, ?)
영화관 : 경산하양 |  상영관 : 상영관 58
2025-03-04T14:13:33.903+09:00 DEBUG 9248 --- [    Test worker] org.hibernate.SQL                        : 
    select
        te1_0.theater_id 
    from
        theater_tb te1_0 
    where
        te1_0.name=? 
        and te1_0.cinema_id=? 
    limit
        ?
Hibernate: 
    select
        te1_0.theater_id 
    from
        theater_tb te1_0 
    where
        te1_0.name=? 
        and te1_0.cinema_id=? 
    limit
        ?
2025-03-04T14:13:33.904+09:00 DEBUG 9248 --- [    Test worker] org.hibernate.SQL                        : 
    insert 
    into
        theater_tb
        (cinema_id, create_time, name) 
    values
        (?, ?, ?)
Hibernate: 
    insert 
    into
        theater_tb
        (cinema_id, create_time, name) 
    values
        (?, ?, ?)
영화관 : 경산하양 |  상영관 : 상영관 59
2025-03-04T14:13:33.905+09:00 DEBUG 9248 --- [    Test worker] org.hibernate.SQL                        : 
    select
        te1_0.theater_id 
    from
        theater_tb te1_0 
    where
        te1_0.name=? 
        and te1_0.cinema_id=? 
    limit
        ?
Hibernate: 
    select
        te1_0.theater_id 
    from
        theater_tb te1_0 
    where
        te1_0.name=? 
        and te1_0.cinema_id=? 
    limit
        ?
2025-03-04T14:13:33.906+09:00 DEBUG 9248 --- [    Test worker] org.hibernate.SQL                        : 
    insert 
    into
        theater_tb
        (cinema_id, create_time, name) 
    values
        (?, ?, ?)
Hibernate: 
    insert 
    into
        theater_tb
        (cinema_id, create_time, name) 
    values
        (?, ?, ?)
영화관 : 경산하양 |  상영관 : 상영관 60
2025-03-04T14:13:33.908+09:00 DEBUG 9248 --- [    Test worker] org.hibernate.SQL                        : 
    select
        count(te1_0.theater_id) 
    from
        theater_tb te1_0 
    where
        te1_0.cinema_id=?
Hibernate: 
    select
        count(te1_0.theater_id) 
    from
        theater_tb te1_0 
    where
        te1_0.cinema_id=?
2025-03-04T14:13:33.909+09:00 DEBUG 9248 --- [    Test worker] org.hibernate.SQL                        : 
    select
        te1_0.theater_id 
    from
        theater_tb te1_0 
    where
        te1_0.name=? 
        and te1_0.cinema_id=? 
    limit
        ?
Hibernate: 
    select
        te1_0.theater_id 
    from
        theater_tb te1_0 
    where
        te1_0.name=? 
        and te1_0.cinema_id=? 
    limit
        ?
2025-03-04T14:13:33.909+09:00 DEBUG 9248 --- [    Test worker] org.hibernate.SQL                        : 
    insert 
    into
        theater_tb
        (cinema_id, create_time, name) 
    values
        (?, ?, ?)
Hibernate: 
    insert 
    into
        theater_tb
        (cinema_id, create_time, name) 
    values
        (?, ?, ?)
영화관 : 구미강동 |  상영관 : 상영관 51
2025-03-04T14:13:33.911+09:00 DEBUG 9248 --- [    Test worker] org.hibernate.SQL                        : 
    select
        te1_0.theater_id 
    from
        theater_tb te1_0 
    where
        te1_0.name=? 
        and te1_0.cinema_id=? 
    limit
        ?
Hibernate: 
    select
        te1_0.theater_id 
    from
        theater_tb te1_0 
    where
        te1_0.name=? 
        and te1_0.cinema_id=? 
    limit
        ?
2025-03-04T14:13:33.912+09:00 DEBUG 9248 --- [    Test worker] org.hibernate.SQL                        : 
    insert 
    into
        theater_tb
        (cinema_id, create_time, name) 
    values
        (?, ?, ?)
Hibernate: 
    insert 
    into
        theater_tb
        (cinema_id, create_time, name) 
    values
        (?, ?, ?)
영화관 : 구미강동 |  상영관 : 상영관 52
2025-03-04T14:13:33.913+09:00 DEBUG 9248 --- [    Test worker] org.hibernate.SQL                        : 
    select
        te1_0.theater_id 
    from
        theater_tb te1_0 
    where
        te1_0.name=? 
        and te1_0.cinema_id=? 
    limit
        ?
Hibernate: 
    select
        te1_0.theater_id 
    from
        theater_tb te1_0 
    where
        te1_0.name=? 
        and te1_0.cinema_id=? 
    limit
        ?
2025-03-04T14:13:33.914+09:00 DEBUG 9248 --- [    Test worker] org.hibernate.SQL                        : 
    insert 
    into
        theater_tb
        (cinema_id, create_time, name) 
    values
        (?, ?, ?)
Hibernate: 
    insert 
    into
        theater_tb
        (cinema_id, create_time, name) 
    values
        (?, ?, ?)
영화관 : 구미강동 |  상영관 : 상영관 53
2025-03-04T14:13:33.916+09:00 DEBUG 9248 --- [    Test worker] org.hibernate.SQL                        : 
    select
        te1_0.theater_id 
    from
        theater_tb te1_0 
    where
        te1_0.name=? 
        and te1_0.cinema_id=? 
    limit
        ?
Hibernate: 
    select
        te1_0.theater_id 
    from
        theater_tb te1_0 
    where
        te1_0.name=? 
        and te1_0.cinema_id=? 
    limit
        ?
2025-03-04T14:13:33.917+09:00 DEBUG 9248 --- [    Test worker] org.hibernate.SQL                        : 
    insert 
    into
        theater_tb
        (cinema_id, create_time, name) 
    values
        (?, ?, ?)
Hibernate: 
    insert 
    into
        theater_tb
        (cinema_id, create_time, name) 
    values
        (?, ?, ?)
영화관 : 구미강동 |  상영관 : 상영관 54
2025-03-04T14:13:33.919+09:00 DEBUG 9248 --- [    Test worker] org.hibernate.SQL                        : 
    select
        te1_0.theater_id 
    from
        theater_tb te1_0 
    where
        te1_0.name=? 
        and te1_0.cinema_id=? 
    limit
        ?
Hibernate: 
    select
        te1_0.theater_id 
    from
        theater_tb te1_0 
    where
        te1_0.name=? 
        and te1_0.cinema_id=? 
    limit
        ?
2025-03-04T14:13:33.920+09:00 DEBUG 9248 --- [    Test worker] org.hibernate.SQL                        : 
    insert 
    into
        theater_tb
        (cinema_id, create_time, name) 
    values
        (?, ?, ?)
Hibernate: 
    insert 
    into
        theater_tb
        (cinema_id, create_time, name) 
    values
        (?, ?, ?)
영화관 : 구미강동 |  상영관 : 상영관 55
2025-03-04T14:13:33.921+09:00 DEBUG 9248 --- [    Test worker] org.hibernate.SQL                        : 
    select
        te1_0.theater_id 
    from
        theater_tb te1_0 
    where
        te1_0.name=? 
        and te1_0.cinema_id=? 
    limit
        ?
Hibernate: 
    select
        te1_0.theater_id 
    from
        theater_tb te1_0 
    where
        te1_0.name=? 
        and te1_0.cinema_id=? 
    limit
        ?
2025-03-04T14:13:33.922+09:00 DEBUG 9248 --- [    Test worker] org.hibernate.SQL                        : 
    insert 
    into
        theater_tb
        (cinema_id, create_time, name) 
    values
        (?, ?, ?)
Hibernate: 
    insert 
    into
        theater_tb
        (cinema_id, create_time, name) 
    values
        (?, ?, ?)
영화관 : 구미강동 |  상영관 : 상영관 56
2025-03-04T14:13:33.924+09:00 DEBUG 9248 --- [    Test worker] org.hibernate.SQL                        : 
    select
        te1_0.theater_id 
    from
        theater_tb te1_0 
    where
        te1_0.name=? 
        and te1_0.cinema_id=? 
    limit
        ?
Hibernate: 
    select
        te1_0.theater_id 
    from
        theater_tb te1_0 
    where
        te1_0.name=? 
        and te1_0.cinema_id=? 
    limit
        ?
2025-03-04T14:13:33.926+09:00 DEBUG 9248 --- [    Test worker] org.hibernate.SQL                        : 
    insert 
    into
        theater_tb
        (cinema_id, create_time, name) 
    values
        (?, ?, ?)
Hibernate: 
    insert 
    into
        theater_tb
        (cinema_id, create_time, name) 
    values
        (?, ?, ?)
영화관 : 구미강동 |  상영관 : 상영관 57
2025-03-04T14:13:33.927+09:00 DEBUG 9248 --- [    Test worker] org.hibernate.SQL                        : 
    select
        te1_0.theater_id 
    from
        theater_tb te1_0 
    where
        te1_0.name=? 
        and te1_0.cinema_id=? 
    limit
        ?
Hibernate: 
    select
        te1_0.theater_id 
    from
        theater_tb te1_0 
    where
        te1_0.name=? 
        and te1_0.cinema_id=? 
    limit
        ?
2025-03-04T14:13:33.928+09:00 DEBUG 9248 --- [    Test worker] org.hibernate.SQL                        : 
    insert 
    into
        theater_tb
        (cinema_id, create_time, name) 
    values
        (?, ?, ?)
Hibernate: 
    insert 
    into
        theater_tb
        (cinema_id, create_time, name) 
    values
        (?, ?, ?)
영화관 : 구미강동 |  상영관 : 상영관 58
2025-03-04T14:13:33.930+09:00 DEBUG 9248 --- [    Test worker] org.hibernate.SQL                        : 
    select
        te1_0.theater_id 
    from
        theater_tb te1_0 
    where
        te1_0.name=? 
        and te1_0.cinema_id=? 
    limit
        ?
Hibernate: 
    select
        te1_0.theater_id 
    from
        theater_tb te1_0 
    where
        te1_0.name=? 
        and te1_0.cinema_id=? 
    limit
        ?
2025-03-04T14:13:33.931+09:00 DEBUG 9248 --- [    Test worker] org.hibernate.SQL                        : 
    insert 
    into
        theater_tb
        (cinema_id, create_time, name) 
    values
        (?, ?, ?)
Hibernate: 
    insert 
    into
        theater_tb
        (cinema_id, create_time, name) 
    values
        (?, ?, ?)
영화관 : 구미강동 |  상영관 : 상영관 59
2025-03-04T14:13:33.932+09:00 DEBUG 9248 --- [    Test worker] org.hibernate.SQL                        : 
    select
        te1_0.theater_id 
    from
        theater_tb te1_0 
    where
        te1_0.name=? 
        and te1_0.cinema_id=? 
    limit
        ?
Hibernate: 
    select
        te1_0.theater_id 
    from
        theater_tb te1_0 
    where
        te1_0.name=? 
        and te1_0.cinema_id=? 
    limit
        ?
2025-03-04T14:13:33.933+09:00 DEBUG 9248 --- [    Test worker] org.hibernate.SQL                        : 
    insert 
    into
        theater_tb
        (cinema_id, create_time, name) 
    values
        (?, ?, ?)
Hibernate: 
    insert 
    into
        theater_tb
        (cinema_id, create_time, name) 
    values
        (?, ?, ?)
영화관 : 구미강동 |  상영관 : 상영관 60
2025-03-04T14:13:33.935+09:00 DEBUG 9248 --- [    Test worker] org.hibernate.SQL                        : 
    select
        count(te1_0.theater_id) 
    from
        theater_tb te1_0 
    where
        te1_0.cinema_id=?
Hibernate: 
    select
        count(te1_0.theater_id) 
    from
        theater_tb te1_0 
    where
        te1_0.cinema_id=?
2025-03-04T14:13:33.935+09:00 DEBUG 9248 --- [    Test worker] org.hibernate.SQL                        : 
    select
        te1_0.theater_id 
    from
        theater_tb te1_0 
    where
        te1_0.name=? 
        and te1_0.cinema_id=? 
    limit
        ?
Hibernate: 
    select
        te1_0.theater_id 
    from
        theater_tb te1_0 
    where
        te1_0.name=? 
        and te1_0.cinema_id=? 
    limit
        ?
2025-03-04T14:13:33.936+09:00 DEBUG 9248 --- [    Test worker] org.hibernate.SQL                        : 
    insert 
    into
        theater_tb
        (cinema_id, create_time, name) 
    values
        (?, ?, ?)
Hibernate: 
    insert 
    into
        theater_tb
        (cinema_id, create_time, name) 
    values
        (?, ?, ?)
영화관 : 김천 |  상영관 : 상영관 51
2025-03-04T14:13:33.939+09:00 DEBUG 9248 --- [    Test worker] org.hibernate.SQL                        : 
    select
        te1_0.theater_id 
    from
        theater_tb te1_0 
    where
        te1_0.name=? 
        and te1_0.cinema_id=? 
    limit
        ?
Hibernate: 
    select
        te1_0.theater_id 
    from
        theater_tb te1_0 
    where
        te1_0.name=? 
        and te1_0.cinema_id=? 
    limit
        ?
2025-03-04T14:13:33.940+09:00 DEBUG 9248 --- [    Test worker] org.hibernate.SQL                        : 
    insert 
    into
        theater_tb
        (cinema_id, create_time, name) 
    values
        (?, ?, ?)
Hibernate: 
    insert 
    into
        theater_tb
        (cinema_id, create_time, name) 
    values
        (?, ?, ?)
영화관 : 김천 |  상영관 : 상영관 52
2025-03-04T14:13:33.941+09:00 DEBUG 9248 --- [    Test worker] org.hibernate.SQL                        : 
    select
        te1_0.theater_id 
    from
        theater_tb te1_0 
    where
        te1_0.name=? 
        and te1_0.cinema_id=? 
    limit
        ?
Hibernate: 
    select
        te1_0.theater_id 
    from
        theater_tb te1_0 
    where
        te1_0.name=? 
        and te1_0.cinema_id=? 
    limit
        ?
2025-03-04T14:13:33.942+09:00 DEBUG 9248 --- [    Test worker] org.hibernate.SQL                        : 
    insert 
    into
        theater_tb
        (cinema_id, create_time, name) 
    values
        (?, ?, ?)
Hibernate: 
    insert 
    into
        theater_tb
        (cinema_id, create_time, name) 
    values
        (?, ?, ?)
영화관 : 김천 |  상영관 : 상영관 53
2025-03-04T14:13:33.943+09:00 DEBUG 9248 --- [    Test worker] org.hibernate.SQL                        : 
    select
        te1_0.theater_id 
    from
        theater_tb te1_0 
    where
        te1_0.name=? 
        and te1_0.cinema_id=? 
    limit
        ?
Hibernate: 
    select
        te1_0.theater_id 
    from
        theater_tb te1_0 
    where
        te1_0.name=? 
        and te1_0.cinema_id=? 
    limit
        ?
2025-03-04T14:13:33.943+09:00 DEBUG 9248 --- [    Test worker] org.hibernate.SQL                        : 
    insert 
    into
        theater_tb
        (cinema_id, create_time, name) 
    values
        (?, ?, ?)
Hibernate: 
    insert 
    into
        theater_tb
        (cinema_id, create_time, name) 
    values
        (?, ?, ?)
영화관 : 김천 |  상영관 : 상영관 54
2025-03-04T14:13:33.946+09:00 DEBUG 9248 --- [    Test worker] org.hibernate.SQL                        : 
    select
        te1_0.theater_id 
    from
        theater_tb te1_0 
    where
        te1_0.name=? 
        and te1_0.cinema_id=? 
    limit
        ?
Hibernate: 
    select
        te1_0.theater_id 
    from
        theater_tb te1_0 
    where
        te1_0.name=? 
        and te1_0.cinema_id=? 
    limit
        ?
2025-03-04T14:13:33.946+09:00 DEBUG 9248 --- [    Test worker] org.hibernate.SQL                        : 
    insert 
    into
        theater_tb
        (cinema_id, create_time, name) 
    values
        (?, ?, ?)
Hibernate: 
    insert 
    into
        theater_tb
        (cinema_id, create_time, name) 
    values
        (?, ?, ?)
영화관 : 김천 |  상영관 : 상영관 55
2025-03-04T14:13:33.948+09:00 DEBUG 9248 --- [    Test worker] org.hibernate.SQL                        : 
    select
        te1_0.theater_id 
    from
        theater_tb te1_0 
    where
        te1_0.name=? 
        and te1_0.cinema_id=? 
    limit
        ?
Hibernate: 
    select
        te1_0.theater_id 
    from
        theater_tb te1_0 
    where
        te1_0.name=? 
        and te1_0.cinema_id=? 
    limit
        ?
2025-03-04T14:13:33.949+09:00 DEBUG 9248 --- [    Test worker] org.hibernate.SQL                        : 
    insert 
    into
        theater_tb
        (cinema_id, create_time, name) 
    values
        (?, ?, ?)
Hibernate: 
    insert 
    into
        theater_tb
        (cinema_id, create_time, name) 
    values
        (?, ?, ?)
영화관 : 김천 |  상영관 : 상영관 56
2025-03-04T14:13:33.950+09:00 DEBUG 9248 --- [    Test worker] org.hibernate.SQL                        : 
    select
        te1_0.theater_id 
    from
        theater_tb te1_0 
    where
        te1_0.name=? 
        and te1_0.cinema_id=? 
    limit
        ?
Hibernate: 
    select
        te1_0.theater_id 
    from
        theater_tb te1_0 
    where
        te1_0.name=? 
        and te1_0.cinema_id=? 
    limit
        ?
2025-03-04T14:13:33.951+09:00 DEBUG 9248 --- [    Test worker] org.hibernate.SQL                        : 
    insert 
    into
        theater_tb
        (cinema_id, create_time, name) 
    values
        (?, ?, ?)
Hibernate: 
    insert 
    into
        theater_tb
        (cinema_id, create_time, name) 
    values
        (?, ?, ?)
영화관 : 김천 |  상영관 : 상영관 57
2025-03-04T14:13:33.953+09:00 DEBUG 9248 --- [    Test worker] org.hibernate.SQL                        : 
    select
        te1_0.theater_id 
    from
        theater_tb te1_0 
    where
        te1_0.name=? 
        and te1_0.cinema_id=? 
    limit
        ?
Hibernate: 
    select
        te1_0.theater_id 
    from
        theater_tb te1_0 
    where
        te1_0.name=? 
        and te1_0.cinema_id=? 
    limit
        ?
2025-03-04T14:13:33.954+09:00 DEBUG 9248 --- [    Test worker] org.hibernate.SQL                        : 
    insert 
    into
        theater_tb
        (cinema_id, create_time, name) 
    values
        (?, ?, ?)
Hibernate: 
    insert 
    into
        theater_tb
        (cinema_id, create_time, name) 
    values
        (?, ?, ?)
영화관 : 김천 |  상영관 : 상영관 58
2025-03-04T14:13:33.955+09:00 DEBUG 9248 --- [    Test worker] org.hibernate.SQL                        : 
    select
        te1_0.theater_id 
    from
        theater_tb te1_0 
    where
        te1_0.name=? 
        and te1_0.cinema_id=? 
    limit
        ?
Hibernate: 
    select
        te1_0.theater_id 
    from
        theater_tb te1_0 
    where
        te1_0.name=? 
        and te1_0.cinema_id=? 
    limit
        ?
2025-03-04T14:13:33.956+09:00 DEBUG 9248 --- [    Test worker] org.hibernate.SQL                        : 
    insert 
    into
        theater_tb
        (cinema_id, create_time, name) 
    values
        (?, ?, ?)
Hibernate: 
    insert 
    into
        theater_tb
        (cinema_id, create_time, name) 
    values
        (?, ?, ?)
영화관 : 김천 |  상영관 : 상영관 59
2025-03-04T14:13:33.958+09:00 DEBUG 9248 --- [    Test worker] org.hibernate.SQL                        : 
    select
        te1_0.theater_id 
    from
        theater_tb te1_0 
    where
        te1_0.name=? 
        and te1_0.cinema_id=? 
    limit
        ?
Hibernate: 
    select
        te1_0.theater_id 
    from
        theater_tb te1_0 
    where
        te1_0.name=? 
        and te1_0.cinema_id=? 
    limit
        ?
2025-03-04T14:13:33.958+09:00 DEBUG 9248 --- [    Test worker] org.hibernate.SQL                        : 
    insert 
    into
        theater_tb
        (cinema_id, create_time, name) 
    values
        (?, ?, ?)
Hibernate: 
    insert 
    into
        theater_tb
        (cinema_id, create_time, name) 
    values
        (?, ?, ?)
영화관 : 김천 |  상영관 : 상영관 60
2025-03-04T14:13:33.960+09:00 DEBUG 9248 --- [    Test worker] org.hibernate.SQL                        : 
    select
        count(te1_0.theater_id) 
    from
        theater_tb te1_0 
    where
        te1_0.cinema_id=?
Hibernate: 
    select
        count(te1_0.theater_id) 
    from
        theater_tb te1_0 
    where
        te1_0.cinema_id=?
2025-03-04T14:13:33.961+09:00 DEBUG 9248 --- [    Test worker] org.hibernate.SQL                        : 
    select
        te1_0.theater_id 
    from
        theater_tb te1_0 
    where
        te1_0.name=? 
        and te1_0.cinema_id=? 
    limit
        ?
Hibernate: 
    select
        te1_0.theater_id 
    from
        theater_tb te1_0 
    where
        te1_0.name=? 
        and te1_0.cinema_id=? 
    limit
        ?
2025-03-04T14:13:33.962+09:00 DEBUG 9248 --- [    Test worker] org.hibernate.SQL                        : 
    insert 
    into
        theater_tb
        (cinema_id, create_time, name) 
    values
        (?, ?, ?)
Hibernate: 
    insert 
    into
        theater_tb
        (cinema_id, create_time, name) 
    values
        (?, ?, ?)
영화관 : 강남 |  상영관 : 상영관 51
2025-03-04T14:13:33.963+09:00 DEBUG 9248 --- [    Test worker] org.hibernate.SQL                        : 
    select
        te1_0.theater_id 
    from
        theater_tb te1_0 
    where
        te1_0.name=? 
        and te1_0.cinema_id=? 
    limit
        ?
Hibernate: 
    select
        te1_0.theater_id 
    from
        theater_tb te1_0 
    where
        te1_0.name=? 
        and te1_0.cinema_id=? 
    limit
        ?
2025-03-04T14:13:33.964+09:00 DEBUG 9248 --- [    Test worker] org.hibernate.SQL                        : 
    insert 
    into
        theater_tb
        (cinema_id, create_time, name) 
    values
        (?, ?, ?)
Hibernate: 
    insert 
    into
        theater_tb
        (cinema_id, create_time, name) 
    values
        (?, ?, ?)
영화관 : 강남 |  상영관 : 상영관 52
2025-03-04T14:13:33.965+09:00 DEBUG 9248 --- [    Test worker] org.hibernate.SQL                        : 
    select
        te1_0.theater_id 
    from
        theater_tb te1_0 
    where
        te1_0.name=? 
        and te1_0.cinema_id=? 
    limit
        ?
Hibernate: 
    select
        te1_0.theater_id 
    from
        theater_tb te1_0 
    where
        te1_0.name=? 
        and te1_0.cinema_id=? 
    limit
        ?
2025-03-04T14:13:33.966+09:00 DEBUG 9248 --- [    Test worker] org.hibernate.SQL                        : 
    insert 
    into
        theater_tb
        (cinema_id, create_time, name) 
    values
        (?, ?, ?)
Hibernate: 
    insert 
    into
        theater_tb
        (cinema_id, create_time, name) 
    values
        (?, ?, ?)
영화관 : 강남 |  상영관 : 상영관 53
2025-03-04T14:13:33.968+09:00 DEBUG 9248 --- [    Test worker] org.hibernate.SQL                        : 
    select
        te1_0.theater_id 
    from
        theater_tb te1_0 
    where
        te1_0.name=? 
        and te1_0.cinema_id=? 
    limit
        ?
Hibernate: 
    select
        te1_0.theater_id 
    from
        theater_tb te1_0 
    where
        te1_0.name=? 
        and te1_0.cinema_id=? 
    limit
        ?
2025-03-04T14:13:33.969+09:00 DEBUG 9248 --- [    Test worker] org.hibernate.SQL                        : 
    insert 
    into
        theater_tb
        (cinema_id, create_time, name) 
    values
        (?, ?, ?)
Hibernate: 
    insert 
    into
        theater_tb
        (cinema_id, create_time, name) 
    values
        (?, ?, ?)
영화관 : 강남 |  상영관 : 상영관 54
2025-03-04T14:13:33.970+09:00 DEBUG 9248 --- [    Test worker] org.hibernate.SQL                        : 
    select
        te1_0.theater_id 
    from
        theater_tb te1_0 
    where
        te1_0.name=? 
        and te1_0.cinema_id=? 
    limit
        ?
Hibernate: 
    select
        te1_0.theater_id 
    from
        theater_tb te1_0 
    where
        te1_0.name=? 
        and te1_0.cinema_id=? 
    limit
        ?
2025-03-04T14:13:33.971+09:00 DEBUG 9248 --- [    Test worker] org.hibernate.SQL                        : 
    insert 
    into
        theater_tb
        (cinema_id, create_time, name) 
    values
        (?, ?, ?)
Hibernate: 
    insert 
    into
        theater_tb
        (cinema_id, create_time, name) 
    values
        (?, ?, ?)
영화관 : 강남 |  상영관 : 상영관 55
2025-03-04T14:13:33.972+09:00 DEBUG 9248 --- [    Test worker] org.hibernate.SQL                        : 
    select
        te1_0.theater_id 
    from
        theater_tb te1_0 
    where
        te1_0.name=? 
        and te1_0.cinema_id=? 
    limit
        ?
Hibernate: 
    select
        te1_0.theater_id 
    from
        theater_tb te1_0 
    where
        te1_0.name=? 
        and te1_0.cinema_id=? 
    limit
        ?
2025-03-04T14:13:33.973+09:00 DEBUG 9248 --- [    Test worker] org.hibernate.SQL                        : 
    insert 
    into
        theater_tb
        (cinema_id, create_time, name) 
    values
        (?, ?, ?)
Hibernate: 
    insert 
    into
        theater_tb
        (cinema_id, create_time, name) 
    values
        (?, ?, ?)
영화관 : 강남 |  상영관 : 상영관 56
2025-03-04T14:13:33.974+09:00 DEBUG 9248 --- [    Test worker] org.hibernate.SQL                        : 
    select
        te1_0.theater_id 
    from
        theater_tb te1_0 
    where
        te1_0.name=? 
        and te1_0.cinema_id=? 
    limit
        ?
Hibernate: 
    select
        te1_0.theater_id 
    from
        theater_tb te1_0 
    where
        te1_0.name=? 
        and te1_0.cinema_id=? 
    limit
        ?
2025-03-04T14:13:33.975+09:00 DEBUG 9248 --- [    Test worker] org.hibernate.SQL                        : 
    insert 
    into
        theater_tb
        (cinema_id, create_time, name) 
    values
        (?, ?, ?)
Hibernate: 
    insert 
    into
        theater_tb
        (cinema_id, create_time, name) 
    values
        (?, ?, ?)
영화관 : 강남 |  상영관 : 상영관 57
2025-03-04T14:13:33.976+09:00 DEBUG 9248 --- [    Test worker] org.hibernate.SQL                        : 
    select
        te1_0.theater_id 
    from
        theater_tb te1_0 
    where
        te1_0.name=? 
        and te1_0.cinema_id=? 
    limit
        ?
Hibernate: 
    select
        te1_0.theater_id 
    from
        theater_tb te1_0 
    where
        te1_0.name=? 
        and te1_0.cinema_id=? 
    limit
        ?
2025-03-04T14:13:33.977+09:00 DEBUG 9248 --- [    Test worker] org.hibernate.SQL                        : 
    insert 
    into
        theater_tb
        (cinema_id, create_time, name) 
    values
        (?, ?, ?)
Hibernate: 
    insert 
    into
        theater_tb
        (cinema_id, create_time, name) 
    values
        (?, ?, ?)
영화관 : 강남 |  상영관 : 상영관 58
2025-03-04T14:13:33.978+09:00 DEBUG 9248 --- [    Test worker] org.hibernate.SQL                        : 
    select
        te1_0.theater_id 
    from
        theater_tb te1_0 
    where
        te1_0.name=? 
        and te1_0.cinema_id=? 
    limit
        ?
Hibernate: 
    select
        te1_0.theater_id 
    from
        theater_tb te1_0 
    where
        te1_0.name=? 
        and te1_0.cinema_id=? 
    limit
        ?
2025-03-04T14:13:33.979+09:00 DEBUG 9248 --- [    Test worker] org.hibernate.SQL                        : 
    insert 
    into
        theater_tb
        (cinema_id, create_time, name) 
    values
        (?, ?, ?)
Hibernate: 
    insert 
    into
        theater_tb
        (cinema_id, create_time, name) 
    values
        (?, ?, ?)
영화관 : 강남 |  상영관 : 상영관 59
2025-03-04T14:13:33.981+09:00 DEBUG 9248 --- [    Test worker] org.hibernate.SQL                        : 
    select
        te1_0.theater_id 
    from
        theater_tb te1_0 
    where
        te1_0.name=? 
        and te1_0.cinema_id=? 
    limit
        ?
Hibernate: 
    select
        te1_0.theater_id 
    from
        theater_tb te1_0 
    where
        te1_0.name=? 
        and te1_0.cinema_id=? 
    limit
        ?
2025-03-04T14:13:33.981+09:00 DEBUG 9248 --- [    Test worker] org.hibernate.SQL                        : 
    insert 
    into
        theater_tb
        (cinema_id, create_time, name) 
    values
        (?, ?, ?)
Hibernate: 
    insert 
    into
        theater_tb
        (cinema_id, create_time, name) 
    values
        (?, ?, ?)
영화관 : 강남 |  상영관 : 상영관 60
2025-03-04T14:13:33.983+09:00 DEBUG 9248 --- [    Test worker] org.hibernate.SQL                        : 
    select
        count(te1_0.theater_id) 
    from
        theater_tb te1_0 
    where
        te1_0.cinema_id=?
Hibernate: 
    select
        count(te1_0.theater_id) 
    from
        theater_tb te1_0 
    where
        te1_0.cinema_id=?
2025-03-04T14:13:33.984+09:00 DEBUG 9248 --- [    Test worker] org.hibernate.SQL                        : 
    select
        te1_0.theater_id 
    from
        theater_tb te1_0 
    where
        te1_0.name=? 
        and te1_0.cinema_id=? 
    limit
        ?
Hibernate: 
    select
        te1_0.theater_id 
    from
        theater_tb te1_0 
    where
        te1_0.name=? 
        and te1_0.cinema_id=? 
    limit
        ?
2025-03-04T14:13:33.985+09:00 DEBUG 9248 --- [    Test worker] org.hibernate.SQL                        : 
    insert 
    into
        theater_tb
        (cinema_id, create_time, name) 
    values
        (?, ?, ?)
Hibernate: 
    insert 
    into
        theater_tb
        (cinema_id, create_time, name) 
    values
        (?, ?, ?)
영화관 : 강동 |  상영관 : 상영관 51
2025-03-04T14:13:33.987+09:00 DEBUG 9248 --- [    Test worker] org.hibernate.SQL                        : 
    select
        te1_0.theater_id 
    from
        theater_tb te1_0 
    where
        te1_0.name=? 
        and te1_0.cinema_id=? 
    limit
        ?
Hibernate: 
    select
        te1_0.theater_id 
    from
        theater_tb te1_0 
    where
        te1_0.name=? 
        and te1_0.cinema_id=? 
    limit
        ?
2025-03-04T14:13:33.987+09:00 DEBUG 9248 --- [    Test worker] org.hibernate.SQL                        : 
    insert 
    into
        theater_tb
        (cinema_id, create_time, name) 
    values
        (?, ?, ?)
Hibernate: 
    insert 
    into
        theater_tb
        (cinema_id, create_time, name) 
    values
        (?, ?, ?)
영화관 : 강동 |  상영관 : 상영관 52
2025-03-04T14:13:33.989+09:00 DEBUG 9248 --- [    Test worker] org.hibernate.SQL                        : 
    select
        te1_0.theater_id 
    from
        theater_tb te1_0 
    where
        te1_0.name=? 
        and te1_0.cinema_id=? 
    limit
        ?
Hibernate: 
    select
        te1_0.theater_id 
    from
        theater_tb te1_0 
    where
        te1_0.name=? 
        and te1_0.cinema_id=? 
    limit
        ?
2025-03-04T14:13:33.990+09:00 DEBUG 9248 --- [    Test worker] org.hibernate.SQL                        : 
    insert 
    into
        theater_tb
        (cinema_id, create_time, name) 
    values
        (?, ?, ?)
Hibernate: 
    insert 
    into
        theater_tb
        (cinema_id, create_time, name) 
    values
        (?, ?, ?)
영화관 : 강동 |  상영관 : 상영관 53
2025-03-04T14:13:33.991+09:00 DEBUG 9248 --- [    Test worker] org.hibernate.SQL                        : 
    select
        te1_0.theater_id 
    from
        theater_tb te1_0 
    where
        te1_0.name=? 
        and te1_0.cinema_id=? 
    limit
        ?
Hibernate: 
    select
        te1_0.theater_id 
    from
        theater_tb te1_0 
    where
        te1_0.name=? 
        and te1_0.cinema_id=? 
    limit
        ?
2025-03-04T14:13:33.992+09:00 DEBUG 9248 --- [    Test worker] org.hibernate.SQL                        : 
    insert 
    into
        theater_tb
        (cinema_id, create_time, name) 
    values
        (?, ?, ?)
Hibernate: 
    insert 
    into
        theater_tb
        (cinema_id, create_time, name) 
    values
        (?, ?, ?)
영화관 : 강동 |  상영관 : 상영관 54
2025-03-04T14:13:33.993+09:00 DEBUG 9248 --- [    Test worker] org.hibernate.SQL                        : 
    select
        te1_0.theater_id 
    from
        theater_tb te1_0 
    where
        te1_0.name=? 
        and te1_0.cinema_id=? 
    limit
        ?
Hibernate: 
    select
        te1_0.theater_id 
    from
        theater_tb te1_0 
    where
        te1_0.name=? 
        and te1_0.cinema_id=? 
    limit
        ?
2025-03-04T14:13:33.994+09:00 DEBUG 9248 --- [    Test worker] org.hibernate.SQL                        : 
    insert 
    into
        theater_tb
        (cinema_id, create_time, name) 
    values
        (?, ?, ?)
Hibernate: 
    insert 
    into
        theater_tb
        (cinema_id, create_time, name) 
    values
        (?, ?, ?)
영화관 : 강동 |  상영관 : 상영관 55
2025-03-04T14:13:33.995+09:00 DEBUG 9248 --- [    Test worker] org.hibernate.SQL                        : 
    select
        te1_0.theater_id 
    from
        theater_tb te1_0 
    where
        te1_0.name=? 
        and te1_0.cinema_id=? 
    limit
        ?
Hibernate: 
    select
        te1_0.theater_id 
    from
        theater_tb te1_0 
    where
        te1_0.name=? 
        and te1_0.cinema_id=? 
    limit
        ?
2025-03-04T14:13:33.996+09:00 DEBUG 9248 --- [    Test worker] org.hibernate.SQL                        : 
    insert 
    into
        theater_tb
        (cinema_id, create_time, name) 
    values
        (?, ?, ?)
Hibernate: 
    insert 
    into
        theater_tb
        (cinema_id, create_time, name) 
    values
        (?, ?, ?)
영화관 : 강동 |  상영관 : 상영관 56
2025-03-04T14:13:33.998+09:00 DEBUG 9248 --- [    Test worker] org.hibernate.SQL                        : 
    select
        te1_0.theater_id 
    from
        theater_tb te1_0 
    where
        te1_0.name=? 
        and te1_0.cinema_id=? 
    limit
        ?
Hibernate: 
    select
        te1_0.theater_id 
    from
        theater_tb te1_0 
    where
        te1_0.name=? 
        and te1_0.cinema_id=? 
    limit
        ?
2025-03-04T14:13:33.999+09:00 DEBUG 9248 --- [    Test worker] org.hibernate.SQL                        : 
    insert 
    into
        theater_tb
        (cinema_id, create_time, name) 
    values
        (?, ?, ?)
Hibernate: 
    insert 
    into
        theater_tb
        (cinema_id, create_time, name) 
    values
        (?, ?, ?)
영화관 : 강동 |  상영관 : 상영관 57
2025-03-04T14:13:34.001+09:00 DEBUG 9248 --- [    Test worker] org.hibernate.SQL                        : 
    select
        te1_0.theater_id 
    from
        theater_tb te1_0 
    where
        te1_0.name=? 
        and te1_0.cinema_id=? 
    limit
        ?
Hibernate: 
    select
        te1_0.theater_id 
    from
        theater_tb te1_0 
    where
        te1_0.name=? 
        and te1_0.cinema_id=? 
    limit
        ?
2025-03-04T14:13:34.002+09:00 DEBUG 9248 --- [    Test worker] org.hibernate.SQL                        : 
    insert 
    into
        theater_tb
        (cinema_id, create_time, name) 
    values
        (?, ?, ?)
Hibernate: 
    insert 
    into
        theater_tb
        (cinema_id, create_time, name) 
    values
        (?, ?, ?)
영화관 : 강동 |  상영관 : 상영관 58
2025-03-04T14:13:34.004+09:00 DEBUG 9248 --- [    Test worker] org.hibernate.SQL                        : 
    select
        te1_0.theater_id 
    from
        theater_tb te1_0 
    where
        te1_0.name=? 
        and te1_0.cinema_id=? 
    limit
        ?
Hibernate: 
    select
        te1_0.theater_id 
    from
        theater_tb te1_0 
    where
        te1_0.name=? 
        and te1_0.cinema_id=? 
    limit
        ?
2025-03-04T14:13:34.004+09:00 DEBUG 9248 --- [    Test worker] org.hibernate.SQL                        : 
    insert 
    into
        theater_tb
        (cinema_id, create_time, name) 
    values
        (?, ?, ?)
Hibernate: 
    insert 
    into
        theater_tb
        (cinema_id, create_time, name) 
    values
        (?, ?, ?)
영화관 : 강동 |  상영관 : 상영관 59
2025-03-04T14:13:34.006+09:00 DEBUG 9248 --- [    Test worker] org.hibernate.SQL                        : 
    select
        te1_0.theater_id 
    from
        theater_tb te1_0 
    where
        te1_0.name=? 
        and te1_0.cinema_id=? 
    limit
        ?
Hibernate: 
    select
        te1_0.theater_id 
    from
        theater_tb te1_0 
    where
        te1_0.name=? 
        and te1_0.cinema_id=? 
    limit
        ?
2025-03-04T14:13:34.007+09:00 DEBUG 9248 --- [    Test worker] org.hibernate.SQL                        : 
    insert 
    into
        theater_tb
        (cinema_id, create_time, name) 
    values
        (?, ?, ?)
Hibernate: 
    insert 
    into
        theater_tb
        (cinema_id, create_time, name) 
    values
        (?, ?, ?)
영화관 : 강동 |  상영관 : 상영관 60
2025-03-04T14:13:34.009+09:00 DEBUG 9248 --- [    Test worker] org.hibernate.SQL                        : 
    select
        count(te1_0.theater_id) 
    from
        theater_tb te1_0 
    where
        te1_0.cinema_id=?
Hibernate: 
    select
        count(te1_0.theater_id) 
    from
        theater_tb te1_0 
    where
        te1_0.cinema_id=?
2025-03-04T14:13:34.011+09:00 DEBUG 9248 --- [    Test worker] org.hibernate.SQL                        : 
    select
        te1_0.theater_id 
    from
        theater_tb te1_0 
    where
        te1_0.name=? 
        and te1_0.cinema_id=? 
    limit
        ?
Hibernate: 
    select
        te1_0.theater_id 
    from
        theater_tb te1_0 
    where
        te1_0.name=? 
        and te1_0.cinema_id=? 
    limit
        ?
2025-03-04T14:13:34.012+09:00 DEBUG 9248 --- [    Test worker] org.hibernate.SQL                        : 
    insert 
    into
        theater_tb
        (cinema_id, create_time, name) 
    values
        (?, ?, ?)
Hibernate: 
    insert 
    into
        theater_tb
        (cinema_id, create_time, name) 
    values
        (?, ?, ?)
영화관 : 군자 |  상영관 : 상영관 51
2025-03-04T14:13:34.014+09:00 DEBUG 9248 --- [    Test worker] org.hibernate.SQL                        : 
    select
        te1_0.theater_id 
    from
        theater_tb te1_0 
    where
        te1_0.name=? 
        and te1_0.cinema_id=? 
    limit
        ?
Hibernate: 
    select
        te1_0.theater_id 
    from
        theater_tb te1_0 
    where
        te1_0.name=? 
        and te1_0.cinema_id=? 
    limit
        ?
2025-03-04T14:13:34.015+09:00 DEBUG 9248 --- [    Test worker] org.hibernate.SQL                        : 
    insert 
    into
        theater_tb
        (cinema_id, create_time, name) 
    values
        (?, ?, ?)
Hibernate: 
    insert 
    into
        theater_tb
        (cinema_id, create_time, name) 
    values
        (?, ?, ?)
영화관 : 군자 |  상영관 : 상영관 52
2025-03-04T14:13:34.017+09:00 DEBUG 9248 --- [    Test worker] org.hibernate.SQL                        : 
    select
        te1_0.theater_id 
    from
        theater_tb te1_0 
    where
        te1_0.name=? 
        and te1_0.cinema_id=? 
    limit
        ?
Hibernate: 
    select
        te1_0.theater_id 
    from
        theater_tb te1_0 
    where
        te1_0.name=? 
        and te1_0.cinema_id=? 
    limit
        ?
2025-03-04T14:13:34.018+09:00 DEBUG 9248 --- [    Test worker] org.hibernate.SQL                        : 
    insert 
    into
        theater_tb
        (cinema_id, create_time, name) 
    values
        (?, ?, ?)
Hibernate: 
    insert 
    into
        theater_tb
        (cinema_id, create_time, name) 
    values
        (?, ?, ?)
영화관 : 군자 |  상영관 : 상영관 53
2025-03-04T14:13:34.020+09:00 DEBUG 9248 --- [    Test worker] org.hibernate.SQL                        : 
    select
        te1_0.theater_id 
    from
        theater_tb te1_0 
    where
        te1_0.name=? 
        and te1_0.cinema_id=? 
    limit
        ?
Hibernate: 
    select
        te1_0.theater_id 
    from
        theater_tb te1_0 
    where
        te1_0.name=? 
        and te1_0.cinema_id=? 
    limit
        ?
2025-03-04T14:13:34.022+09:00 DEBUG 9248 --- [    Test worker] org.hibernate.SQL                        : 
    insert 
    into
        theater_tb
        (cinema_id, create_time, name) 
    values
        (?, ?, ?)
Hibernate: 
    insert 
    into
        theater_tb
        (cinema_id, create_time, name) 
    values
        (?, ?, ?)
영화관 : 군자 |  상영관 : 상영관 54
2025-03-04T14:13:34.024+09:00 DEBUG 9248 --- [    Test worker] org.hibernate.SQL                        : 
    select
        te1_0.theater_id 
    from
        theater_tb te1_0 
    where
        te1_0.name=? 
        and te1_0.cinema_id=? 
    limit
        ?
Hibernate: 
    select
        te1_0.theater_id 
    from
        theater_tb te1_0 
    where
        te1_0.name=? 
        and te1_0.cinema_id=? 
    limit
        ?
2025-03-04T14:13:34.025+09:00 DEBUG 9248 --- [    Test worker] org.hibernate.SQL                        : 
    insert 
    into
        theater_tb
        (cinema_id, create_time, name) 
    values
        (?, ?, ?)
Hibernate: 
    insert 
    into
        theater_tb
        (cinema_id, create_time, name) 
    values
        (?, ?, ?)
영화관 : 군자 |  상영관 : 상영관 55
2025-03-04T14:13:34.026+09:00 DEBUG 9248 --- [    Test worker] org.hibernate.SQL                        : 
    select
        te1_0.theater_id 
    from
        theater_tb te1_0 
    where
        te1_0.name=? 
        and te1_0.cinema_id=? 
    limit
        ?
Hibernate: 
    select
        te1_0.theater_id 
    from
        theater_tb te1_0 
    where
        te1_0.name=? 
        and te1_0.cinema_id=? 
    limit
        ?
2025-03-04T14:13:34.027+09:00 DEBUG 9248 --- [    Test worker] org.hibernate.SQL                        : 
    insert 
    into
        theater_tb
        (cinema_id, create_time, name) 
    values
        (?, ?, ?)
Hibernate: 
    insert 
    into
        theater_tb
        (cinema_id, create_time, name) 
    values
        (?, ?, ?)
영화관 : 군자 |  상영관 : 상영관 56
2025-03-04T14:13:34.029+09:00 DEBUG 9248 --- [    Test worker] org.hibernate.SQL                        : 
    select
        te1_0.theater_id 
    from
        theater_tb te1_0 
    where
        te1_0.name=? 
        and te1_0.cinema_id=? 
    limit
        ?
Hibernate: 
    select
        te1_0.theater_id 
    from
        theater_tb te1_0 
    where
        te1_0.name=? 
        and te1_0.cinema_id=? 
    limit
        ?
2025-03-04T14:13:34.030+09:00 DEBUG 9248 --- [    Test worker] org.hibernate.SQL                        : 
    insert 
    into
        theater_tb
        (cinema_id, create_time, name) 
    values
        (?, ?, ?)
Hibernate: 
    insert 
    into
        theater_tb
        (cinema_id, create_time, name) 
    values
        (?, ?, ?)
영화관 : 군자 |  상영관 : 상영관 57
2025-03-04T14:13:34.032+09:00 DEBUG 9248 --- [    Test worker] org.hibernate.SQL                        : 
    select
        te1_0.theater_id 
    from
        theater_tb te1_0 
    where
        te1_0.name=? 
        and te1_0.cinema_id=? 
    limit
        ?
Hibernate: 
    select
        te1_0.theater_id 
    from
        theater_tb te1_0 
    where
        te1_0.name=? 
        and te1_0.cinema_id=? 
    limit
        ?
2025-03-04T14:13:34.033+09:00 DEBUG 9248 --- [    Test worker] org.hibernate.SQL                        : 
    insert 
    into
        theater_tb
        (cinema_id, create_time, name) 
    values
        (?, ?, ?)
Hibernate: 
    insert 
    into
        theater_tb
        (cinema_id, create_time, name) 
    values
        (?, ?, ?)
영화관 : 군자 |  상영관 : 상영관 58
2025-03-04T14:13:34.035+09:00 DEBUG 9248 --- [    Test worker] org.hibernate.SQL                        : 
    select
        te1_0.theater_id 
    from
        theater_tb te1_0 
    where
        te1_0.name=? 
        and te1_0.cinema_id=? 
    limit
        ?
Hibernate: 
    select
        te1_0.theater_id 
    from
        theater_tb te1_0 
    where
        te1_0.name=? 
        and te1_0.cinema_id=? 
    limit
        ?
2025-03-04T14:13:34.036+09:00 DEBUG 9248 --- [    Test worker] org.hibernate.SQL                        : 
    insert 
    into
        theater_tb
        (cinema_id, create_time, name) 
    values
        (?, ?, ?)
Hibernate: 
    insert 
    into
        theater_tb
        (cinema_id, create_time, name) 
    values
        (?, ?, ?)
영화관 : 군자 |  상영관 : 상영관 59
2025-03-04T14:13:34.037+09:00 DEBUG 9248 --- [    Test worker] org.hibernate.SQL                        : 
    select
        te1_0.theater_id 
    from
        theater_tb te1_0 
    where
        te1_0.name=? 
        and te1_0.cinema_id=? 
    limit
        ?
Hibernate: 
    select
        te1_0.theater_id 
    from
        theater_tb te1_0 
    where
        te1_0.name=? 
        and te1_0.cinema_id=? 
    limit
        ?
2025-03-04T14:13:34.038+09:00 DEBUG 9248 --- [    Test worker] org.hibernate.SQL                        : 
    insert 
    into
        theater_tb
        (cinema_id, create_time, name) 
    values
        (?, ?, ?)
Hibernate: 
    insert 
    into
        theater_tb
        (cinema_id, create_time, name) 
    values
        (?, ?, ?)
영화관 : 군자 |  상영관 : 상영관 60
2025-03-04T14:13:34.039+09:00 DEBUG 9248 --- [    Test worker] org.hibernate.SQL                        : 
    select
        count(te1_0.theater_id) 
    from
        theater_tb te1_0 
    where
        te1_0.cinema_id=?
Hibernate: 
    select
        count(te1_0.theater_id) 
    from
        theater_tb te1_0 
    where
        te1_0.cinema_id=?
2025-03-04T14:13:34.040+09:00 DEBUG 9248 --- [    Test worker] org.hibernate.SQL                        : 
    select
        te1_0.theater_id 
    from
        theater_tb te1_0 
    where
        te1_0.name=? 
        and te1_0.cinema_id=? 
    limit
        ?
Hibernate: 
    select
        te1_0.theater_id 
    from
        theater_tb te1_0 
    where
        te1_0.name=? 
        and te1_0.cinema_id=? 
    limit
        ?
2025-03-04T14:13:34.041+09:00 DEBUG 9248 --- [    Test worker] org.hibernate.SQL                        : 
    insert 
    into
        theater_tb
        (cinema_id, create_time, name) 
    values
        (?, ?, ?)
Hibernate: 
    insert 
    into
        theater_tb
        (cinema_id, create_time, name) 
    values
        (?, ?, ?)
영화관 : 더 부티크 목동현대백화점 |  상영관 : 상영관 51
2025-03-04T14:13:34.043+09:00 DEBUG 9248 --- [    Test worker] org.hibernate.SQL                        : 
    select
        te1_0.theater_id 
    from
        theater_tb te1_0 
    where
        te1_0.name=? 
        and te1_0.cinema_id=? 
    limit
        ?
Hibernate: 
    select
        te1_0.theater_id 
    from
        theater_tb te1_0 
    where
        te1_0.name=? 
        and te1_0.cinema_id=? 
    limit
        ?
2025-03-04T14:13:34.044+09:00 DEBUG 9248 --- [    Test worker] org.hibernate.SQL                        : 
    insert 
    into
        theater_tb
        (cinema_id, create_time, name) 
    values
        (?, ?, ?)
Hibernate: 
    insert 
    into
        theater_tb
        (cinema_id, create_time, name) 
    values
        (?, ?, ?)
영화관 : 더 부티크 목동현대백화점 |  상영관 : 상영관 52
2025-03-04T14:13:34.044+09:00 DEBUG 9248 --- [    Test worker] org.hibernate.SQL                        : 
    select
        te1_0.theater_id 
    from
        theater_tb te1_0 
    where
        te1_0.name=? 
        and te1_0.cinema_id=? 
    limit
        ?
Hibernate: 
    select
        te1_0.theater_id 
    from
        theater_tb te1_0 
    where
        te1_0.name=? 
        and te1_0.cinema_id=? 
    limit
        ?
2025-03-04T14:13:34.045+09:00 DEBUG 9248 --- [    Test worker] org.hibernate.SQL                        : 
    insert 
    into
        theater_tb
        (cinema_id, create_time, name) 
    values
        (?, ?, ?)
Hibernate: 
    insert 
    into
        theater_tb
        (cinema_id, create_time, name) 
    values
        (?, ?, ?)
영화관 : 더 부티크 목동현대백화점 |  상영관 : 상영관 53
2025-03-04T14:13:34.047+09:00 DEBUG 9248 --- [    Test worker] org.hibernate.SQL                        : 
    select
        te1_0.theater_id 
    from
        theater_tb te1_0 
    where
        te1_0.name=? 
        and te1_0.cinema_id=? 
    limit
        ?
Hibernate: 
    select
        te1_0.theater_id 
    from
        theater_tb te1_0 
    where
        te1_0.name=? 
        and te1_0.cinema_id=? 
    limit
        ?
2025-03-04T14:13:34.047+09:00 DEBUG 9248 --- [    Test worker] org.hibernate.SQL                        : 
    insert 
    into
        theater_tb
        (cinema_id, create_time, name) 
    values
        (?, ?, ?)
Hibernate: 
    insert 
    into
        theater_tb
        (cinema_id, create_time, name) 
    values
        (?, ?, ?)
영화관 : 더 부티크 목동현대백화점 |  상영관 : 상영관 54
2025-03-04T14:13:34.050+09:00 DEBUG 9248 --- [    Test worker] org.hibernate.SQL                        : 
    select
        te1_0.theater_id 
    from
        theater_tb te1_0 
    where
        te1_0.name=? 
        and te1_0.cinema_id=? 
    limit
        ?
Hibernate: 
    select
        te1_0.theater_id 
    from
        theater_tb te1_0 
    where
        te1_0.name=? 
        and te1_0.cinema_id=? 
    limit
        ?
2025-03-04T14:13:34.051+09:00 DEBUG 9248 --- [    Test worker] org.hibernate.SQL                        : 
    insert 
    into
        theater_tb
        (cinema_id, create_time, name) 
    values
        (?, ?, ?)
Hibernate: 
    insert 
    into
        theater_tb
        (cinema_id, create_time, name) 
    values
        (?, ?, ?)
영화관 : 더 부티크 목동현대백화점 |  상영관 : 상영관 55
2025-03-04T14:13:34.051+09:00 DEBUG 9248 --- [    Test worker] org.hibernate.SQL                        : 
    select
        te1_0.theater_id 
    from
        theater_tb te1_0 
    where
        te1_0.name=? 
        and te1_0.cinema_id=? 
    limit
        ?
Hibernate: 
    select
        te1_0.theater_id 
    from
        theater_tb te1_0 
    where
        te1_0.name=? 
        and te1_0.cinema_id=? 
    limit
        ?
2025-03-04T14:13:34.052+09:00 DEBUG 9248 --- [    Test worker] org.hibernate.SQL                        : 
    insert 
    into
        theater_tb
        (cinema_id, create_time, name) 
    values
        (?, ?, ?)
Hibernate: 
    insert 
    into
        theater_tb
        (cinema_id, create_time, name) 
    values
        (?, ?, ?)
영화관 : 더 부티크 목동현대백화점 |  상영관 : 상영관 56
2025-03-04T14:13:34.053+09:00 DEBUG 9248 --- [    Test worker] org.hibernate.SQL                        : 
    select
        te1_0.theater_id 
    from
        theater_tb te1_0 
    where
        te1_0.name=? 
        and te1_0.cinema_id=? 
    limit
        ?
Hibernate: 
    select
        te1_0.theater_id 
    from
        theater_tb te1_0 
    where
        te1_0.name=? 
        and te1_0.cinema_id=? 
    limit
        ?
2025-03-04T14:13:34.054+09:00 DEBUG 9248 --- [    Test worker] org.hibernate.SQL                        : 
    insert 
    into
        theater_tb
        (cinema_id, create_time, name) 
    values
        (?, ?, ?)
Hibernate: 
    insert 
    into
        theater_tb
        (cinema_id, create_time, name) 
    values
        (?, ?, ?)
영화관 : 더 부티크 목동현대백화점 |  상영관 : 상영관 57
2025-03-04T14:13:34.055+09:00 DEBUG 9248 --- [    Test worker] org.hibernate.SQL                        : 
    select
        te1_0.theater_id 
    from
        theater_tb te1_0 
    where
        te1_0.name=? 
        and te1_0.cinema_id=? 
    limit
        ?
Hibernate: 
    select
        te1_0.theater_id 
    from
        theater_tb te1_0 
    where
        te1_0.name=? 
        and te1_0.cinema_id=? 
    limit
        ?
2025-03-04T14:13:34.056+09:00 DEBUG 9248 --- [    Test worker] org.hibernate.SQL                        : 
    insert 
    into
        theater_tb
        (cinema_id, create_time, name) 
    values
        (?, ?, ?)
Hibernate: 
    insert 
    into
        theater_tb
        (cinema_id, create_time, name) 
    values
        (?, ?, ?)
영화관 : 더 부티크 목동현대백화점 |  상영관 : 상영관 58
2025-03-04T14:13:34.057+09:00 DEBUG 9248 --- [    Test worker] org.hibernate.SQL                        : 
    select
        te1_0.theater_id 
    from
        theater_tb te1_0 
    where
        te1_0.name=? 
        and te1_0.cinema_id=? 
    limit
        ?
Hibernate: 
    select
        te1_0.theater_id 
    from
        theater_tb te1_0 
    where
        te1_0.name=? 
        and te1_0.cinema_id=? 
    limit
        ?
2025-03-04T14:13:34.058+09:00 DEBUG 9248 --- [    Test worker] org.hibernate.SQL                        : 
    insert 
    into
        theater_tb
        (cinema_id, create_time, name) 
    values
        (?, ?, ?)
Hibernate: 
    insert 
    into
        theater_tb
        (cinema_id, create_time, name) 
    values
        (?, ?, ?)
영화관 : 더 부티크 목동현대백화점 |  상영관 : 상영관 59
2025-03-04T14:13:34.060+09:00 DEBUG 9248 --- [    Test worker] org.hibernate.SQL                        : 
    select
        te1_0.theater_id 
    from
        theater_tb te1_0 
    where
        te1_0.name=? 
        and te1_0.cinema_id=? 
    limit
        ?
Hibernate: 
    select
        te1_0.theater_id 
    from
        theater_tb te1_0 
    where
        te1_0.name=? 
        and te1_0.cinema_id=? 
    limit
        ?
2025-03-04T14:13:34.061+09:00 DEBUG 9248 --- [    Test worker] org.hibernate.SQL                        : 
    insert 
    into
        theater_tb
        (cinema_id, create_time, name) 
    values
        (?, ?, ?)
Hibernate: 
    insert 
    into
        theater_tb
        (cinema_id, create_time, name) 
    values
        (?, ?, ?)
영화관 : 더 부티크 목동현대백화점 |  상영관 : 상영관 60
2025-03-04T14:13:34.062+09:00 DEBUG 9248 --- [    Test worker] org.hibernate.SQL                        : 
    select
        count(te1_0.theater_id) 
    from
        theater_tb te1_0 
    where
        te1_0.cinema_id=?
Hibernate: 
    select
        count(te1_0.theater_id) 
    from
        theater_tb te1_0 
    where
        te1_0.cinema_id=?
2025-03-04T14:13:34.063+09:00 DEBUG 9248 --- [    Test worker] org.hibernate.SQL                        : 
    select
        te1_0.theater_id 
    from
        theater_tb te1_0 
    where
        te1_0.name=? 
        and te1_0.cinema_id=? 
    limit
        ?
Hibernate: 
    select
        te1_0.theater_id 
    from
        theater_tb te1_0 
    where
        te1_0.name=? 
        and te1_0.cinema_id=? 
    limit
        ?
2025-03-04T14:13:34.064+09:00 DEBUG 9248 --- [    Test worker] org.hibernate.SQL                        : 
    insert 
    into
        theater_tb
        (cinema_id, create_time, name) 
    values
        (?, ?, ?)
Hibernate: 
    insert 
    into
        theater_tb
        (cinema_id, create_time, name) 
    values
        (?, ?, ?)
영화관 : 동대문 |  상영관 : 상영관 51
2025-03-04T14:13:34.066+09:00 DEBUG 9248 --- [    Test worker] org.hibernate.SQL                        : 
    select
        te1_0.theater_id 
    from
        theater_tb te1_0 
    where
        te1_0.name=? 
        and te1_0.cinema_id=? 
    limit
        ?
Hibernate: 
    select
        te1_0.theater_id 
    from
        theater_tb te1_0 
    where
        te1_0.name=? 
        and te1_0.cinema_id=? 
    limit
        ?
2025-03-04T14:13:34.067+09:00 DEBUG 9248 --- [    Test worker] org.hibernate.SQL                        : 
    insert 
    into
        theater_tb
        (cinema_id, create_time, name) 
    values
        (?, ?, ?)
Hibernate: 
    insert 
    into
        theater_tb
        (cinema_id, create_time, name) 
    values
        (?, ?, ?)
영화관 : 동대문 |  상영관 : 상영관 52
2025-03-04T14:13:34.068+09:00 DEBUG 9248 --- [    Test worker] org.hibernate.SQL                        : 
    select
        te1_0.theater_id 
    from
        theater_tb te1_0 
    where
        te1_0.name=? 
        and te1_0.cinema_id=? 
    limit
        ?
Hibernate: 
    select
        te1_0.theater_id 
    from
        theater_tb te1_0 
    where
        te1_0.name=? 
        and te1_0.cinema_id=? 
    limit
        ?
2025-03-04T14:13:34.069+09:00 DEBUG 9248 --- [    Test worker] org.hibernate.SQL                        : 
    insert 
    into
        theater_tb
        (cinema_id, create_time, name) 
    values
        (?, ?, ?)
Hibernate: 
    insert 
    into
        theater_tb
        (cinema_id, create_time, name) 
    values
        (?, ?, ?)
영화관 : 동대문 |  상영관 : 상영관 53
2025-03-04T14:13:34.071+09:00 DEBUG 9248 --- [    Test worker] org.hibernate.SQL                        : 
    select
        te1_0.theater_id 
    from
        theater_tb te1_0 
    where
        te1_0.name=? 
        and te1_0.cinema_id=? 
    limit
        ?
Hibernate: 
    select
        te1_0.theater_id 
    from
        theater_tb te1_0 
    where
        te1_0.name=? 
        and te1_0.cinema_id=? 
    limit
        ?
2025-03-04T14:13:34.072+09:00 DEBUG 9248 --- [    Test worker] org.hibernate.SQL                        : 
    insert 
    into
        theater_tb
        (cinema_id, create_time, name) 
    values
        (?, ?, ?)
Hibernate: 
    insert 
    into
        theater_tb
        (cinema_id, create_time, name) 
    values
        (?, ?, ?)
영화관 : 동대문 |  상영관 : 상영관 54
2025-03-04T14:13:34.074+09:00 DEBUG 9248 --- [    Test worker] org.hibernate.SQL                        : 
    select
        te1_0.theater_id 
    from
        theater_tb te1_0 
    where
        te1_0.name=? 
        and te1_0.cinema_id=? 
    limit
        ?
Hibernate: 
    select
        te1_0.theater_id 
    from
        theater_tb te1_0 
    where
        te1_0.name=? 
        and te1_0.cinema_id=? 
    limit
        ?
2025-03-04T14:13:34.075+09:00 DEBUG 9248 --- [    Test worker] org.hibernate.SQL                        : 
    insert 
    into
        theater_tb
        (cinema_id, create_time, name) 
    values
        (?, ?, ?)
Hibernate: 
    insert 
    into
        theater_tb
        (cinema_id, create_time, name) 
    values
        (?, ?, ?)
영화관 : 동대문 |  상영관 : 상영관 55
2025-03-04T14:13:34.078+09:00 DEBUG 9248 --- [    Test worker] org.hibernate.SQL                        : 
    select
        te1_0.theater_id 
    from
        theater_tb te1_0 
    where
        te1_0.name=? 
        and te1_0.cinema_id=? 
    limit
        ?
Hibernate: 
    select
        te1_0.theater_id 
    from
        theater_tb te1_0 
    where
        te1_0.name=? 
        and te1_0.cinema_id=? 
    limit
        ?
2025-03-04T14:13:34.079+09:00 DEBUG 9248 --- [    Test worker] org.hibernate.SQL                        : 
    insert 
    into
        theater_tb
        (cinema_id, create_time, name) 
    values
        (?, ?, ?)
Hibernate: 
    insert 
    into
        theater_tb
        (cinema_id, create_time, name) 
    values
        (?, ?, ?)
영화관 : 동대문 |  상영관 : 상영관 56
2025-03-04T14:13:34.081+09:00 DEBUG 9248 --- [    Test worker] org.hibernate.SQL                        : 
    select
        te1_0.theater_id 
    from
        theater_tb te1_0 
    where
        te1_0.name=? 
        and te1_0.cinema_id=? 
    limit
        ?
Hibernate: 
    select
        te1_0.theater_id 
    from
        theater_tb te1_0 
    where
        te1_0.name=? 
        and te1_0.cinema_id=? 
    limit
        ?
2025-03-04T14:13:34.082+09:00 DEBUG 9248 --- [    Test worker] org.hibernate.SQL                        : 
    insert 
    into
        theater_tb
        (cinema_id, create_time, name) 
    values
        (?, ?, ?)
Hibernate: 
    insert 
    into
        theater_tb
        (cinema_id, create_time, name) 
    values
        (?, ?, ?)
영화관 : 동대문 |  상영관 : 상영관 57
2025-03-04T14:13:34.084+09:00 DEBUG 9248 --- [    Test worker] org.hibernate.SQL                        : 
    select
        te1_0.theater_id 
    from
        theater_tb te1_0 
    where
        te1_0.name=? 
        and te1_0.cinema_id=? 
    limit
        ?
Hibernate: 
    select
        te1_0.theater_id 
    from
        theater_tb te1_0 
    where
        te1_0.name=? 
        and te1_0.cinema_id=? 
    limit
        ?
2025-03-04T14:13:34.085+09:00 DEBUG 9248 --- [    Test worker] org.hibernate.SQL                        : 
    insert 
    into
        theater_tb
        (cinema_id, create_time, name) 
    values
        (?, ?, ?)
Hibernate: 
    insert 
    into
        theater_tb
        (cinema_id, create_time, name) 
    values
        (?, ?, ?)
영화관 : 동대문 |  상영관 : 상영관 58
2025-03-04T14:13:34.087+09:00 DEBUG 9248 --- [    Test worker] org.hibernate.SQL                        : 
    select
        te1_0.theater_id 
    from
        theater_tb te1_0 
    where
        te1_0.name=? 
        and te1_0.cinema_id=? 
    limit
        ?
Hibernate: 
    select
        te1_0.theater_id 
    from
        theater_tb te1_0 
    where
        te1_0.name=? 
        and te1_0.cinema_id=? 
    limit
        ?
2025-03-04T14:13:34.088+09:00 DEBUG 9248 --- [    Test worker] org.hibernate.SQL                        : 
    insert 
    into
        theater_tb
        (cinema_id, create_time, name) 
    values
        (?, ?, ?)
Hibernate: 
    insert 
    into
        theater_tb
        (cinema_id, create_time, name) 
    values
        (?, ?, ?)
영화관 : 동대문 |  상영관 : 상영관 59
2025-03-04T14:13:34.090+09:00 DEBUG 9248 --- [    Test worker] org.hibernate.SQL                        : 
    select
        te1_0.theater_id 
    from
        theater_tb te1_0 
    where
        te1_0.name=? 
        and te1_0.cinema_id=? 
    limit
        ?
Hibernate: 
    select
        te1_0.theater_id 
    from
        theater_tb te1_0 
    where
        te1_0.name=? 
        and te1_0.cinema_id=? 
    limit
        ?
2025-03-04T14:13:34.091+09:00 DEBUG 9248 --- [    Test worker] org.hibernate.SQL                        : 
    insert 
    into
        theater_tb
        (cinema_id, create_time, name) 
    values
        (?, ?, ?)
Hibernate: 
    insert 
    into
        theater_tb
        (cinema_id, create_time, name) 
    values
        (?, ?, ?)
영화관 : 동대문 |  상영관 : 상영관 60
2025-03-04T14:13:34.092+09:00 DEBUG 9248 --- [    Test worker] org.hibernate.SQL                        : 
    select
        count(te1_0.theater_id) 
    from
        theater_tb te1_0 
    where
        te1_0.cinema_id=?
Hibernate: 
    select
        count(te1_0.theater_id) 
    from
        theater_tb te1_0 
    where
        te1_0.cinema_id=?
2025-03-04T14:13:34.094+09:00 DEBUG 9248 --- [    Test worker] org.hibernate.SQL                        : 
    select
        te1_0.theater_id 
    from
        theater_tb te1_0 
    where
        te1_0.name=? 
        and te1_0.cinema_id=? 
    limit
        ?
Hibernate: 
    select
        te1_0.theater_id 
    from
        theater_tb te1_0 
    where
        te1_0.name=? 
        and te1_0.cinema_id=? 
    limit
        ?
2025-03-04T14:13:34.095+09:00 DEBUG 9248 --- [    Test worker] org.hibernate.SQL                        : 
    insert 
    into
        theater_tb
        (cinema_id, create_time, name) 
    values
        (?, ?, ?)
Hibernate: 
    insert 
    into
        theater_tb
        (cinema_id, create_time, name) 
    values
        (?, ?, ?)
영화관 : 검단 |  상영관 : 상영관 51
2025-03-04T14:13:34.097+09:00 DEBUG 9248 --- [    Test worker] org.hibernate.SQL                        : 
    select
        te1_0.theater_id 
    from
        theater_tb te1_0 
    where
        te1_0.name=? 
        and te1_0.cinema_id=? 
    limit
        ?
Hibernate: 
    select
        te1_0.theater_id 
    from
        theater_tb te1_0 
    where
        te1_0.name=? 
        and te1_0.cinema_id=? 
    limit
        ?
2025-03-04T14:13:34.098+09:00 DEBUG 9248 --- [    Test worker] org.hibernate.SQL                        : 
    insert 
    into
        theater_tb
        (cinema_id, create_time, name) 
    values
        (?, ?, ?)
Hibernate: 
    insert 
    into
        theater_tb
        (cinema_id, create_time, name) 
    values
        (?, ?, ?)
영화관 : 검단 |  상영관 : 상영관 52
2025-03-04T14:13:34.100+09:00 DEBUG 9248 --- [    Test worker] org.hibernate.SQL                        : 
    select
        te1_0.theater_id 
    from
        theater_tb te1_0 
    where
        te1_0.name=? 
        and te1_0.cinema_id=? 
    limit
        ?
Hibernate: 
    select
        te1_0.theater_id 
    from
        theater_tb te1_0 
    where
        te1_0.name=? 
        and te1_0.cinema_id=? 
    limit
        ?
2025-03-04T14:13:34.101+09:00 DEBUG 9248 --- [    Test worker] org.hibernate.SQL                        : 
    insert 
    into
        theater_tb
        (cinema_id, create_time, name) 
    values
        (?, ?, ?)
Hibernate: 
    insert 
    into
        theater_tb
        (cinema_id, create_time, name) 
    values
        (?, ?, ?)
영화관 : 검단 |  상영관 : 상영관 53
2025-03-04T14:13:34.102+09:00 DEBUG 9248 --- [    Test worker] org.hibernate.SQL                        : 
    select
        te1_0.theater_id 
    from
        theater_tb te1_0 
    where
        te1_0.name=? 
        and te1_0.cinema_id=? 
    limit
        ?
Hibernate: 
    select
        te1_0.theater_id 
    from
        theater_tb te1_0 
    where
        te1_0.name=? 
        and te1_0.cinema_id=? 
    limit
        ?
2025-03-04T14:13:34.103+09:00 DEBUG 9248 --- [    Test worker] org.hibernate.SQL                        : 
    insert 
    into
        theater_tb
        (cinema_id, create_time, name) 
    values
        (?, ?, ?)
Hibernate: 
    insert 
    into
        theater_tb
        (cinema_id, create_time, name) 
    values
        (?, ?, ?)
영화관 : 검단 |  상영관 : 상영관 54
2025-03-04T14:13:34.105+09:00 DEBUG 9248 --- [    Test worker] org.hibernate.SQL                        : 
    select
        te1_0.theater_id 
    from
        theater_tb te1_0 
    where
        te1_0.name=? 
        and te1_0.cinema_id=? 
    limit
        ?
Hibernate: 
    select
        te1_0.theater_id 
    from
        theater_tb te1_0 
    where
        te1_0.name=? 
        and te1_0.cinema_id=? 
    limit
        ?
2025-03-04T14:13:34.106+09:00 DEBUG 9248 --- [    Test worker] org.hibernate.SQL                        : 
    insert 
    into
        theater_tb
        (cinema_id, create_time, name) 
    values
        (?, ?, ?)
Hibernate: 
    insert 
    into
        theater_tb
        (cinema_id, create_time, name) 
    values
        (?, ?, ?)
영화관 : 검단 |  상영관 : 상영관 55
2025-03-04T14:13:34.107+09:00 DEBUG 9248 --- [    Test worker] org.hibernate.SQL                        : 
    select
        te1_0.theater_id 
    from
        theater_tb te1_0 
    where
        te1_0.name=? 
        and te1_0.cinema_id=? 
    limit
        ?
Hibernate: 
    select
        te1_0.theater_id 
    from
        theater_tb te1_0 
    where
        te1_0.name=? 
        and te1_0.cinema_id=? 
    limit
        ?
2025-03-04T14:13:34.108+09:00 DEBUG 9248 --- [    Test worker] org.hibernate.SQL                        : 
    insert 
    into
        theater_tb
        (cinema_id, create_time, name) 
    values
        (?, ?, ?)
Hibernate: 
    insert 
    into
        theater_tb
        (cinema_id, create_time, name) 
    values
        (?, ?, ?)
영화관 : 검단 |  상영관 : 상영관 56
2025-03-04T14:13:34.110+09:00 DEBUG 9248 --- [    Test worker] org.hibernate.SQL                        : 
    select
        te1_0.theater_id 
    from
        theater_tb te1_0 
    where
        te1_0.name=? 
        and te1_0.cinema_id=? 
    limit
        ?
Hibernate: 
    select
        te1_0.theater_id 
    from
        theater_tb te1_0 
    where
        te1_0.name=? 
        and te1_0.cinema_id=? 
    limit
        ?
2025-03-04T14:13:34.111+09:00 DEBUG 9248 --- [    Test worker] org.hibernate.SQL                        : 
    insert 
    into
        theater_tb
        (cinema_id, create_time, name) 
    values
        (?, ?, ?)
Hibernate: 
    insert 
    into
        theater_tb
        (cinema_id, create_time, name) 
    values
        (?, ?, ?)
영화관 : 검단 |  상영관 : 상영관 57
2025-03-04T14:13:34.113+09:00 DEBUG 9248 --- [    Test worker] org.hibernate.SQL                        : 
    select
        te1_0.theater_id 
    from
        theater_tb te1_0 
    where
        te1_0.name=? 
        and te1_0.cinema_id=? 
    limit
        ?
Hibernate: 
    select
        te1_0.theater_id 
    from
        theater_tb te1_0 
    where
        te1_0.name=? 
        and te1_0.cinema_id=? 
    limit
        ?
2025-03-04T14:13:34.114+09:00 DEBUG 9248 --- [    Test worker] org.hibernate.SQL                        : 
    insert 
    into
        theater_tb
        (cinema_id, create_time, name) 
    values
        (?, ?, ?)
Hibernate: 
    insert 
    into
        theater_tb
        (cinema_id, create_time, name) 
    values
        (?, ?, ?)
영화관 : 검단 |  상영관 : 상영관 58
2025-03-04T14:13:34.115+09:00 DEBUG 9248 --- [    Test worker] org.hibernate.SQL                        : 
    select
        te1_0.theater_id 
    from
        theater_tb te1_0 
    where
        te1_0.name=? 
        and te1_0.cinema_id=? 
    limit
        ?
Hibernate: 
    select
        te1_0.theater_id 
    from
        theater_tb te1_0 
    where
        te1_0.name=? 
        and te1_0.cinema_id=? 
    limit
        ?
2025-03-04T14:13:34.116+09:00 DEBUG 9248 --- [    Test worker] org.hibernate.SQL                        : 
    insert 
    into
        theater_tb
        (cinema_id, create_time, name) 
    values
        (?, ?, ?)
Hibernate: 
    insert 
    into
        theater_tb
        (cinema_id, create_time, name) 
    values
        (?, ?, ?)
영화관 : 검단 |  상영관 : 상영관 59
2025-03-04T14:13:34.117+09:00 DEBUG 9248 --- [    Test worker] org.hibernate.SQL                        : 
    select
        te1_0.theater_id 
    from
        theater_tb te1_0 
    where
        te1_0.name=? 
        and te1_0.cinema_id=? 
    limit
        ?
Hibernate: 
    select
        te1_0.theater_id 
    from
        theater_tb te1_0 
    where
        te1_0.name=? 
        and te1_0.cinema_id=? 
    limit
        ?
2025-03-04T14:13:34.118+09:00 DEBUG 9248 --- [    Test worker] org.hibernate.SQL                        : 
    insert 
    into
        theater_tb
        (cinema_id, create_time, name) 
    values
        (?, ?, ?)
Hibernate: 
    insert 
    into
        theater_tb
        (cinema_id, create_time, name) 
    values
        (?, ?, ?)
영화관 : 검단 |  상영관 : 상영관 60
2025-03-04T14:13:34.120+09:00 DEBUG 9248 --- [    Test worker] org.hibernate.SQL                        : 
    select
        count(te1_0.theater_id) 
    from
        theater_tb te1_0 
    where
        te1_0.cinema_id=?
Hibernate: 
    select
        count(te1_0.theater_id) 
    from
        theater_tb te1_0 
    where
        te1_0.cinema_id=?
2025-03-04T14:13:34.121+09:00 DEBUG 9248 --- [    Test worker] org.hibernate.SQL                        : 
    select
        te1_0.theater_id 
    from
        theater_tb te1_0 
    where
        te1_0.name=? 
        and te1_0.cinema_id=? 
    limit
        ?
Hibernate: 
    select
        te1_0.theater_id 
    from
        theater_tb te1_0 
    where
        te1_0.name=? 
        and te1_0.cinema_id=? 
    limit
        ?
2025-03-04T14:13:34.122+09:00 DEBUG 9248 --- [    Test worker] org.hibernate.SQL                        : 
    insert 
    into
        theater_tb
        (cinema_id, create_time, name) 
    values
        (?, ?, ?)
Hibernate: 
    insert 
    into
        theater_tb
        (cinema_id, create_time, name) 
    values
        (?, ?, ?)
영화관 : 송도 |  상영관 : 상영관 51
2025-03-04T14:13:34.124+09:00 DEBUG 9248 --- [    Test worker] org.hibernate.SQL                        : 
    select
        te1_0.theater_id 
    from
        theater_tb te1_0 
    where
        te1_0.name=? 
        and te1_0.cinema_id=? 
    limit
        ?
Hibernate: 
    select
        te1_0.theater_id 
    from
        theater_tb te1_0 
    where
        te1_0.name=? 
        and te1_0.cinema_id=? 
    limit
        ?
2025-03-04T14:13:34.124+09:00 DEBUG 9248 --- [    Test worker] org.hibernate.SQL                        : 
    insert 
    into
        theater_tb
        (cinema_id, create_time, name) 
    values
        (?, ?, ?)
Hibernate: 
    insert 
    into
        theater_tb
        (cinema_id, create_time, name) 
    values
        (?, ?, ?)
영화관 : 송도 |  상영관 : 상영관 52
2025-03-04T14:13:34.126+09:00 DEBUG 9248 --- [    Test worker] org.hibernate.SQL                        : 
    select
        te1_0.theater_id 
    from
        theater_tb te1_0 
    where
        te1_0.name=? 
        and te1_0.cinema_id=? 
    limit
        ?
Hibernate: 
    select
        te1_0.theater_id 
    from
        theater_tb te1_0 
    where
        te1_0.name=? 
        and te1_0.cinema_id=? 
    limit
        ?
2025-03-04T14:13:34.128+09:00 DEBUG 9248 --- [    Test worker] org.hibernate.SQL                        : 
    insert 
    into
        theater_tb
        (cinema_id, create_time, name) 
    values
        (?, ?, ?)
Hibernate: 
    insert 
    into
        theater_tb
        (cinema_id, create_time, name) 
    values
        (?, ?, ?)
영화관 : 송도 |  상영관 : 상영관 53
2025-03-04T14:13:34.130+09:00 DEBUG 9248 --- [    Test worker] org.hibernate.SQL                        : 
    select
        te1_0.theater_id 
    from
        theater_tb te1_0 
    where
        te1_0.name=? 
        and te1_0.cinema_id=? 
    limit
        ?
Hibernate: 
    select
        te1_0.theater_id 
    from
        theater_tb te1_0 
    where
        te1_0.name=? 
        and te1_0.cinema_id=? 
    limit
        ?
2025-03-04T14:13:34.130+09:00 DEBUG 9248 --- [    Test worker] org.hibernate.SQL                        : 
    insert 
    into
        theater_tb
        (cinema_id, create_time, name) 
    values
        (?, ?, ?)
Hibernate: 
    insert 
    into
        theater_tb
        (cinema_id, create_time, name) 
    values
        (?, ?, ?)
영화관 : 송도 |  상영관 : 상영관 54
2025-03-04T14:13:34.132+09:00 DEBUG 9248 --- [    Test worker] org.hibernate.SQL                        : 
    select
        te1_0.theater_id 
    from
        theater_tb te1_0 
    where
        te1_0.name=? 
        and te1_0.cinema_id=? 
    limit
        ?
Hibernate: 
    select
        te1_0.theater_id 
    from
        theater_tb te1_0 
    where
        te1_0.name=? 
        and te1_0.cinema_id=? 
    limit
        ?
2025-03-04T14:13:34.133+09:00 DEBUG 9248 --- [    Test worker] org.hibernate.SQL                        : 
    insert 
    into
        theater_tb
        (cinema_id, create_time, name) 
    values
        (?, ?, ?)
Hibernate: 
    insert 
    into
        theater_tb
        (cinema_id, create_time, name) 
    values
        (?, ?, ?)
영화관 : 송도 |  상영관 : 상영관 55
2025-03-04T14:13:34.134+09:00 DEBUG 9248 --- [    Test worker] org.hibernate.SQL                        : 
    select
        te1_0.theater_id 
    from
        theater_tb te1_0 
    where
        te1_0.name=? 
        and te1_0.cinema_id=? 
    limit
        ?
Hibernate: 
    select
        te1_0.theater_id 
    from
        theater_tb te1_0 
    where
        te1_0.name=? 
        and te1_0.cinema_id=? 
    limit
        ?
2025-03-04T14:13:34.135+09:00 DEBUG 9248 --- [    Test worker] org.hibernate.SQL                        : 
    insert 
    into
        theater_tb
        (cinema_id, create_time, name) 
    values
        (?, ?, ?)
Hibernate: 
    insert 
    into
        theater_tb
        (cinema_id, create_time, name) 
    values
        (?, ?, ?)
영화관 : 송도 |  상영관 : 상영관 56
2025-03-04T14:13:34.136+09:00 DEBUG 9248 --- [    Test worker] org.hibernate.SQL                        : 
    select
        te1_0.theater_id 
    from
        theater_tb te1_0 
    where
        te1_0.name=? 
        and te1_0.cinema_id=? 
    limit
        ?
Hibernate: 
    select
        te1_0.theater_id 
    from
        theater_tb te1_0 
    where
        te1_0.name=? 
        and te1_0.cinema_id=? 
    limit
        ?
2025-03-04T14:13:34.137+09:00 DEBUG 9248 --- [    Test worker] org.hibernate.SQL                        : 
    insert 
    into
        theater_tb
        (cinema_id, create_time, name) 
    values
        (?, ?, ?)
Hibernate: 
    insert 
    into
        theater_tb
        (cinema_id, create_time, name) 
    values
        (?, ?, ?)
영화관 : 송도 |  상영관 : 상영관 57
2025-03-04T14:13:34.139+09:00 DEBUG 9248 --- [    Test worker] org.hibernate.SQL                        : 
    select
        te1_0.theater_id 
    from
        theater_tb te1_0 
    where
        te1_0.name=? 
        and te1_0.cinema_id=? 
    limit
        ?
Hibernate: 
    select
        te1_0.theater_id 
    from
        theater_tb te1_0 
    where
        te1_0.name=? 
        and te1_0.cinema_id=? 
    limit
        ?
2025-03-04T14:13:34.140+09:00 DEBUG 9248 --- [    Test worker] org.hibernate.SQL                        : 
    insert 
    into
        theater_tb
        (cinema_id, create_time, name) 
    values
        (?, ?, ?)
Hibernate: 
    insert 
    into
        theater_tb
        (cinema_id, create_time, name) 
    values
        (?, ?, ?)
영화관 : 송도 |  상영관 : 상영관 58
2025-03-04T14:13:34.141+09:00 DEBUG 9248 --- [    Test worker] org.hibernate.SQL                        : 
    select
        te1_0.theater_id 
    from
        theater_tb te1_0 
    where
        te1_0.name=? 
        and te1_0.cinema_id=? 
    limit
        ?
Hibernate: 
    select
        te1_0.theater_id 
    from
        theater_tb te1_0 
    where
        te1_0.name=? 
        and te1_0.cinema_id=? 
    limit
        ?
2025-03-04T14:13:34.142+09:00 DEBUG 9248 --- [    Test worker] org.hibernate.SQL                        : 
    insert 
    into
        theater_tb
        (cinema_id, create_time, name) 
    values
        (?, ?, ?)
Hibernate: 
    insert 
    into
        theater_tb
        (cinema_id, create_time, name) 
    values
        (?, ?, ?)
영화관 : 송도 |  상영관 : 상영관 59
2025-03-04T14:13:34.144+09:00 DEBUG 9248 --- [    Test worker] org.hibernate.SQL                        : 
    select
        te1_0.theater_id 
    from
        theater_tb te1_0 
    where
        te1_0.name=? 
        and te1_0.cinema_id=? 
    limit
        ?
Hibernate: 
    select
        te1_0.theater_id 
    from
        theater_tb te1_0 
    where
        te1_0.name=? 
        and te1_0.cinema_id=? 
    limit
        ?
2025-03-04T14:13:34.144+09:00 DEBUG 9248 --- [    Test worker] org.hibernate.SQL                        : 
    insert 
    into
        theater_tb
        (cinema_id, create_time, name) 
    values
        (?, ?, ?)
Hibernate: 
    insert 
    into
        theater_tb
        (cinema_id, create_time, name) 
    values
        (?, ?, ?)
영화관 : 송도 |  상영관 : 상영관 60
2025-03-04T14:13:34.146+09:00 DEBUG 9248 --- [    Test worker] org.hibernate.SQL                        : 
    select
        count(te1_0.theater_id) 
    from
        theater_tb te1_0 
    where
        te1_0.cinema_id=?
Hibernate: 
    select
        count(te1_0.theater_id) 
    from
        theater_tb te1_0 
    where
        te1_0.cinema_id=?
2025-03-04T14:13:34.147+09:00 DEBUG 9248 --- [    Test worker] org.hibernate.SQL                        : 
    select
        te1_0.theater_id 
    from
        theater_tb te1_0 
    where
        te1_0.name=? 
        and te1_0.cinema_id=? 
    limit
        ?
Hibernate: 
    select
        te1_0.theater_id 
    from
        theater_tb te1_0 
    where
        te1_0.name=? 
        and te1_0.cinema_id=? 
    limit
        ?
2025-03-04T14:13:34.148+09:00 DEBUG 9248 --- [    Test worker] org.hibernate.SQL                        : 
    insert 
    into
        theater_tb
        (cinema_id, create_time, name) 
    values
        (?, ?, ?)
Hibernate: 
    insert 
    into
        theater_tb
        (cinema_id, create_time, name) 
    values
        (?, ?, ?)
영화관 : 영종 |  상영관 : 상영관 51
2025-03-04T14:13:34.150+09:00 DEBUG 9248 --- [    Test worker] org.hibernate.SQL                        : 
    select
        te1_0.theater_id 
    from
        theater_tb te1_0 
    where
        te1_0.name=? 
        and te1_0.cinema_id=? 
    limit
        ?
Hibernate: 
    select
        te1_0.theater_id 
    from
        theater_tb te1_0 
    where
        te1_0.name=? 
        and te1_0.cinema_id=? 
    limit
        ?
2025-03-04T14:13:34.151+09:00 DEBUG 9248 --- [    Test worker] org.hibernate.SQL                        : 
    insert 
    into
        theater_tb
        (cinema_id, create_time, name) 
    values
        (?, ?, ?)
Hibernate: 
    insert 
    into
        theater_tb
        (cinema_id, create_time, name) 
    values
        (?, ?, ?)
영화관 : 영종 |  상영관 : 상영관 52
2025-03-04T14:13:34.152+09:00 DEBUG 9248 --- [    Test worker] org.hibernate.SQL                        : 
    select
        te1_0.theater_id 
    from
        theater_tb te1_0 
    where
        te1_0.name=? 
        and te1_0.cinema_id=? 
    limit
        ?
Hibernate: 
    select
        te1_0.theater_id 
    from
        theater_tb te1_0 
    where
        te1_0.name=? 
        and te1_0.cinema_id=? 
    limit
        ?
2025-03-04T14:13:34.153+09:00 DEBUG 9248 --- [    Test worker] org.hibernate.SQL                        : 
    insert 
    into
        theater_tb
        (cinema_id, create_time, name) 
    values
        (?, ?, ?)
Hibernate: 
    insert 
    into
        theater_tb
        (cinema_id, create_time, name) 
    values
        (?, ?, ?)
영화관 : 영종 |  상영관 : 상영관 53
2025-03-04T14:13:34.155+09:00 DEBUG 9248 --- [    Test worker] org.hibernate.SQL                        : 
    select
        te1_0.theater_id 
    from
        theater_tb te1_0 
    where
        te1_0.name=? 
        and te1_0.cinema_id=? 
    limit
        ?
Hibernate: 
    select
        te1_0.theater_id 
    from
        theater_tb te1_0 
    where
        te1_0.name=? 
        and te1_0.cinema_id=? 
    limit
        ?
2025-03-04T14:13:34.156+09:00 DEBUG 9248 --- [    Test worker] org.hibernate.SQL                        : 
    insert 
    into
        theater_tb
        (cinema_id, create_time, name) 
    values
        (?, ?, ?)
Hibernate: 
    insert 
    into
        theater_tb
        (cinema_id, create_time, name) 
    values
        (?, ?, ?)
영화관 : 영종 |  상영관 : 상영관 54
2025-03-04T14:13:34.158+09:00 DEBUG 9248 --- [    Test worker] org.hibernate.SQL                        : 
    select
        te1_0.theater_id 
    from
        theater_tb te1_0 
    where
        te1_0.name=? 
        and te1_0.cinema_id=? 
    limit
        ?
Hibernate: 
    select
        te1_0.theater_id 
    from
        theater_tb te1_0 
    where
        te1_0.name=? 
        and te1_0.cinema_id=? 
    limit
        ?
2025-03-04T14:13:34.159+09:00 DEBUG 9248 --- [    Test worker] org.hibernate.SQL                        : 
    insert 
    into
        theater_tb
        (cinema_id, create_time, name) 
    values
        (?, ?, ?)
Hibernate: 
    insert 
    into
        theater_tb
        (cinema_id, create_time, name) 
    values
        (?, ?, ?)
영화관 : 영종 |  상영관 : 상영관 55
2025-03-04T14:13:34.161+09:00 DEBUG 9248 --- [    Test worker] org.hibernate.SQL                        : 
    select
        te1_0.theater_id 
    from
        theater_tb te1_0 
    where
        te1_0.name=? 
        and te1_0.cinema_id=? 
    limit
        ?
Hibernate: 
    select
        te1_0.theater_id 
    from
        theater_tb te1_0 
    where
        te1_0.name=? 
        and te1_0.cinema_id=? 
    limit
        ?
2025-03-04T14:13:34.162+09:00 DEBUG 9248 --- [    Test worker] org.hibernate.SQL                        : 
    insert 
    into
        theater_tb
        (cinema_id, create_time, name) 
    values
        (?, ?, ?)
Hibernate: 
    insert 
    into
        theater_tb
        (cinema_id, create_time, name) 
    values
        (?, ?, ?)
영화관 : 영종 |  상영관 : 상영관 56
2025-03-04T14:13:34.164+09:00 DEBUG 9248 --- [    Test worker] org.hibernate.SQL                        : 
    select
        te1_0.theater_id 
    from
        theater_tb te1_0 
    where
        te1_0.name=? 
        and te1_0.cinema_id=? 
    limit
        ?
Hibernate: 
    select
        te1_0.theater_id 
    from
        theater_tb te1_0 
    where
        te1_0.name=? 
        and te1_0.cinema_id=? 
    limit
        ?
2025-03-04T14:13:34.165+09:00 DEBUG 9248 --- [    Test worker] org.hibernate.SQL                        : 
    insert 
    into
        theater_tb
        (cinema_id, create_time, name) 
    values
        (?, ?, ?)
Hibernate: 
    insert 
    into
        theater_tb
        (cinema_id, create_time, name) 
    values
        (?, ?, ?)
영화관 : 영종 |  상영관 : 상영관 57
2025-03-04T14:13:34.167+09:00 DEBUG 9248 --- [    Test worker] org.hibernate.SQL                        : 
    select
        te1_0.theater_id 
    from
        theater_tb te1_0 
    where
        te1_0.name=? 
        and te1_0.cinema_id=? 
    limit
        ?
Hibernate: 
    select
        te1_0.theater_id 
    from
        theater_tb te1_0 
    where
        te1_0.name=? 
        and te1_0.cinema_id=? 
    limit
        ?
2025-03-04T14:13:34.168+09:00 DEBUG 9248 --- [    Test worker] org.hibernate.SQL                        : 
    insert 
    into
        theater_tb
        (cinema_id, create_time, name) 
    values
        (?, ?, ?)
Hibernate: 
    insert 
    into
        theater_tb
        (cinema_id, create_time, name) 
    values
        (?, ?, ?)
영화관 : 영종 |  상영관 : 상영관 58
2025-03-04T14:13:34.170+09:00 DEBUG 9248 --- [    Test worker] org.hibernate.SQL                        : 
    select
        te1_0.theater_id 
    from
        theater_tb te1_0 
    where
        te1_0.name=? 
        and te1_0.cinema_id=? 
    limit
        ?
Hibernate: 
    select
        te1_0.theater_id 
    from
        theater_tb te1_0 
    where
        te1_0.name=? 
        and te1_0.cinema_id=? 
    limit
        ?
2025-03-04T14:13:34.171+09:00 DEBUG 9248 --- [    Test worker] org.hibernate.SQL                        : 
    insert 
    into
        theater_tb
        (cinema_id, create_time, name) 
    values
        (?, ?, ?)
Hibernate: 
    insert 
    into
        theater_tb
        (cinema_id, create_time, name) 
    values
        (?, ?, ?)
영화관 : 영종 |  상영관 : 상영관 59
2025-03-04T14:13:34.173+09:00 DEBUG 9248 --- [    Test worker] org.hibernate.SQL                        : 
    select
        te1_0.theater_id 
    from
        theater_tb te1_0 
    where
        te1_0.name=? 
        and te1_0.cinema_id=? 
    limit
        ?
Hibernate: 
    select
        te1_0.theater_id 
    from
        theater_tb te1_0 
    where
        te1_0.name=? 
        and te1_0.cinema_id=? 
    limit
        ?
2025-03-04T14:13:34.175+09:00 DEBUG 9248 --- [    Test worker] org.hibernate.SQL                        : 
    insert 
    into
        theater_tb
        (cinema_id, create_time, name) 
    values
        (?, ?, ?)
Hibernate: 
    insert 
    into
        theater_tb
        (cinema_id, create_time, name) 
    values
        (?, ?, ?)
영화관 : 영종 |  상영관 : 상영관 60
2025-03-04T14:13:34.177+09:00 DEBUG 9248 --- [    Test worker] org.hibernate.SQL                        : 
    select
        count(te1_0.theater_id) 
    from
        theater_tb te1_0 
    where
        te1_0.cinema_id=?
Hibernate: 
    select
        count(te1_0.theater_id) 
    from
        theater_tb te1_0 
    where
        te1_0.cinema_id=?
2025-03-04T14:13:34.179+09:00 DEBUG 9248 --- [    Test worker] org.hibernate.SQL                        : 
    select
        te1_0.theater_id 
    from
        theater_tb te1_0 
    where
        te1_0.name=? 
        and te1_0.cinema_id=? 
    limit
        ?
Hibernate: 
    select
        te1_0.theater_id 
    from
        theater_tb te1_0 
    where
        te1_0.name=? 
        and te1_0.cinema_id=? 
    limit
        ?
2025-03-04T14:13:34.180+09:00 DEBUG 9248 --- [    Test worker] org.hibernate.SQL                        : 
    insert 
    into
        theater_tb
        (cinema_id, create_time, name) 
    values
        (?, ?, ?)
Hibernate: 
    insert 
    into
        theater_tb
        (cinema_id, create_time, name) 
    values
        (?, ?, ?)
영화관 : 영종하늘도시 |  상영관 : 상영관 51
2025-03-04T14:13:34.183+09:00 DEBUG 9248 --- [    Test worker] org.hibernate.SQL                        : 
    select
        te1_0.theater_id 
    from
        theater_tb te1_0 
    where
        te1_0.name=? 
        and te1_0.cinema_id=? 
    limit
        ?
Hibernate: 
    select
        te1_0.theater_id 
    from
        theater_tb te1_0 
    where
        te1_0.name=? 
        and te1_0.cinema_id=? 
    limit
        ?
2025-03-04T14:13:34.185+09:00 DEBUG 9248 --- [    Test worker] org.hibernate.SQL                        : 
    insert 
    into
        theater_tb
        (cinema_id, create_time, name) 
    values
        (?, ?, ?)
Hibernate: 
    insert 
    into
        theater_tb
        (cinema_id, create_time, name) 
    values
        (?, ?, ?)
영화관 : 영종하늘도시 |  상영관 : 상영관 52
2025-03-04T14:13:34.187+09:00 DEBUG 9248 --- [    Test worker] org.hibernate.SQL                        : 
    select
        te1_0.theater_id 
    from
        theater_tb te1_0 
    where
        te1_0.name=? 
        and te1_0.cinema_id=? 
    limit
        ?
Hibernate: 
    select
        te1_0.theater_id 
    from
        theater_tb te1_0 
    where
        te1_0.name=? 
        and te1_0.cinema_id=? 
    limit
        ?
2025-03-04T14:13:34.188+09:00 DEBUG 9248 --- [    Test worker] org.hibernate.SQL                        : 
    insert 
    into
        theater_tb
        (cinema_id, create_time, name) 
    values
        (?, ?, ?)
Hibernate: 
    insert 
    into
        theater_tb
        (cinema_id, create_time, name) 
    values
        (?, ?, ?)
영화관 : 영종하늘도시 |  상영관 : 상영관 53
2025-03-04T14:13:34.190+09:00 DEBUG 9248 --- [    Test worker] org.hibernate.SQL                        : 
    select
        te1_0.theater_id 
    from
        theater_tb te1_0 
    where
        te1_0.name=? 
        and te1_0.cinema_id=? 
    limit
        ?
Hibernate: 
    select
        te1_0.theater_id 
    from
        theater_tb te1_0 
    where
        te1_0.name=? 
        and te1_0.cinema_id=? 
    limit
        ?
2025-03-04T14:13:34.191+09:00 DEBUG 9248 --- [    Test worker] org.hibernate.SQL                        : 
    insert 
    into
        theater_tb
        (cinema_id, create_time, name) 
    values
        (?, ?, ?)
Hibernate: 
    insert 
    into
        theater_tb
        (cinema_id, create_time, name) 
    values
        (?, ?, ?)
영화관 : 영종하늘도시 |  상영관 : 상영관 54
2025-03-04T14:13:34.193+09:00 DEBUG 9248 --- [    Test worker] org.hibernate.SQL                        : 
    select
        te1_0.theater_id 
    from
        theater_tb te1_0 
    where
        te1_0.name=? 
        and te1_0.cinema_id=? 
    limit
        ?
Hibernate: 
    select
        te1_0.theater_id 
    from
        theater_tb te1_0 
    where
        te1_0.name=? 
        and te1_0.cinema_id=? 
    limit
        ?
2025-03-04T14:13:34.194+09:00 DEBUG 9248 --- [    Test worker] org.hibernate.SQL                        : 
    insert 
    into
        theater_tb
        (cinema_id, create_time, name) 
    values
        (?, ?, ?)
Hibernate: 
    insert 
    into
        theater_tb
        (cinema_id, create_time, name) 
    values
        (?, ?, ?)
영화관 : 영종하늘도시 |  상영관 : 상영관 55
2025-03-04T14:13:34.195+09:00 DEBUG 9248 --- [    Test worker] org.hibernate.SQL                        : 
    select
        te1_0.theater_id 
    from
        theater_tb te1_0 
    where
        te1_0.name=? 
        and te1_0.cinema_id=? 
    limit
        ?
Hibernate: 
    select
        te1_0.theater_id 
    from
        theater_tb te1_0 
    where
        te1_0.name=? 
        and te1_0.cinema_id=? 
    limit
        ?
2025-03-04T14:13:34.196+09:00 DEBUG 9248 --- [    Test worker] org.hibernate.SQL                        : 
    insert 
    into
        theater_tb
        (cinema_id, create_time, name) 
    values
        (?, ?, ?)
Hibernate: 
    insert 
    into
        theater_tb
        (cinema_id, create_time, name) 
    values
        (?, ?, ?)
영화관 : 영종하늘도시 |  상영관 : 상영관 56
2025-03-04T14:13:34.197+09:00 DEBUG 9248 --- [    Test worker] org.hibernate.SQL                        : 
    select
        te1_0.theater_id 
    from
        theater_tb te1_0 
    where
        te1_0.name=? 
        and te1_0.cinema_id=? 
    limit
        ?
Hibernate: 
    select
        te1_0.theater_id 
    from
        theater_tb te1_0 
    where
        te1_0.name=? 
        and te1_0.cinema_id=? 
    limit
        ?
2025-03-04T14:13:34.198+09:00 DEBUG 9248 --- [    Test worker] org.hibernate.SQL                        : 
    insert 
    into
        theater_tb
        (cinema_id, create_time, name) 
    values
        (?, ?, ?)
Hibernate: 
    insert 
    into
        theater_tb
        (cinema_id, create_time, name) 
    values
        (?, ?, ?)
영화관 : 영종하늘도시 |  상영관 : 상영관 57
2025-03-04T14:13:34.199+09:00 DEBUG 9248 --- [    Test worker] org.hibernate.SQL                        : 
    select
        te1_0.theater_id 
    from
        theater_tb te1_0 
    where
        te1_0.name=? 
        and te1_0.cinema_id=? 
    limit
        ?
Hibernate: 
    select
        te1_0.theater_id 
    from
        theater_tb te1_0 
    where
        te1_0.name=? 
        and te1_0.cinema_id=? 
    limit
        ?
2025-03-04T14:13:34.200+09:00 DEBUG 9248 --- [    Test worker] org.hibernate.SQL                        : 
    insert 
    into
        theater_tb
        (cinema_id, create_time, name) 
    values
        (?, ?, ?)
Hibernate: 
    insert 
    into
        theater_tb
        (cinema_id, create_time, name) 
    values
        (?, ?, ?)
영화관 : 영종하늘도시 |  상영관 : 상영관 58
2025-03-04T14:13:34.201+09:00 DEBUG 9248 --- [    Test worker] org.hibernate.SQL                        : 
    select
        te1_0.theater_id 
    from
        theater_tb te1_0 
    where
        te1_0.name=? 
        and te1_0.cinema_id=? 
    limit
        ?
Hibernate: 
    select
        te1_0.theater_id 
    from
        theater_tb te1_0 
    where
        te1_0.name=? 
        and te1_0.cinema_id=? 
    limit
        ?
2025-03-04T14:13:34.202+09:00 DEBUG 9248 --- [    Test worker] org.hibernate.SQL                        : 
    insert 
    into
        theater_tb
        (cinema_id, create_time, name) 
    values
        (?, ?, ?)
Hibernate: 
    insert 
    into
        theater_tb
        (cinema_id, create_time, name) 
    values
        (?, ?, ?)
영화관 : 영종하늘도시 |  상영관 : 상영관 59
2025-03-04T14:13:34.204+09:00 DEBUG 9248 --- [    Test worker] org.hibernate.SQL                        : 
    select
        te1_0.theater_id 
    from
        theater_tb te1_0 
    where
        te1_0.name=? 
        and te1_0.cinema_id=? 
    limit
        ?
Hibernate: 
    select
        te1_0.theater_id 
    from
        theater_tb te1_0 
    where
        te1_0.name=? 
        and te1_0.cinema_id=? 
    limit
        ?
2025-03-04T14:13:34.204+09:00 DEBUG 9248 --- [    Test worker] org.hibernate.SQL                        : 
    insert 
    into
        theater_tb
        (cinema_id, create_time, name) 
    values
        (?, ?, ?)
Hibernate: 
    insert 
    into
        theater_tb
        (cinema_id, create_time, name) 
    values
        (?, ?, ?)
영화관 : 영종하늘도시 |  상영관 : 상영관 60
2025-03-04T14:13:34.206+09:00 DEBUG 9248 --- [    Test worker] org.hibernate.SQL                        : 
    select
        count(te1_0.theater_id) 
    from
        theater_tb te1_0 
    where
        te1_0.cinema_id=?
Hibernate: 
    select
        count(te1_0.theater_id) 
    from
        theater_tb te1_0 
    where
        te1_0.cinema_id=?
2025-03-04T14:13:34.207+09:00 DEBUG 9248 --- [    Test worker] org.hibernate.SQL                        : 
    select
        te1_0.theater_id 
    from
        theater_tb te1_0 
    where
        te1_0.name=? 
        and te1_0.cinema_id=? 
    limit
        ?
Hibernate: 
    select
        te1_0.theater_id 
    from
        theater_tb te1_0 
    where
        te1_0.name=? 
        and te1_0.cinema_id=? 
    limit
        ?
2025-03-04T14:13:34.208+09:00 DEBUG 9248 --- [    Test worker] org.hibernate.SQL                        : 
    insert 
    into
        theater_tb
        (cinema_id, create_time, name) 
    values
        (?, ?, ?)
Hibernate: 
    insert 
    into
        theater_tb
        (cinema_id, create_time, name) 
    values
        (?, ?, ?)
영화관 : 제주삼화 |  상영관 : 상영관 51
2025-03-04T14:13:34.210+09:00 DEBUG 9248 --- [    Test worker] org.hibernate.SQL                        : 
    select
        te1_0.theater_id 
    from
        theater_tb te1_0 
    where
        te1_0.name=? 
        and te1_0.cinema_id=? 
    limit
        ?
Hibernate: 
    select
        te1_0.theater_id 
    from
        theater_tb te1_0 
    where
        te1_0.name=? 
        and te1_0.cinema_id=? 
    limit
        ?
2025-03-04T14:13:34.211+09:00 DEBUG 9248 --- [    Test worker] org.hibernate.SQL                        : 
    insert 
    into
        theater_tb
        (cinema_id, create_time, name) 
    values
        (?, ?, ?)
Hibernate: 
    insert 
    into
        theater_tb
        (cinema_id, create_time, name) 
    values
        (?, ?, ?)
영화관 : 제주삼화 |  상영관 : 상영관 52
2025-03-04T14:13:34.212+09:00 DEBUG 9248 --- [    Test worker] org.hibernate.SQL                        : 
    select
        te1_0.theater_id 
    from
        theater_tb te1_0 
    where
        te1_0.name=? 
        and te1_0.cinema_id=? 
    limit
        ?
Hibernate: 
    select
        te1_0.theater_id 
    from
        theater_tb te1_0 
    where
        te1_0.name=? 
        and te1_0.cinema_id=? 
    limit
        ?
2025-03-04T14:13:34.213+09:00 DEBUG 9248 --- [    Test worker] org.hibernate.SQL                        : 
    insert 
    into
        theater_tb
        (cinema_id, create_time, name) 
    values
        (?, ?, ?)
Hibernate: 
    insert 
    into
        theater_tb
        (cinema_id, create_time, name) 
    values
        (?, ?, ?)
영화관 : 제주삼화 |  상영관 : 상영관 53
2025-03-04T14:13:34.215+09:00 DEBUG 9248 --- [    Test worker] org.hibernate.SQL                        : 
    select
        te1_0.theater_id 
    from
        theater_tb te1_0 
    where
        te1_0.name=? 
        and te1_0.cinema_id=? 
    limit
        ?
Hibernate: 
    select
        te1_0.theater_id 
    from
        theater_tb te1_0 
    where
        te1_0.name=? 
        and te1_0.cinema_id=? 
    limit
        ?
2025-03-04T14:13:34.216+09:00 DEBUG 9248 --- [    Test worker] org.hibernate.SQL                        : 
    insert 
    into
        theater_tb
        (cinema_id, create_time, name) 
    values
        (?, ?, ?)
Hibernate: 
    insert 
    into
        theater_tb
        (cinema_id, create_time, name) 
    values
        (?, ?, ?)
영화관 : 제주삼화 |  상영관 : 상영관 54
2025-03-04T14:13:34.218+09:00 DEBUG 9248 --- [    Test worker] org.hibernate.SQL                        : 
    select
        te1_0.theater_id 
    from
        theater_tb te1_0 
    where
        te1_0.name=? 
        and te1_0.cinema_id=? 
    limit
        ?
Hibernate: 
    select
        te1_0.theater_id 
    from
        theater_tb te1_0 
    where
        te1_0.name=? 
        and te1_0.cinema_id=? 
    limit
        ?
2025-03-04T14:13:34.219+09:00 DEBUG 9248 --- [    Test worker] org.hibernate.SQL                        : 
    insert 
    into
        theater_tb
        (cinema_id, create_time, name) 
    values
        (?, ?, ?)
Hibernate: 
    insert 
    into
        theater_tb
        (cinema_id, create_time, name) 
    values
        (?, ?, ?)
영화관 : 제주삼화 |  상영관 : 상영관 55
2025-03-04T14:13:34.221+09:00 DEBUG 9248 --- [    Test worker] org.hibernate.SQL                        : 
    select
        te1_0.theater_id 
    from
        theater_tb te1_0 
    where
        te1_0.name=? 
        and te1_0.cinema_id=? 
    limit
        ?
Hibernate: 
    select
        te1_0.theater_id 
    from
        theater_tb te1_0 
    where
        te1_0.name=? 
        and te1_0.cinema_id=? 
    limit
        ?
2025-03-04T14:13:34.222+09:00 DEBUG 9248 --- [    Test worker] org.hibernate.SQL                        : 
    insert 
    into
        theater_tb
        (cinema_id, create_time, name) 
    values
        (?, ?, ?)
Hibernate: 
    insert 
    into
        theater_tb
        (cinema_id, create_time, name) 
    values
        (?, ?, ?)
영화관 : 제주삼화 |  상영관 : 상영관 56
2025-03-04T14:13:34.224+09:00 DEBUG 9248 --- [    Test worker] org.hibernate.SQL                        : 
    select
        te1_0.theater_id 
    from
        theater_tb te1_0 
    where
        te1_0.name=? 
        and te1_0.cinema_id=? 
    limit
        ?
Hibernate: 
    select
        te1_0.theater_id 
    from
        theater_tb te1_0 
    where
        te1_0.name=? 
        and te1_0.cinema_id=? 
    limit
        ?
2025-03-04T14:13:34.226+09:00 DEBUG 9248 --- [    Test worker] org.hibernate.SQL                        : 
    insert 
    into
        theater_tb
        (cinema_id, create_time, name) 
    values
        (?, ?, ?)
Hibernate: 
    insert 
    into
        theater_tb
        (cinema_id, create_time, name) 
    values
        (?, ?, ?)
영화관 : 제주삼화 |  상영관 : 상영관 57
2025-03-04T14:13:34.228+09:00 DEBUG 9248 --- [    Test worker] org.hibernate.SQL                        : 
    select
        te1_0.theater_id 
    from
        theater_tb te1_0 
    where
        te1_0.name=? 
        and te1_0.cinema_id=? 
    limit
        ?
Hibernate: 
    select
        te1_0.theater_id 
    from
        theater_tb te1_0 
    where
        te1_0.name=? 
        and te1_0.cinema_id=? 
    limit
        ?
2025-03-04T14:13:34.229+09:00 DEBUG 9248 --- [    Test worker] org.hibernate.SQL                        : 
    insert 
    into
        theater_tb
        (cinema_id, create_time, name) 
    values
        (?, ?, ?)
Hibernate: 
    insert 
    into
        theater_tb
        (cinema_id, create_time, name) 
    values
        (?, ?, ?)
영화관 : 제주삼화 |  상영관 : 상영관 58
2025-03-04T14:13:34.230+09:00 DEBUG 9248 --- [    Test worker] org.hibernate.SQL                        : 
    select
        te1_0.theater_id 
    from
        theater_tb te1_0 
    where
        te1_0.name=? 
        and te1_0.cinema_id=? 
    limit
        ?
Hibernate: 
    select
        te1_0.theater_id 
    from
        theater_tb te1_0 
    where
        te1_0.name=? 
        and te1_0.cinema_id=? 
    limit
        ?
2025-03-04T14:13:34.231+09:00 DEBUG 9248 --- [    Test worker] org.hibernate.SQL                        : 
    insert 
    into
        theater_tb
        (cinema_id, create_time, name) 
    values
        (?, ?, ?)
Hibernate: 
    insert 
    into
        theater_tb
        (cinema_id, create_time, name) 
    values
        (?, ?, ?)
영화관 : 제주삼화 |  상영관 : 상영관 59
2025-03-04T14:13:34.233+09:00 DEBUG 9248 --- [    Test worker] org.hibernate.SQL                        : 
    select
        te1_0.theater_id 
    from
        theater_tb te1_0 
    where
        te1_0.name=? 
        and te1_0.cinema_id=? 
    limit
        ?
Hibernate: 
    select
        te1_0.theater_id 
    from
        theater_tb te1_0 
    where
        te1_0.name=? 
        and te1_0.cinema_id=? 
    limit
        ?
2025-03-04T14:13:34.234+09:00 DEBUG 9248 --- [    Test worker] org.hibernate.SQL                        : 
    insert 
    into
        theater_tb
        (cinema_id, create_time, name) 
    values
        (?, ?, ?)
Hibernate: 
    insert 
    into
        theater_tb
        (cinema_id, create_time, name) 
    values
        (?, ?, ?)
영화관 : 제주삼화 |  상영관 : 상영관 60
2025-03-04T14:13:34.235+09:00 DEBUG 9248 --- [    Test worker] org.hibernate.SQL                        : 
    select
        count(te1_0.theater_id) 
    from
        theater_tb te1_0 
    where
        te1_0.cinema_id=?
Hibernate: 
    select
        count(te1_0.theater_id) 
    from
        theater_tb te1_0 
    where
        te1_0.cinema_id=?
2025-03-04T14:13:34.237+09:00 DEBUG 9248 --- [    Test worker] org.hibernate.SQL                        : 
    select
        te1_0.theater_id 
    from
        theater_tb te1_0 
    where
        te1_0.name=? 
        and te1_0.cinema_id=? 
    limit
        ?
Hibernate: 
    select
        te1_0.theater_id 
    from
        theater_tb te1_0 
    where
        te1_0.name=? 
        and te1_0.cinema_id=? 
    limit
        ?
2025-03-04T14:13:34.237+09:00 DEBUG 9248 --- [    Test worker] org.hibernate.SQL                        : 
    insert 
    into
        theater_tb
        (cinema_id, create_time, name) 
    values
        (?, ?, ?)
Hibernate: 
    insert 
    into
        theater_tb
        (cinema_id, create_time, name) 
    values
        (?, ?, ?)
영화관 : 제주서귀포 |  상영관 : 상영관 51
2025-03-04T14:13:34.239+09:00 DEBUG 9248 --- [    Test worker] org.hibernate.SQL                        : 
    select
        te1_0.theater_id 
    from
        theater_tb te1_0 
    where
        te1_0.name=? 
        and te1_0.cinema_id=? 
    limit
        ?
Hibernate: 
    select
        te1_0.theater_id 
    from
        theater_tb te1_0 
    where
        te1_0.name=? 
        and te1_0.cinema_id=? 
    limit
        ?
2025-03-04T14:13:34.240+09:00 DEBUG 9248 --- [    Test worker] org.hibernate.SQL                        : 
    insert 
    into
        theater_tb
        (cinema_id, create_time, name) 
    values
        (?, ?, ?)
Hibernate: 
    insert 
    into
        theater_tb
        (cinema_id, create_time, name) 
    values
        (?, ?, ?)
영화관 : 제주서귀포 |  상영관 : 상영관 52
2025-03-04T14:13:34.242+09:00 DEBUG 9248 --- [    Test worker] org.hibernate.SQL                        : 
    select
        te1_0.theater_id 
    from
        theater_tb te1_0 
    where
        te1_0.name=? 
        and te1_0.cinema_id=? 
    limit
        ?
Hibernate: 
    select
        te1_0.theater_id 
    from
        theater_tb te1_0 
    where
        te1_0.name=? 
        and te1_0.cinema_id=? 
    limit
        ?
2025-03-04T14:13:34.242+09:00 DEBUG 9248 --- [    Test worker] org.hibernate.SQL                        : 
    insert 
    into
        theater_tb
        (cinema_id, create_time, name) 
    values
        (?, ?, ?)
Hibernate: 
    insert 
    into
        theater_tb
        (cinema_id, create_time, name) 
    values
        (?, ?, ?)
영화관 : 제주서귀포 |  상영관 : 상영관 53
2025-03-04T14:13:34.244+09:00 DEBUG 9248 --- [    Test worker] org.hibernate.SQL                        : 
    select
        te1_0.theater_id 
    from
        theater_tb te1_0 
    where
        te1_0.name=? 
        and te1_0.cinema_id=? 
    limit
        ?
Hibernate: 
    select
        te1_0.theater_id 
    from
        theater_tb te1_0 
    where
        te1_0.name=? 
        and te1_0.cinema_id=? 
    limit
        ?
2025-03-04T14:13:34.244+09:00 DEBUG 9248 --- [    Test worker] org.hibernate.SQL                        : 
    insert 
    into
        theater_tb
        (cinema_id, create_time, name) 
    values
        (?, ?, ?)
Hibernate: 
    insert 
    into
        theater_tb
        (cinema_id, create_time, name) 
    values
        (?, ?, ?)
영화관 : 제주서귀포 |  상영관 : 상영관 54
2025-03-04T14:13:34.246+09:00 DEBUG 9248 --- [    Test worker] org.hibernate.SQL                        : 
    select
        te1_0.theater_id 
    from
        theater_tb te1_0 
    where
        te1_0.name=? 
        and te1_0.cinema_id=? 
    limit
        ?
Hibernate: 
    select
        te1_0.theater_id 
    from
        theater_tb te1_0 
    where
        te1_0.name=? 
        and te1_0.cinema_id=? 
    limit
        ?
2025-03-04T14:13:34.246+09:00 DEBUG 9248 --- [    Test worker] org.hibernate.SQL                        : 
    insert 
    into
        theater_tb
        (cinema_id, create_time, name) 
    values
        (?, ?, ?)
Hibernate: 
    insert 
    into
        theater_tb
        (cinema_id, create_time, name) 
    values
        (?, ?, ?)
영화관 : 제주서귀포 |  상영관 : 상영관 55
2025-03-04T14:13:34.247+09:00 DEBUG 9248 --- [    Test worker] org.hibernate.SQL                        : 
    select
        te1_0.theater_id 
    from
        theater_tb te1_0 
    where
        te1_0.name=? 
        and te1_0.cinema_id=? 
    limit
        ?
Hibernate: 
    select
        te1_0.theater_id 
    from
        theater_tb te1_0 
    where
        te1_0.name=? 
        and te1_0.cinema_id=? 
    limit
        ?
2025-03-04T14:13:34.248+09:00 DEBUG 9248 --- [    Test worker] org.hibernate.SQL                        : 
    insert 
    into
        theater_tb
        (cinema_id, create_time, name) 
    values
        (?, ?, ?)
Hibernate: 
    insert 
    into
        theater_tb
        (cinema_id, create_time, name) 
    values
        (?, ?, ?)
영화관 : 제주서귀포 |  상영관 : 상영관 56
2025-03-04T14:13:34.249+09:00 DEBUG 9248 --- [    Test worker] org.hibernate.SQL                        : 
    select
        te1_0.theater_id 
    from
        theater_tb te1_0 
    where
        te1_0.name=? 
        and te1_0.cinema_id=? 
    limit
        ?
Hibernate: 
    select
        te1_0.theater_id 
    from
        theater_tb te1_0 
    where
        te1_0.name=? 
        and te1_0.cinema_id=? 
    limit
        ?
2025-03-04T14:13:34.250+09:00 DEBUG 9248 --- [    Test worker] org.hibernate.SQL                        : 
    insert 
    into
        theater_tb
        (cinema_id, create_time, name) 
    values
        (?, ?, ?)
Hibernate: 
    insert 
    into
        theater_tb
        (cinema_id, create_time, name) 
    values
        (?, ?, ?)
영화관 : 제주서귀포 |  상영관 : 상영관 57
2025-03-04T14:13:34.251+09:00 DEBUG 9248 --- [    Test worker] org.hibernate.SQL                        : 
    select
        te1_0.theater_id 
    from
        theater_tb te1_0 
    where
        te1_0.name=? 
        and te1_0.cinema_id=? 
    limit
        ?
Hibernate: 
    select
        te1_0.theater_id 
    from
        theater_tb te1_0 
    where
        te1_0.name=? 
        and te1_0.cinema_id=? 
    limit
        ?
2025-03-04T14:13:34.252+09:00 DEBUG 9248 --- [    Test worker] org.hibernate.SQL                        : 
    insert 
    into
        theater_tb
        (cinema_id, create_time, name) 
    values
        (?, ?, ?)
Hibernate: 
    insert 
    into
        theater_tb
        (cinema_id, create_time, name) 
    values
        (?, ?, ?)
영화관 : 제주서귀포 |  상영관 : 상영관 58
2025-03-04T14:13:34.253+09:00 DEBUG 9248 --- [    Test worker] org.hibernate.SQL                        : 
    select
        te1_0.theater_id 
    from
        theater_tb te1_0 
    where
        te1_0.name=? 
        and te1_0.cinema_id=? 
    limit
        ?
Hibernate: 
    select
        te1_0.theater_id 
    from
        theater_tb te1_0 
    where
        te1_0.name=? 
        and te1_0.cinema_id=? 
    limit
        ?
2025-03-04T14:13:34.254+09:00 DEBUG 9248 --- [    Test worker] org.hibernate.SQL                        : 
    insert 
    into
        theater_tb
        (cinema_id, create_time, name) 
    values
        (?, ?, ?)
Hibernate: 
    insert 
    into
        theater_tb
        (cinema_id, create_time, name) 
    values
        (?, ?, ?)
영화관 : 제주서귀포 |  상영관 : 상영관 59
2025-03-04T14:13:34.256+09:00 DEBUG 9248 --- [    Test worker] org.hibernate.SQL                        : 
    select
        te1_0.theater_id 
    from
        theater_tb te1_0 
    where
        te1_0.name=? 
        and te1_0.cinema_id=? 
    limit
        ?
Hibernate: 
    select
        te1_0.theater_id 
    from
        theater_tb te1_0 
    where
        te1_0.name=? 
        and te1_0.cinema_id=? 
    limit
        ?
2025-03-04T14:13:34.257+09:00 DEBUG 9248 --- [    Test worker] org.hibernate.SQL                        : 
    insert 
    into
        theater_tb
        (cinema_id, create_time, name) 
    values
        (?, ?, ?)
Hibernate: 
    insert 
    into
        theater_tb
        (cinema_id, create_time, name) 
    values
        (?, ?, ?)
영화관 : 제주서귀포 |  상영관 : 상영관 60
2025-03-04T14:13:34.258+09:00 DEBUG 9248 --- [    Test worker] org.hibernate.SQL                        : 
    select
        count(te1_0.theater_id) 
    from
        theater_tb te1_0 
    where
        te1_0.cinema_id=?
Hibernate: 
    select
        count(te1_0.theater_id) 
    from
        theater_tb te1_0 
    where
        te1_0.cinema_id=?
2025-03-04T14:13:34.259+09:00 DEBUG 9248 --- [    Test worker] org.hibernate.SQL                        : 
    select
        te1_0.theater_id 
    from
        theater_tb te1_0 
    where
        te1_0.name=? 
        and te1_0.cinema_id=? 
    limit
        ?
Hibernate: 
    select
        te1_0.theater_id 
    from
        theater_tb te1_0 
    where
        te1_0.name=? 
        and te1_0.cinema_id=? 
    limit
        ?
2025-03-04T14:13:34.260+09:00 DEBUG 9248 --- [    Test worker] org.hibernate.SQL                        : 
    insert 
    into
        theater_tb
        (cinema_id, create_time, name) 
    values
        (?, ?, ?)
Hibernate: 
    insert 
    into
        theater_tb
        (cinema_id, create_time, name) 
    values
        (?, ?, ?)
영화관 : 제주아라 |  상영관 : 상영관 51
2025-03-04T14:13:34.261+09:00 DEBUG 9248 --- [    Test worker] org.hibernate.SQL                        : 
    select
        te1_0.theater_id 
    from
        theater_tb te1_0 
    where
        te1_0.name=? 
        and te1_0.cinema_id=? 
    limit
        ?
Hibernate: 
    select
        te1_0.theater_id 
    from
        theater_tb te1_0 
    where
        te1_0.name=? 
        and te1_0.cinema_id=? 
    limit
        ?
2025-03-04T14:13:34.262+09:00 DEBUG 9248 --- [    Test worker] org.hibernate.SQL                        : 
    insert 
    into
        theater_tb
        (cinema_id, create_time, name) 
    values
        (?, ?, ?)
Hibernate: 
    insert 
    into
        theater_tb
        (cinema_id, create_time, name) 
    values
        (?, ?, ?)
영화관 : 제주아라 |  상영관 : 상영관 52
2025-03-04T14:13:34.264+09:00 DEBUG 9248 --- [    Test worker] org.hibernate.SQL                        : 
    select
        te1_0.theater_id 
    from
        theater_tb te1_0 
    where
        te1_0.name=? 
        and te1_0.cinema_id=? 
    limit
        ?
Hibernate: 
    select
        te1_0.theater_id 
    from
        theater_tb te1_0 
    where
        te1_0.name=? 
        and te1_0.cinema_id=? 
    limit
        ?
2025-03-04T14:13:34.265+09:00 DEBUG 9248 --- [    Test worker] org.hibernate.SQL                        : 
    insert 
    into
        theater_tb
        (cinema_id, create_time, name) 
    values
        (?, ?, ?)
Hibernate: 
    insert 
    into
        theater_tb
        (cinema_id, create_time, name) 
    values
        (?, ?, ?)
영화관 : 제주아라 |  상영관 : 상영관 53
2025-03-04T14:13:34.266+09:00 DEBUG 9248 --- [    Test worker] org.hibernate.SQL                        : 
    select
        te1_0.theater_id 
    from
        theater_tb te1_0 
    where
        te1_0.name=? 
        and te1_0.cinema_id=? 
    limit
        ?
Hibernate: 
    select
        te1_0.theater_id 
    from
        theater_tb te1_0 
    where
        te1_0.name=? 
        and te1_0.cinema_id=? 
    limit
        ?
2025-03-04T14:13:34.267+09:00 DEBUG 9248 --- [    Test worker] org.hibernate.SQL                        : 
    insert 
    into
        theater_tb
        (cinema_id, create_time, name) 
    values
        (?, ?, ?)
Hibernate: 
    insert 
    into
        theater_tb
        (cinema_id, create_time, name) 
    values
        (?, ?, ?)
영화관 : 제주아라 |  상영관 : 상영관 54
2025-03-04T14:13:34.268+09:00 DEBUG 9248 --- [    Test worker] org.hibernate.SQL                        : 
    select
        te1_0.theater_id 
    from
        theater_tb te1_0 
    where
        te1_0.name=? 
        and te1_0.cinema_id=? 
    limit
        ?
Hibernate: 
    select
        te1_0.theater_id 
    from
        theater_tb te1_0 
    where
        te1_0.name=? 
        and te1_0.cinema_id=? 
    limit
        ?
2025-03-04T14:13:34.269+09:00 DEBUG 9248 --- [    Test worker] org.hibernate.SQL                        : 
    insert 
    into
        theater_tb
        (cinema_id, create_time, name) 
    values
        (?, ?, ?)
Hibernate: 
    insert 
    into
        theater_tb
        (cinema_id, create_time, name) 
    values
        (?, ?, ?)
영화관 : 제주아라 |  상영관 : 상영관 55
2025-03-04T14:13:34.271+09:00 DEBUG 9248 --- [    Test worker] org.hibernate.SQL                        : 
    select
        te1_0.theater_id 
    from
        theater_tb te1_0 
    where
        te1_0.name=? 
        and te1_0.cinema_id=? 
    limit
        ?
Hibernate: 
    select
        te1_0.theater_id 
    from
        theater_tb te1_0 
    where
        te1_0.name=? 
        and te1_0.cinema_id=? 
    limit
        ?
2025-03-04T14:13:34.272+09:00 DEBUG 9248 --- [    Test worker] org.hibernate.SQL                        : 
    insert 
    into
        theater_tb
        (cinema_id, create_time, name) 
    values
        (?, ?, ?)
Hibernate: 
    insert 
    into
        theater_tb
        (cinema_id, create_time, name) 
    values
        (?, ?, ?)
영화관 : 제주아라 |  상영관 : 상영관 56
2025-03-04T14:13:34.274+09:00 DEBUG 9248 --- [    Test worker] org.hibernate.SQL                        : 
    select
        te1_0.theater_id 
    from
        theater_tb te1_0 
    where
        te1_0.name=? 
        and te1_0.cinema_id=? 
    limit
        ?
Hibernate: 
    select
        te1_0.theater_id 
    from
        theater_tb te1_0 
    where
        te1_0.name=? 
        and te1_0.cinema_id=? 
    limit
        ?
2025-03-04T14:13:34.275+09:00 DEBUG 9248 --- [    Test worker] org.hibernate.SQL                        : 
    insert 
    into
        theater_tb
        (cinema_id, create_time, name) 
    values
        (?, ?, ?)
Hibernate: 
    insert 
    into
        theater_tb
        (cinema_id, create_time, name) 
    values
        (?, ?, ?)
영화관 : 제주아라 |  상영관 : 상영관 57
2025-03-04T14:13:34.276+09:00 DEBUG 9248 --- [    Test worker] org.hibernate.SQL                        : 
    select
        te1_0.theater_id 
    from
        theater_tb te1_0 
    where
        te1_0.name=? 
        and te1_0.cinema_id=? 
    limit
        ?
Hibernate: 
    select
        te1_0.theater_id 
    from
        theater_tb te1_0 
    where
        te1_0.name=? 
        and te1_0.cinema_id=? 
    limit
        ?
2025-03-04T14:13:34.277+09:00 DEBUG 9248 --- [    Test worker] org.hibernate.SQL                        : 
    insert 
    into
        theater_tb
        (cinema_id, create_time, name) 
    values
        (?, ?, ?)
Hibernate: 
    insert 
    into
        theater_tb
        (cinema_id, create_time, name) 
    values
        (?, ?, ?)
영화관 : 제주아라 |  상영관 : 상영관 58
2025-03-04T14:13:34.278+09:00 DEBUG 9248 --- [    Test worker] org.hibernate.SQL                        : 
    select
        te1_0.theater_id 
    from
        theater_tb te1_0 
    where
        te1_0.name=? 
        and te1_0.cinema_id=? 
    limit
        ?
Hibernate: 
    select
        te1_0.theater_id 
    from
        theater_tb te1_0 
    where
        te1_0.name=? 
        and te1_0.cinema_id=? 
    limit
        ?
2025-03-04T14:13:34.279+09:00 DEBUG 9248 --- [    Test worker] org.hibernate.SQL                        : 
    insert 
    into
        theater_tb
        (cinema_id, create_time, name) 
    values
        (?, ?, ?)
Hibernate: 
    insert 
    into
        theater_tb
        (cinema_id, create_time, name) 
    values
        (?, ?, ?)
영화관 : 제주아라 |  상영관 : 상영관 59
2025-03-04T14:13:34.281+09:00 DEBUG 9248 --- [    Test worker] org.hibernate.SQL                        : 
    select
        te1_0.theater_id 
    from
        theater_tb te1_0 
    where
        te1_0.name=? 
        and te1_0.cinema_id=? 
    limit
        ?
Hibernate: 
    select
        te1_0.theater_id 
    from
        theater_tb te1_0 
    where
        te1_0.name=? 
        and te1_0.cinema_id=? 
    limit
        ?
2025-03-04T14:13:34.281+09:00 DEBUG 9248 --- [    Test worker] org.hibernate.SQL                        : 
    insert 
    into
        theater_tb
        (cinema_id, create_time, name) 
    values
        (?, ?, ?)
Hibernate: 
    insert 
    into
        theater_tb
        (cinema_id, create_time, name) 
    values
        (?, ?, ?)
영화관 : 제주아라 |  상영관 : 상영관 60
2025-03-04T14:13:34.283+09:00 DEBUG 9248 --- [    Test worker] org.hibernate.SQL                        : 
    select
        count(te1_0.theater_id) 
    from
        theater_tb te1_0 
    where
        te1_0.cinema_id=?
Hibernate: 
    select
        count(te1_0.theater_id) 
    from
        theater_tb te1_0 
    where
        te1_0.cinema_id=?
2025-03-04T14:13:34.284+09:00 DEBUG 9248 --- [    Test worker] org.hibernate.SQL                        : 
    select
        te1_0.theater_id 
    from
        theater_tb te1_0 
    where
        te1_0.name=? 
        and te1_0.cinema_id=? 
    limit
        ?
Hibernate: 
    select
        te1_0.theater_id 
    from
        theater_tb te1_0 
    where
        te1_0.name=? 
        and te1_0.cinema_id=? 
    limit
        ?
2025-03-04T14:13:34.284+09:00 DEBUG 9248 --- [    Test worker] org.hibernate.SQL                        : 
    insert 
    into
        theater_tb
        (cinema_id, create_time, name) 
    values
        (?, ?, ?)
Hibernate: 
    insert 
    into
        theater_tb
        (cinema_id, create_time, name) 
    values
        (?, ?, ?)
영화관 : 공주 |  상영관 : 상영관 51
2025-03-04T14:13:34.286+09:00 DEBUG 9248 --- [    Test worker] org.hibernate.SQL                        : 
    select
        te1_0.theater_id 
    from
        theater_tb te1_0 
    where
        te1_0.name=? 
        and te1_0.cinema_id=? 
    limit
        ?
Hibernate: 
    select
        te1_0.theater_id 
    from
        theater_tb te1_0 
    where
        te1_0.name=? 
        and te1_0.cinema_id=? 
    limit
        ?
2025-03-04T14:13:34.287+09:00 DEBUG 9248 --- [    Test worker] org.hibernate.SQL                        : 
    insert 
    into
        theater_tb
        (cinema_id, create_time, name) 
    values
        (?, ?, ?)
Hibernate: 
    insert 
    into
        theater_tb
        (cinema_id, create_time, name) 
    values
        (?, ?, ?)
영화관 : 공주 |  상영관 : 상영관 52
2025-03-04T14:13:34.288+09:00 DEBUG 9248 --- [    Test worker] org.hibernate.SQL                        : 
    select
        te1_0.theater_id 
    from
        theater_tb te1_0 
    where
        te1_0.name=? 
        and te1_0.cinema_id=? 
    limit
        ?
Hibernate: 
    select
        te1_0.theater_id 
    from
        theater_tb te1_0 
    where
        te1_0.name=? 
        and te1_0.cinema_id=? 
    limit
        ?
2025-03-04T14:13:34.289+09:00 DEBUG 9248 --- [    Test worker] org.hibernate.SQL                        : 
    insert 
    into
        theater_tb
        (cinema_id, create_time, name) 
    values
        (?, ?, ?)
Hibernate: 
    insert 
    into
        theater_tb
        (cinema_id, create_time, name) 
    values
        (?, ?, ?)
영화관 : 공주 |  상영관 : 상영관 53
2025-03-04T14:13:34.291+09:00 DEBUG 9248 --- [    Test worker] org.hibernate.SQL                        : 
    select
        te1_0.theater_id 
    from
        theater_tb te1_0 
    where
        te1_0.name=? 
        and te1_0.cinema_id=? 
    limit
        ?
Hibernate: 
    select
        te1_0.theater_id 
    from
        theater_tb te1_0 
    where
        te1_0.name=? 
        and te1_0.cinema_id=? 
    limit
        ?
2025-03-04T14:13:34.292+09:00 DEBUG 9248 --- [    Test worker] org.hibernate.SQL                        : 
    insert 
    into
        theater_tb
        (cinema_id, create_time, name) 
    values
        (?, ?, ?)
Hibernate: 
    insert 
    into
        theater_tb
        (cinema_id, create_time, name) 
    values
        (?, ?, ?)
영화관 : 공주 |  상영관 : 상영관 54
2025-03-04T14:13:34.293+09:00 DEBUG 9248 --- [    Test worker] org.hibernate.SQL                        : 
    select
        te1_0.theater_id 
    from
        theater_tb te1_0 
    where
        te1_0.name=? 
        and te1_0.cinema_id=? 
    limit
        ?
Hibernate: 
    select
        te1_0.theater_id 
    from
        theater_tb te1_0 
    where
        te1_0.name=? 
        and te1_0.cinema_id=? 
    limit
        ?
2025-03-04T14:13:34.294+09:00 DEBUG 9248 --- [    Test worker] org.hibernate.SQL                        : 
    insert 
    into
        theater_tb
        (cinema_id, create_time, name) 
    values
        (?, ?, ?)
Hibernate: 
    insert 
    into
        theater_tb
        (cinema_id, create_time, name) 
    values
        (?, ?, ?)
영화관 : 공주 |  상영관 : 상영관 55
2025-03-04T14:13:34.296+09:00 DEBUG 9248 --- [    Test worker] org.hibernate.SQL                        : 
    select
        te1_0.theater_id 
    from
        theater_tb te1_0 
    where
        te1_0.name=? 
        and te1_0.cinema_id=? 
    limit
        ?
Hibernate: 
    select
        te1_0.theater_id 
    from
        theater_tb te1_0 
    where
        te1_0.name=? 
        and te1_0.cinema_id=? 
    limit
        ?
2025-03-04T14:13:34.297+09:00 DEBUG 9248 --- [    Test worker] org.hibernate.SQL                        : 
    insert 
    into
        theater_tb
        (cinema_id, create_time, name) 
    values
        (?, ?, ?)
Hibernate: 
    insert 
    into
        theater_tb
        (cinema_id, create_time, name) 
    values
        (?, ?, ?)
영화관 : 공주 |  상영관 : 상영관 56
2025-03-04T14:13:34.298+09:00 DEBUG 9248 --- [    Test worker] org.hibernate.SQL                        : 
    select
        te1_0.theater_id 
    from
        theater_tb te1_0 
    where
        te1_0.name=? 
        and te1_0.cinema_id=? 
    limit
        ?
Hibernate: 
    select
        te1_0.theater_id 
    from
        theater_tb te1_0 
    where
        te1_0.name=? 
        and te1_0.cinema_id=? 
    limit
        ?
2025-03-04T14:13:34.299+09:00 DEBUG 9248 --- [    Test worker] org.hibernate.SQL                        : 
    insert 
    into
        theater_tb
        (cinema_id, create_time, name) 
    values
        (?, ?, ?)
Hibernate: 
    insert 
    into
        theater_tb
        (cinema_id, create_time, name) 
    values
        (?, ?, ?)
영화관 : 공주 |  상영관 : 상영관 57
2025-03-04T14:13:34.301+09:00 DEBUG 9248 --- [    Test worker] org.hibernate.SQL                        : 
    select
        te1_0.theater_id 
    from
        theater_tb te1_0 
    where
        te1_0.name=? 
        and te1_0.cinema_id=? 
    limit
        ?
Hibernate: 
    select
        te1_0.theater_id 
    from
        theater_tb te1_0 
    where
        te1_0.name=? 
        and te1_0.cinema_id=? 
    limit
        ?
2025-03-04T14:13:34.302+09:00 DEBUG 9248 --- [    Test worker] org.hibernate.SQL                        : 
    insert 
    into
        theater_tb
        (cinema_id, create_time, name) 
    values
        (?, ?, ?)
Hibernate: 
    insert 
    into
        theater_tb
        (cinema_id, create_time, name) 
    values
        (?, ?, ?)
영화관 : 공주 |  상영관 : 상영관 58
2025-03-04T14:13:34.304+09:00 DEBUG 9248 --- [    Test worker] org.hibernate.SQL                        : 
    select
        te1_0.theater_id 
    from
        theater_tb te1_0 
    where
        te1_0.name=? 
        and te1_0.cinema_id=? 
    limit
        ?
Hibernate: 
    select
        te1_0.theater_id 
    from
        theater_tb te1_0 
    where
        te1_0.name=? 
        and te1_0.cinema_id=? 
    limit
        ?
2025-03-04T14:13:34.305+09:00 DEBUG 9248 --- [    Test worker] org.hibernate.SQL                        : 
    insert 
    into
        theater_tb
        (cinema_id, create_time, name) 
    values
        (?, ?, ?)
Hibernate: 
    insert 
    into
        theater_tb
        (cinema_id, create_time, name) 
    values
        (?, ?, ?)
영화관 : 공주 |  상영관 : 상영관 59
2025-03-04T14:13:34.306+09:00 DEBUG 9248 --- [    Test worker] org.hibernate.SQL                        : 
    select
        te1_0.theater_id 
    from
        theater_tb te1_0 
    where
        te1_0.name=? 
        and te1_0.cinema_id=? 
    limit
        ?
Hibernate: 
    select
        te1_0.theater_id 
    from
        theater_tb te1_0 
    where
        te1_0.name=? 
        and te1_0.cinema_id=? 
    limit
        ?
2025-03-04T14:13:34.307+09:00 DEBUG 9248 --- [    Test worker] org.hibernate.SQL                        : 
    insert 
    into
        theater_tb
        (cinema_id, create_time, name) 
    values
        (?, ?, ?)
Hibernate: 
    insert 
    into
        theater_tb
        (cinema_id, create_time, name) 
    values
        (?, ?, ?)
영화관 : 공주 |  상영관 : 상영관 60
2025-03-04T14:13:34.309+09:00 DEBUG 9248 --- [    Test worker] org.hibernate.SQL                        : 
    select
        count(te1_0.theater_id) 
    from
        theater_tb te1_0 
    where
        te1_0.cinema_id=?
Hibernate: 
    select
        count(te1_0.theater_id) 
    from
        theater_tb te1_0 
    where
        te1_0.cinema_id=?
2025-03-04T14:13:34.310+09:00 DEBUG 9248 --- [    Test worker] org.hibernate.SQL                        : 
    select
        te1_0.theater_id 
    from
        theater_tb te1_0 
    where
        te1_0.name=? 
        and te1_0.cinema_id=? 
    limit
        ?
Hibernate: 
    select
        te1_0.theater_id 
    from
        theater_tb te1_0 
    where
        te1_0.name=? 
        and te1_0.cinema_id=? 
    limit
        ?
2025-03-04T14:13:34.311+09:00 DEBUG 9248 --- [    Test worker] org.hibernate.SQL                        : 
    insert 
    into
        theater_tb
        (cinema_id, create_time, name) 
    values
        (?, ?, ?)
Hibernate: 
    insert 
    into
        theater_tb
        (cinema_id, create_time, name) 
    values
        (?, ?, ?)
영화관 : 논산 |  상영관 : 상영관 51
2025-03-04T14:13:34.312+09:00 DEBUG 9248 --- [    Test worker] org.hibernate.SQL                        : 
    select
        te1_0.theater_id 
    from
        theater_tb te1_0 
    where
        te1_0.name=? 
        and te1_0.cinema_id=? 
    limit
        ?
Hibernate: 
    select
        te1_0.theater_id 
    from
        theater_tb te1_0 
    where
        te1_0.name=? 
        and te1_0.cinema_id=? 
    limit
        ?
2025-03-04T14:13:34.313+09:00 DEBUG 9248 --- [    Test worker] org.hibernate.SQL                        : 
    insert 
    into
        theater_tb
        (cinema_id, create_time, name) 
    values
        (?, ?, ?)
Hibernate: 
    insert 
    into
        theater_tb
        (cinema_id, create_time, name) 
    values
        (?, ?, ?)
영화관 : 논산 |  상영관 : 상영관 52
2025-03-04T14:13:34.315+09:00 DEBUG 9248 --- [    Test worker] org.hibernate.SQL                        : 
    select
        te1_0.theater_id 
    from
        theater_tb te1_0 
    where
        te1_0.name=? 
        and te1_0.cinema_id=? 
    limit
        ?
Hibernate: 
    select
        te1_0.theater_id 
    from
        theater_tb te1_0 
    where
        te1_0.name=? 
        and te1_0.cinema_id=? 
    limit
        ?
2025-03-04T14:13:34.316+09:00 DEBUG 9248 --- [    Test worker] org.hibernate.SQL                        : 
    insert 
    into
        theater_tb
        (cinema_id, create_time, name) 
    values
        (?, ?, ?)
Hibernate: 
    insert 
    into
        theater_tb
        (cinema_id, create_time, name) 
    values
        (?, ?, ?)
영화관 : 논산 |  상영관 : 상영관 53
2025-03-04T14:13:34.317+09:00 DEBUG 9248 --- [    Test worker] org.hibernate.SQL                        : 
    select
        te1_0.theater_id 
    from
        theater_tb te1_0 
    where
        te1_0.name=? 
        and te1_0.cinema_id=? 
    limit
        ?
Hibernate: 
    select
        te1_0.theater_id 
    from
        theater_tb te1_0 
    where
        te1_0.name=? 
        and te1_0.cinema_id=? 
    limit
        ?
2025-03-04T14:13:34.318+09:00 DEBUG 9248 --- [    Test worker] org.hibernate.SQL                        : 
    insert 
    into
        theater_tb
        (cinema_id, create_time, name) 
    values
        (?, ?, ?)
Hibernate: 
    insert 
    into
        theater_tb
        (cinema_id, create_time, name) 
    values
        (?, ?, ?)
영화관 : 논산 |  상영관 : 상영관 54
2025-03-04T14:13:34.320+09:00 DEBUG 9248 --- [    Test worker] org.hibernate.SQL                        : 
    select
        te1_0.theater_id 
    from
        theater_tb te1_0 
    where
        te1_0.name=? 
        and te1_0.cinema_id=? 
    limit
        ?
Hibernate: 
    select
        te1_0.theater_id 
    from
        theater_tb te1_0 
    where
        te1_0.name=? 
        and te1_0.cinema_id=? 
    limit
        ?
2025-03-04T14:13:34.321+09:00 DEBUG 9248 --- [    Test worker] org.hibernate.SQL                        : 
    insert 
    into
        theater_tb
        (cinema_id, create_time, name) 
    values
        (?, ?, ?)
Hibernate: 
    insert 
    into
        theater_tb
        (cinema_id, create_time, name) 
    values
        (?, ?, ?)
영화관 : 논산 |  상영관 : 상영관 55
2025-03-04T14:13:34.323+09:00 DEBUG 9248 --- [    Test worker] org.hibernate.SQL                        : 
    select
        te1_0.theater_id 
    from
        theater_tb te1_0 
    where
        te1_0.name=? 
        and te1_0.cinema_id=? 
    limit
        ?
Hibernate: 
    select
        te1_0.theater_id 
    from
        theater_tb te1_0 
    where
        te1_0.name=? 
        and te1_0.cinema_id=? 
    limit
        ?
2025-03-04T14:13:34.324+09:00 DEBUG 9248 --- [    Test worker] org.hibernate.SQL                        : 
    insert 
    into
        theater_tb
        (cinema_id, create_time, name) 
    values
        (?, ?, ?)
Hibernate: 
    insert 
    into
        theater_tb
        (cinema_id, create_time, name) 
    values
        (?, ?, ?)
영화관 : 논산 |  상영관 : 상영관 56
2025-03-04T14:13:34.326+09:00 DEBUG 9248 --- [    Test worker] org.hibernate.SQL                        : 
    select
        te1_0.theater_id 
    from
        theater_tb te1_0 
    where
        te1_0.name=? 
        and te1_0.cinema_id=? 
    limit
        ?
Hibernate: 
    select
        te1_0.theater_id 
    from
        theater_tb te1_0 
    where
        te1_0.name=? 
        and te1_0.cinema_id=? 
    limit
        ?
2025-03-04T14:13:34.327+09:00 DEBUG 9248 --- [    Test worker] org.hibernate.SQL                        : 
    insert 
    into
        theater_tb
        (cinema_id, create_time, name) 
    values
        (?, ?, ?)
Hibernate: 
    insert 
    into
        theater_tb
        (cinema_id, create_time, name) 
    values
        (?, ?, ?)
영화관 : 논산 |  상영관 : 상영관 57
2025-03-04T14:13:34.329+09:00 DEBUG 9248 --- [    Test worker] org.hibernate.SQL                        : 
    select
        te1_0.theater_id 
    from
        theater_tb te1_0 
    where
        te1_0.name=? 
        and te1_0.cinema_id=? 
    limit
        ?
Hibernate: 
    select
        te1_0.theater_id 
    from
        theater_tb te1_0 
    where
        te1_0.name=? 
        and te1_0.cinema_id=? 
    limit
        ?
2025-03-04T14:13:34.330+09:00 DEBUG 9248 --- [    Test worker] org.hibernate.SQL                        : 
    insert 
    into
        theater_tb
        (cinema_id, create_time, name) 
    values
        (?, ?, ?)
Hibernate: 
    insert 
    into
        theater_tb
        (cinema_id, create_time, name) 
    values
        (?, ?, ?)
영화관 : 논산 |  상영관 : 상영관 58
2025-03-04T14:13:34.332+09:00 DEBUG 9248 --- [    Test worker] org.hibernate.SQL                        : 
    select
        te1_0.theater_id 
    from
        theater_tb te1_0 
    where
        te1_0.name=? 
        and te1_0.cinema_id=? 
    limit
        ?
Hibernate: 
    select
        te1_0.theater_id 
    from
        theater_tb te1_0 
    where
        te1_0.name=? 
        and te1_0.cinema_id=? 
    limit
        ?
2025-03-04T14:13:34.333+09:00 DEBUG 9248 --- [    Test worker] org.hibernate.SQL                        : 
    insert 
    into
        theater_tb
        (cinema_id, create_time, name) 
    values
        (?, ?, ?)
Hibernate: 
    insert 
    into
        theater_tb
        (cinema_id, create_time, name) 
    values
        (?, ?, ?)
영화관 : 논산 |  상영관 : 상영관 59
2025-03-04T14:13:34.334+09:00 DEBUG 9248 --- [    Test worker] org.hibernate.SQL                        : 
    select
        te1_0.theater_id 
    from
        theater_tb te1_0 
    where
        te1_0.name=? 
        and te1_0.cinema_id=? 
    limit
        ?
Hibernate: 
    select
        te1_0.theater_id 
    from
        theater_tb te1_0 
    where
        te1_0.name=? 
        and te1_0.cinema_id=? 
    limit
        ?
2025-03-04T14:13:34.335+09:00 DEBUG 9248 --- [    Test worker] org.hibernate.SQL                        : 
    insert 
    into
        theater_tb
        (cinema_id, create_time, name) 
    values
        (?, ?, ?)
Hibernate: 
    insert 
    into
        theater_tb
        (cinema_id, create_time, name) 
    values
        (?, ?, ?)
영화관 : 논산 |  상영관 : 상영관 60
2025-03-04T14:13:34.337+09:00 DEBUG 9248 --- [    Test worker] org.hibernate.SQL                        : 
    select
        count(te1_0.theater_id) 
    from
        theater_tb te1_0 
    where
        te1_0.cinema_id=?
Hibernate: 
    select
        count(te1_0.theater_id) 
    from
        theater_tb te1_0 
    where
        te1_0.cinema_id=?
2025-03-04T14:13:34.339+09:00 DEBUG 9248 --- [    Test worker] org.hibernate.SQL                        : 
    select
        te1_0.theater_id 
    from
        theater_tb te1_0 
    where
        te1_0.name=? 
        and te1_0.cinema_id=? 
    limit
        ?
Hibernate: 
    select
        te1_0.theater_id 
    from
        theater_tb te1_0 
    where
        te1_0.name=? 
        and te1_0.cinema_id=? 
    limit
        ?
2025-03-04T14:13:34.340+09:00 DEBUG 9248 --- [    Test worker] org.hibernate.SQL                        : 
    insert 
    into
        theater_tb
        (cinema_id, create_time, name) 
    values
        (?, ?, ?)
Hibernate: 
    insert 
    into
        theater_tb
        (cinema_id, create_time, name) 
    values
        (?, ?, ?)
영화관 : 대전 |  상영관 : 상영관 51
2025-03-04T14:13:34.341+09:00 DEBUG 9248 --- [    Test worker] org.hibernate.SQL                        : 
    select
        te1_0.theater_id 
    from
        theater_tb te1_0 
    where
        te1_0.name=? 
        and te1_0.cinema_id=? 
    limit
        ?
Hibernate: 
    select
        te1_0.theater_id 
    from
        theater_tb te1_0 
    where
        te1_0.name=? 
        and te1_0.cinema_id=? 
    limit
        ?
2025-03-04T14:13:34.342+09:00 DEBUG 9248 --- [    Test worker] org.hibernate.SQL                        : 
    insert 
    into
        theater_tb
        (cinema_id, create_time, name) 
    values
        (?, ?, ?)
Hibernate: 
    insert 
    into
        theater_tb
        (cinema_id, create_time, name) 
    values
        (?, ?, ?)
영화관 : 대전 |  상영관 : 상영관 52
2025-03-04T14:13:34.343+09:00 DEBUG 9248 --- [    Test worker] org.hibernate.SQL                        : 
    select
        te1_0.theater_id 
    from
        theater_tb te1_0 
    where
        te1_0.name=? 
        and te1_0.cinema_id=? 
    limit
        ?
Hibernate: 
    select
        te1_0.theater_id 
    from
        theater_tb te1_0 
    where
        te1_0.name=? 
        and te1_0.cinema_id=? 
    limit
        ?
2025-03-04T14:13:34.344+09:00 DEBUG 9248 --- [    Test worker] org.hibernate.SQL                        : 
    insert 
    into
        theater_tb
        (cinema_id, create_time, name) 
    values
        (?, ?, ?)
Hibernate: 
    insert 
    into
        theater_tb
        (cinema_id, create_time, name) 
    values
        (?, ?, ?)
영화관 : 대전 |  상영관 : 상영관 53
2025-03-04T14:13:34.345+09:00 DEBUG 9248 --- [    Test worker] org.hibernate.SQL                        : 
    select
        te1_0.theater_id 
    from
        theater_tb te1_0 
    where
        te1_0.name=? 
        and te1_0.cinema_id=? 
    limit
        ?
Hibernate: 
    select
        te1_0.theater_id 
    from
        theater_tb te1_0 
    where
        te1_0.name=? 
        and te1_0.cinema_id=? 
    limit
        ?
2025-03-04T14:13:34.346+09:00 DEBUG 9248 --- [    Test worker] org.hibernate.SQL                        : 
    insert 
    into
        theater_tb
        (cinema_id, create_time, name) 
    values
        (?, ?, ?)
Hibernate: 
    insert 
    into
        theater_tb
        (cinema_id, create_time, name) 
    values
        (?, ?, ?)
영화관 : 대전 |  상영관 : 상영관 54
2025-03-04T14:13:34.347+09:00 DEBUG 9248 --- [    Test worker] org.hibernate.SQL                        : 
    select
        te1_0.theater_id 
    from
        theater_tb te1_0 
    where
        te1_0.name=? 
        and te1_0.cinema_id=? 
    limit
        ?
Hibernate: 
    select
        te1_0.theater_id 
    from
        theater_tb te1_0 
    where
        te1_0.name=? 
        and te1_0.cinema_id=? 
    limit
        ?
2025-03-04T14:13:34.348+09:00 DEBUG 9248 --- [    Test worker] org.hibernate.SQL                        : 
    insert 
    into
        theater_tb
        (cinema_id, create_time, name) 
    values
        (?, ?, ?)
Hibernate: 
    insert 
    into
        theater_tb
        (cinema_id, create_time, name) 
    values
        (?, ?, ?)
영화관 : 대전 |  상영관 : 상영관 55
2025-03-04T14:13:34.350+09:00 DEBUG 9248 --- [    Test worker] org.hibernate.SQL                        : 
    select
        te1_0.theater_id 
    from
        theater_tb te1_0 
    where
        te1_0.name=? 
        and te1_0.cinema_id=? 
    limit
        ?
Hibernate: 
    select
        te1_0.theater_id 
    from
        theater_tb te1_0 
    where
        te1_0.name=? 
        and te1_0.cinema_id=? 
    limit
        ?
2025-03-04T14:13:34.350+09:00 DEBUG 9248 --- [    Test worker] org.hibernate.SQL                        : 
    insert 
    into
        theater_tb
        (cinema_id, create_time, name) 
    values
        (?, ?, ?)
Hibernate: 
    insert 
    into
        theater_tb
        (cinema_id, create_time, name) 
    values
        (?, ?, ?)
영화관 : 대전 |  상영관 : 상영관 56
2025-03-04T14:13:34.352+09:00 DEBUG 9248 --- [    Test worker] org.hibernate.SQL                        : 
    select
        te1_0.theater_id 
    from
        theater_tb te1_0 
    where
        te1_0.name=? 
        and te1_0.cinema_id=? 
    limit
        ?
Hibernate: 
    select
        te1_0.theater_id 
    from
        theater_tb te1_0 
    where
        te1_0.name=? 
        and te1_0.cinema_id=? 
    limit
        ?
2025-03-04T14:13:34.352+09:00 DEBUG 9248 --- [    Test worker] org.hibernate.SQL                        : 
    insert 
    into
        theater_tb
        (cinema_id, create_time, name) 
    values
        (?, ?, ?)
Hibernate: 
    insert 
    into
        theater_tb
        (cinema_id, create_time, name) 
    values
        (?, ?, ?)
영화관 : 대전 |  상영관 : 상영관 57
2025-03-04T14:13:34.354+09:00 DEBUG 9248 --- [    Test worker] org.hibernate.SQL                        : 
    select
        te1_0.theater_id 
    from
        theater_tb te1_0 
    where
        te1_0.name=? 
        and te1_0.cinema_id=? 
    limit
        ?
Hibernate: 
    select
        te1_0.theater_id 
    from
        theater_tb te1_0 
    where
        te1_0.name=? 
        and te1_0.cinema_id=? 
    limit
        ?
2025-03-04T14:13:34.355+09:00 DEBUG 9248 --- [    Test worker] org.hibernate.SQL                        : 
    insert 
    into
        theater_tb
        (cinema_id, create_time, name) 
    values
        (?, ?, ?)
Hibernate: 
    insert 
    into
        theater_tb
        (cinema_id, create_time, name) 
    values
        (?, ?, ?)
영화관 : 대전 |  상영관 : 상영관 58
2025-03-04T14:13:34.356+09:00 DEBUG 9248 --- [    Test worker] org.hibernate.SQL                        : 
    select
        te1_0.theater_id 
    from
        theater_tb te1_0 
    where
        te1_0.name=? 
        and te1_0.cinema_id=? 
    limit
        ?
Hibernate: 
    select
        te1_0.theater_id 
    from
        theater_tb te1_0 
    where
        te1_0.name=? 
        and te1_0.cinema_id=? 
    limit
        ?
2025-03-04T14:13:34.357+09:00 DEBUG 9248 --- [    Test worker] org.hibernate.SQL                        : 
    insert 
    into
        theater_tb
        (cinema_id, create_time, name) 
    values
        (?, ?, ?)
Hibernate: 
    insert 
    into
        theater_tb
        (cinema_id, create_time, name) 
    values
        (?, ?, ?)
영화관 : 대전 |  상영관 : 상영관 59
2025-03-04T14:13:34.358+09:00 DEBUG 9248 --- [    Test worker] org.hibernate.SQL                        : 
    select
        te1_0.theater_id 
    from
        theater_tb te1_0 
    where
        te1_0.name=? 
        and te1_0.cinema_id=? 
    limit
        ?
Hibernate: 
    select
        te1_0.theater_id 
    from
        theater_tb te1_0 
    where
        te1_0.name=? 
        and te1_0.cinema_id=? 
    limit
        ?
2025-03-04T14:13:34.359+09:00 DEBUG 9248 --- [    Test worker] org.hibernate.SQL                        : 
    insert 
    into
        theater_tb
        (cinema_id, create_time, name) 
    values
        (?, ?, ?)
Hibernate: 
    insert 
    into
        theater_tb
        (cinema_id, create_time, name) 
    values
        (?, ?, ?)
영화관 : 대전 |  상영관 : 상영관 60
2025-03-04T14:13:34.360+09:00 DEBUG 9248 --- [    Test worker] org.hibernate.SQL                        : 
    select
        count(te1_0.theater_id) 
    from
        theater_tb te1_0 
    where
        te1_0.cinema_id=?
Hibernate: 
    select
        count(te1_0.theater_id) 
    from
        theater_tb te1_0 
    where
        te1_0.cinema_id=?
2025-03-04T14:13:34.362+09:00 DEBUG 9248 --- [    Test worker] org.hibernate.SQL                        : 
    select
        te1_0.theater_id 
    from
        theater_tb te1_0 
    where
        te1_0.name=? 
        and te1_0.cinema_id=? 
    limit
        ?
Hibernate: 
    select
        te1_0.theater_id 
    from
        theater_tb te1_0 
    where
        te1_0.name=? 
        and te1_0.cinema_id=? 
    limit
        ?
2025-03-04T14:13:34.362+09:00 DEBUG 9248 --- [    Test worker] org.hibernate.SQL                        : 
    insert 
    into
        theater_tb
        (cinema_id, create_time, name) 
    values
        (?, ?, ?)
Hibernate: 
    insert 
    into
        theater_tb
        (cinema_id, create_time, name) 
    values
        (?, ?, ?)
영화관 : 대전신세계 아트앤사이언스 |  상영관 : 상영관 51
2025-03-04T14:13:34.364+09:00 DEBUG 9248 --- [    Test worker] org.hibernate.SQL                        : 
    select
        te1_0.theater_id 
    from
        theater_tb te1_0 
    where
        te1_0.name=? 
        and te1_0.cinema_id=? 
    limit
        ?
Hibernate: 
    select
        te1_0.theater_id 
    from
        theater_tb te1_0 
    where
        te1_0.name=? 
        and te1_0.cinema_id=? 
    limit
        ?
2025-03-04T14:13:34.365+09:00 DEBUG 9248 --- [    Test worker] org.hibernate.SQL                        : 
    insert 
    into
        theater_tb
        (cinema_id, create_time, name) 
    values
        (?, ?, ?)
Hibernate: 
    insert 
    into
        theater_tb
        (cinema_id, create_time, name) 
    values
        (?, ?, ?)
영화관 : 대전신세계 아트앤사이언스 |  상영관 : 상영관 52
2025-03-04T14:13:34.366+09:00 DEBUG 9248 --- [    Test worker] org.hibernate.SQL                        : 
    select
        te1_0.theater_id 
    from
        theater_tb te1_0 
    where
        te1_0.name=? 
        and te1_0.cinema_id=? 
    limit
        ?
Hibernate: 
    select
        te1_0.theater_id 
    from
        theater_tb te1_0 
    where
        te1_0.name=? 
        and te1_0.cinema_id=? 
    limit
        ?
2025-03-04T14:13:34.367+09:00 DEBUG 9248 --- [    Test worker] org.hibernate.SQL                        : 
    insert 
    into
        theater_tb
        (cinema_id, create_time, name) 
    values
        (?, ?, ?)
Hibernate: 
    insert 
    into
        theater_tb
        (cinema_id, create_time, name) 
    values
        (?, ?, ?)
영화관 : 대전신세계 아트앤사이언스 |  상영관 : 상영관 53
2025-03-04T14:13:34.368+09:00 DEBUG 9248 --- [    Test worker] org.hibernate.SQL                        : 
    select
        te1_0.theater_id 
    from
        theater_tb te1_0 
    where
        te1_0.name=? 
        and te1_0.cinema_id=? 
    limit
        ?
Hibernate: 
    select
        te1_0.theater_id 
    from
        theater_tb te1_0 
    where
        te1_0.name=? 
        and te1_0.cinema_id=? 
    limit
        ?
2025-03-04T14:13:34.369+09:00 DEBUG 9248 --- [    Test worker] org.hibernate.SQL                        : 
    insert 
    into
        theater_tb
        (cinema_id, create_time, name) 
    values
        (?, ?, ?)
Hibernate: 
    insert 
    into
        theater_tb
        (cinema_id, create_time, name) 
    values
        (?, ?, ?)
영화관 : 대전신세계 아트앤사이언스 |  상영관 : 상영관 54
2025-03-04T14:13:34.370+09:00 DEBUG 9248 --- [    Test worker] org.hibernate.SQL                        : 
    select
        te1_0.theater_id 
    from
        theater_tb te1_0 
    where
        te1_0.name=? 
        and te1_0.cinema_id=? 
    limit
        ?
Hibernate: 
    select
        te1_0.theater_id 
    from
        theater_tb te1_0 
    where
        te1_0.name=? 
        and te1_0.cinema_id=? 
    limit
        ?
2025-03-04T14:13:34.371+09:00 DEBUG 9248 --- [    Test worker] org.hibernate.SQL                        : 
    insert 
    into
        theater_tb
        (cinema_id, create_time, name) 
    values
        (?, ?, ?)
Hibernate: 
    insert 
    into
        theater_tb
        (cinema_id, create_time, name) 
    values
        (?, ?, ?)
영화관 : 대전신세계 아트앤사이언스 |  상영관 : 상영관 55
2025-03-04T14:13:34.372+09:00 DEBUG 9248 --- [    Test worker] org.hibernate.SQL                        : 
    select
        te1_0.theater_id 
    from
        theater_tb te1_0 
    where
        te1_0.name=? 
        and te1_0.cinema_id=? 
    limit
        ?
Hibernate: 
    select
        te1_0.theater_id 
    from
        theater_tb te1_0 
    where
        te1_0.name=? 
        and te1_0.cinema_id=? 
    limit
        ?
2025-03-04T14:13:34.373+09:00 DEBUG 9248 --- [    Test worker] org.hibernate.SQL                        : 
    insert 
    into
        theater_tb
        (cinema_id, create_time, name) 
    values
        (?, ?, ?)
Hibernate: 
    insert 
    into
        theater_tb
        (cinema_id, create_time, name) 
    values
        (?, ?, ?)
영화관 : 대전신세계 아트앤사이언스 |  상영관 : 상영관 56
2025-03-04T14:13:34.374+09:00 DEBUG 9248 --- [    Test worker] org.hibernate.SQL                        : 
    select
        te1_0.theater_id 
    from
        theater_tb te1_0 
    where
        te1_0.name=? 
        and te1_0.cinema_id=? 
    limit
        ?
Hibernate: 
    select
        te1_0.theater_id 
    from
        theater_tb te1_0 
    where
        te1_0.name=? 
        and te1_0.cinema_id=? 
    limit
        ?
2025-03-04T14:13:34.375+09:00 DEBUG 9248 --- [    Test worker] org.hibernate.SQL                        : 
    insert 
    into
        theater_tb
        (cinema_id, create_time, name) 
    values
        (?, ?, ?)
Hibernate: 
    insert 
    into
        theater_tb
        (cinema_id, create_time, name) 
    values
        (?, ?, ?)
영화관 : 대전신세계 아트앤사이언스 |  상영관 : 상영관 57
2025-03-04T14:13:34.376+09:00 DEBUG 9248 --- [    Test worker] org.hibernate.SQL                        : 
    select
        te1_0.theater_id 
    from
        theater_tb te1_0 
    where
        te1_0.name=? 
        and te1_0.cinema_id=? 
    limit
        ?
Hibernate: 
    select
        te1_0.theater_id 
    from
        theater_tb te1_0 
    where
        te1_0.name=? 
        and te1_0.cinema_id=? 
    limit
        ?
2025-03-04T14:13:34.377+09:00 DEBUG 9248 --- [    Test worker] org.hibernate.SQL                        : 
    insert 
    into
        theater_tb
        (cinema_id, create_time, name) 
    values
        (?, ?, ?)
Hibernate: 
    insert 
    into
        theater_tb
        (cinema_id, create_time, name) 
    values
        (?, ?, ?)
영화관 : 대전신세계 아트앤사이언스 |  상영관 : 상영관 58
2025-03-04T14:13:34.378+09:00 DEBUG 9248 --- [    Test worker] org.hibernate.SQL                        : 
    select
        te1_0.theater_id 
    from
        theater_tb te1_0 
    where
        te1_0.name=? 
        and te1_0.cinema_id=? 
    limit
        ?
Hibernate: 
    select
        te1_0.theater_id 
    from
        theater_tb te1_0 
    where
        te1_0.name=? 
        and te1_0.cinema_id=? 
    limit
        ?
2025-03-04T14:13:34.379+09:00 DEBUG 9248 --- [    Test worker] org.hibernate.SQL                        : 
    insert 
    into
        theater_tb
        (cinema_id, create_time, name) 
    values
        (?, ?, ?)
Hibernate: 
    insert 
    into
        theater_tb
        (cinema_id, create_time, name) 
    values
        (?, ?, ?)
영화관 : 대전신세계 아트앤사이언스 |  상영관 : 상영관 59
2025-03-04T14:13:34.383+09:00 DEBUG 9248 --- [    Test worker] org.hibernate.SQL                        : 
    select
        te1_0.theater_id 
    from
        theater_tb te1_0 
    where
        te1_0.name=? 
        and te1_0.cinema_id=? 
    limit
        ?
Hibernate: 
    select
        te1_0.theater_id 
    from
        theater_tb te1_0 
    where
        te1_0.name=? 
        and te1_0.cinema_id=? 
    limit
        ?
2025-03-04T14:13:34.384+09:00 DEBUG 9248 --- [    Test worker] org.hibernate.SQL                        : 
    insert 
    into
        theater_tb
        (cinema_id, create_time, name) 
    values
        (?, ?, ?)
Hibernate: 
    insert 
    into
        theater_tb
        (cinema_id, create_time, name) 
    values
        (?, ?, ?)
영화관 : 대전신세계 아트앤사이언스 |  상영관 : 상영관 60
]]></system-out>
  <system-err><![CDATA[]]></system-err>
</testsuite>
