<?xml version="1.0" encoding="UTF-8"?>
<testsuite name="org.spring.moviepj.MoviepjApplicationTests" tests="1" skipped="0" failures="0" errors="0" timestamp="2025-02-26T02:40:37" hostname="602-5" time="0.384">
  <properties/>
  <testcase name="contextLoads()" classname="org.spring.moviepj.MoviepjApplicationTests" time="0.384"/>
  <system-out><![CDATA[11:40:31.976 [Test worker] INFO org.springframework.test.context.support.AnnotationConfigContextLoaderUtils -- Could not detect default configuration classes for test class [org.spring.moviepj.MoviepjApplicationTests]: MoviepjApplicationTests does not declare any static, non-private, non-final, nested classes annotated with @Configuration.
11:40:32.056 [Test worker] INFO org.springframework.boot.test.context.SpringBootTestContextBootstrapper -- Found @SpringBootConfiguration org.spring.moviepj.MoviepjApplication for test class org.spring.moviepj.MoviepjApplicationTests

  .   ____          _            __ _ _
 /\\ / ___'_ __ _ _(_)_ __  __ _ \ \ \ \
( ( )\___ | '_ | '_| | '_ \/ _` | \ \ \ \
 \\/  ___)| |_)| | | | | || (_| |  ) ) ) )
  '  |____| .__|_| |_|_| |_\__, | / / / /
 =========|_|==============|___/=/_/_/_/

 :: Spring Boot ::                (v3.3.8)

2025-02-26T11:40:32.433+09:00  WARN 2744 --- [    Test worker] ory$DuplicateJsonObjectContextCustomizer : 

Found multiple occurrences of org.json.JSONObject on the class path:

	jar:file:/C:/Users/Administrator/.gradle/caches/modules-2/files-2.1/org.json/json/20250107/a1b5f0b5a1ce018b93a691c57ffc7d141b3a10f1/json-20250107.jar!/org/json/JSONObject.class
	jar:file:/C:/Users/Administrator/.gradle/caches/modules-2/files-2.1/com.vaadin.external.google/android-json/0.0.20131108.vaadin1/fa26d351fe62a6a17f5cda1287c1c6110dec413f/android-json-0.0.20131108.vaadin1.jar!/org/json/JSONObject.class

You may wish to exclude one of them to ensure predictable runtime behavior

2025-02-26T11:40:32.443+09:00  INFO 2744 --- [    Test worker] o.s.moviepj.MoviepjApplicationTests      : Starting MoviepjApplicationTests using Java 17.0.12 with PID 2744 (started by Administrator in C:\Users\Administrator\Desktop\movie pj\movieproject_avengers\moviepj)
2025-02-26T11:40:32.443+09:00  INFO 2744 --- [    Test worker] o.s.moviepj.MoviepjApplicationTests      : No active profile set, falling back to 1 default profile: "default"
2025-02-26T11:40:33.105+09:00  INFO 2744 --- [    Test worker] .s.d.r.c.RepositoryConfigurationDelegate : Bootstrapping Spring Data JPA repositories in DEFAULT mode.
2025-02-26T11:40:33.215+09:00  INFO 2744 --- [    Test worker] .s.d.r.c.RepositoryConfigurationDelegate : Finished Spring Data repository scanning in 90 ms. Found 10 JPA repository interfaces.
2025-02-26T11:40:33.791+09:00  INFO 2744 --- [    Test worker] o.hibernate.jpa.internal.util.LogHelper  : HHH000204: Processing PersistenceUnitInfo [name: default]
2025-02-26T11:40:33.850+09:00  INFO 2744 --- [    Test worker] org.hibernate.Version                    : HHH000412: Hibernate ORM core version 6.5.3.Final
2025-02-26T11:40:33.889+09:00  INFO 2744 --- [    Test worker] o.h.c.internal.RegionFactoryInitiator    : HHH000026: Second-level cache disabled
2025-02-26T11:40:33.961+09:00 DEBUG 2744 --- [    Test worker] org.hibernate.type.BasicTypeRegistry     : Adding type registration boolean -> org.hibernate.type.BasicTypeReference@27dc335a
2025-02-26T11:40:33.961+09:00 DEBUG 2744 --- [    Test worker] org.hibernate.type.BasicTypeRegistry     : Adding type registration boolean -> org.hibernate.type.BasicTypeReference@27dc335a
2025-02-26T11:40:33.961+09:00 DEBUG 2744 --- [    Test worker] org.hibernate.type.BasicTypeRegistry     : Adding type registration java.lang.Boolean -> org.hibernate.type.BasicTypeReference@27dc335a
2025-02-26T11:40:33.961+09:00 DEBUG 2744 --- [    Test worker] org.hibernate.type.BasicTypeRegistry     : Adding type registration numeric_boolean -> org.hibernate.type.BasicTypeReference@a95cb11
2025-02-26T11:40:33.961+09:00 DEBUG 2744 --- [    Test worker] org.hibernate.type.BasicTypeRegistry     : Adding type registration org.hibernate.type.NumericBooleanConverter -> org.hibernate.type.BasicTypeReference@a95cb11
2025-02-26T11:40:33.961+09:00 DEBUG 2744 --- [    Test worker] org.hibernate.type.BasicTypeRegistry     : Adding type registration true_false -> org.hibernate.type.BasicTypeReference@915d7c4
2025-02-26T11:40:33.961+09:00 DEBUG 2744 --- [    Test worker] org.hibernate.type.BasicTypeRegistry     : Adding type registration org.hibernate.type.TrueFalseConverter -> org.hibernate.type.BasicTypeReference@915d7c4
2025-02-26T11:40:33.962+09:00 DEBUG 2744 --- [    Test worker] org.hibernate.type.BasicTypeRegistry     : Adding type registration yes_no -> org.hibernate.type.BasicTypeReference@2513155a
2025-02-26T11:40:33.962+09:00 DEBUG 2744 --- [    Test worker] org.hibernate.type.BasicTypeRegistry     : Adding type registration org.hibernate.type.YesNoConverter -> org.hibernate.type.BasicTypeReference@2513155a
2025-02-26T11:40:33.962+09:00 DEBUG 2744 --- [    Test worker] org.hibernate.type.BasicTypeRegistry     : Adding type registration byte -> org.hibernate.type.BasicTypeReference@6313b441
2025-02-26T11:40:33.962+09:00 DEBUG 2744 --- [    Test worker] org.hibernate.type.BasicTypeRegistry     : Adding type registration byte -> org.hibernate.type.BasicTypeReference@6313b441
2025-02-26T11:40:33.962+09:00 DEBUG 2744 --- [    Test worker] org.hibernate.type.BasicTypeRegistry     : Adding type registration java.lang.Byte -> org.hibernate.type.BasicTypeReference@6313b441
2025-02-26T11:40:33.962+09:00 DEBUG 2744 --- [    Test worker] org.hibernate.type.BasicTypeRegistry     : Adding type registration binary -> org.hibernate.type.BasicTypeReference@47fa3671
2025-02-26T11:40:33.962+09:00 DEBUG 2744 --- [    Test worker] org.hibernate.type.BasicTypeRegistry     : Adding type registration byte[] -> org.hibernate.type.BasicTypeReference@47fa3671
2025-02-26T11:40:33.962+09:00 DEBUG 2744 --- [    Test worker] org.hibernate.type.BasicTypeRegistry     : Adding type registration [B -> org.hibernate.type.BasicTypeReference@47fa3671
2025-02-26T11:40:33.962+09:00 DEBUG 2744 --- [    Test worker] org.hibernate.type.BasicTypeRegistry     : Adding type registration binary_wrapper -> org.hibernate.type.BasicTypeReference@23bd047f
2025-02-26T11:40:33.963+09:00 DEBUG 2744 --- [    Test worker] org.hibernate.type.BasicTypeRegistry     : Adding type registration wrapper-binary -> org.hibernate.type.BasicTypeReference@23bd047f
2025-02-26T11:40:33.963+09:00 DEBUG 2744 --- [    Test worker] org.hibernate.type.BasicTypeRegistry     : Adding type registration image -> org.hibernate.type.BasicTypeReference@3562e7c7
2025-02-26T11:40:33.963+09:00 DEBUG 2744 --- [    Test worker] org.hibernate.type.BasicTypeRegistry     : Adding type registration blob -> org.hibernate.type.BasicTypeReference@66d2885c
2025-02-26T11:40:33.963+09:00 DEBUG 2744 --- [    Test worker] org.hibernate.type.BasicTypeRegistry     : Adding type registration java.sql.Blob -> org.hibernate.type.BasicTypeReference@66d2885c
2025-02-26T11:40:33.963+09:00 DEBUG 2744 --- [    Test worker] org.hibernate.type.BasicTypeRegistry     : Adding type registration materialized_blob -> org.hibernate.type.BasicTypeReference@2bfc8558
2025-02-26T11:40:33.963+09:00 DEBUG 2744 --- [    Test worker] org.hibernate.type.BasicTypeRegistry     : Adding type registration materialized_blob_wrapper -> org.hibernate.type.BasicTypeReference@6029f2a4
2025-02-26T11:40:33.963+09:00 DEBUG 2744 --- [    Test worker] org.hibernate.type.BasicTypeRegistry     : Adding type registration short -> org.hibernate.type.BasicTypeReference@42576db9
2025-02-26T11:40:33.963+09:00 DEBUG 2744 --- [    Test worker] org.hibernate.type.BasicTypeRegistry     : Adding type registration short -> org.hibernate.type.BasicTypeReference@42576db9
2025-02-26T11:40:33.963+09:00 DEBUG 2744 --- [    Test worker] org.hibernate.type.BasicTypeRegistry     : Adding type registration java.lang.Short -> org.hibernate.type.BasicTypeReference@42576db9
2025-02-26T11:40:33.963+09:00 DEBUG 2744 --- [    Test worker] org.hibernate.type.BasicTypeRegistry     : Adding type registration integer -> org.hibernate.type.BasicTypeReference@30358dc7
2025-02-26T11:40:33.963+09:00 DEBUG 2744 --- [    Test worker] org.hibernate.type.BasicTypeRegistry     : Adding type registration int -> org.hibernate.type.BasicTypeReference@30358dc7
2025-02-26T11:40:33.963+09:00 DEBUG 2744 --- [    Test worker] org.hibernate.type.BasicTypeRegistry     : Adding type registration java.lang.Integer -> org.hibernate.type.BasicTypeReference@30358dc7
2025-02-26T11:40:33.964+09:00 DEBUG 2744 --- [    Test worker] org.hibernate.type.BasicTypeRegistry     : Adding type registration long -> org.hibernate.type.BasicTypeReference@7fac18dc
2025-02-26T11:40:33.964+09:00 DEBUG 2744 --- [    Test worker] org.hibernate.type.BasicTypeRegistry     : Adding type registration long -> org.hibernate.type.BasicTypeReference@7fac18dc
2025-02-26T11:40:33.964+09:00 DEBUG 2744 --- [    Test worker] org.hibernate.type.BasicTypeRegistry     : Adding type registration java.lang.Long -> org.hibernate.type.BasicTypeReference@7fac18dc
2025-02-26T11:40:33.964+09:00 DEBUG 2744 --- [    Test worker] org.hibernate.type.BasicTypeRegistry     : Adding type registration float -> org.hibernate.type.BasicTypeReference@50bf795f
2025-02-26T11:40:33.964+09:00 DEBUG 2744 --- [    Test worker] org.hibernate.type.BasicTypeRegistry     : Adding type registration float -> org.hibernate.type.BasicTypeReference@50bf795f
2025-02-26T11:40:33.964+09:00 DEBUG 2744 --- [    Test worker] org.hibernate.type.BasicTypeRegistry     : Adding type registration java.lang.Float -> org.hibernate.type.BasicTypeReference@50bf795f
2025-02-26T11:40:33.964+09:00 DEBUG 2744 --- [    Test worker] org.hibernate.type.BasicTypeRegistry     : Adding type registration double -> org.hibernate.type.BasicTypeReference@29fcfc54
2025-02-26T11:40:33.964+09:00 DEBUG 2744 --- [    Test worker] org.hibernate.type.BasicTypeRegistry     : Adding type registration double -> org.hibernate.type.BasicTypeReference@29fcfc54
2025-02-26T11:40:33.964+09:00 DEBUG 2744 --- [    Test worker] org.hibernate.type.BasicTypeRegistry     : Adding type registration java.lang.Double -> org.hibernate.type.BasicTypeReference@29fcfc54
2025-02-26T11:40:33.964+09:00 DEBUG 2744 --- [    Test worker] org.hibernate.type.BasicTypeRegistry     : Adding type registration big_integer -> org.hibernate.type.BasicTypeReference@353b0719
2025-02-26T11:40:33.964+09:00 DEBUG 2744 --- [    Test worker] org.hibernate.type.BasicTypeRegistry     : Adding type registration java.math.BigInteger -> org.hibernate.type.BasicTypeReference@353b0719
2025-02-26T11:40:33.965+09:00 DEBUG 2744 --- [    Test worker] org.hibernate.type.BasicTypeRegistry     : Adding type registration big_decimal -> org.hibernate.type.BasicTypeReference@2a4e939a
2025-02-26T11:40:33.965+09:00 DEBUG 2744 --- [    Test worker] org.hibernate.type.BasicTypeRegistry     : Adding type registration java.math.BigDecimal -> org.hibernate.type.BasicTypeReference@2a4e939a
2025-02-26T11:40:33.965+09:00 DEBUG 2744 --- [    Test worker] org.hibernate.type.BasicTypeRegistry     : Adding type registration character -> org.hibernate.type.BasicTypeReference@110620d
2025-02-26T11:40:33.965+09:00 DEBUG 2744 --- [    Test worker] org.hibernate.type.BasicTypeRegistry     : Adding type registration char -> org.hibernate.type.BasicTypeReference@110620d
2025-02-26T11:40:33.965+09:00 DEBUG 2744 --- [    Test worker] org.hibernate.type.BasicTypeRegistry     : Adding type registration java.lang.Character -> org.hibernate.type.BasicTypeReference@110620d
2025-02-26T11:40:33.965+09:00 DEBUG 2744 --- [    Test worker] org.hibernate.type.BasicTypeRegistry     : Adding type registration character_nchar -> org.hibernate.type.BasicTypeReference@4f402027
2025-02-26T11:40:33.965+09:00 DEBUG 2744 --- [    Test worker] org.hibernate.type.BasicTypeRegistry     : Adding type registration string -> org.hibernate.type.BasicTypeReference@22aee519
2025-02-26T11:40:33.965+09:00 DEBUG 2744 --- [    Test worker] org.hibernate.type.BasicTypeRegistry     : Adding type registration java.lang.String -> org.hibernate.type.BasicTypeReference@22aee519
2025-02-26T11:40:33.965+09:00 DEBUG 2744 --- [    Test worker] org.hibernate.type.BasicTypeRegistry     : Adding type registration nstring -> org.hibernate.type.BasicTypeReference@7c226095
2025-02-26T11:40:33.965+09:00 DEBUG 2744 --- [    Test worker] org.hibernate.type.BasicTypeRegistry     : Adding type registration characters -> org.hibernate.type.BasicTypeReference@7ea07516
2025-02-26T11:40:33.965+09:00 DEBUG 2744 --- [    Test worker] org.hibernate.type.BasicTypeRegistry     : Adding type registration char[] -> org.hibernate.type.BasicTypeReference@7ea07516
2025-02-26T11:40:33.965+09:00 DEBUG 2744 --- [    Test worker] org.hibernate.type.BasicTypeRegistry     : Adding type registration [C -> org.hibernate.type.BasicTypeReference@7ea07516
2025-02-26T11:40:33.966+09:00 DEBUG 2744 --- [    Test worker] org.hibernate.type.BasicTypeRegistry     : Adding type registration wrapper-characters -> org.hibernate.type.BasicTypeReference@30af23fd
2025-02-26T11:40:33.966+09:00 DEBUG 2744 --- [    Test worker] org.hibernate.type.BasicTypeRegistry     : Adding type registration text -> org.hibernate.type.BasicTypeReference@65fc8edc
2025-02-26T11:40:33.966+09:00 DEBUG 2744 --- [    Test worker] org.hibernate.type.BasicTypeRegistry     : Adding type registration ntext -> org.hibernate.type.BasicTypeReference@a357c3e
2025-02-26T11:40:33.966+09:00 DEBUG 2744 --- [    Test worker] org.hibernate.type.BasicTypeRegistry     : Adding type registration clob -> org.hibernate.type.BasicTypeReference@7740b0ab
2025-02-26T11:40:33.966+09:00 DEBUG 2744 --- [    Test worker] org.hibernate.type.BasicTypeRegistry     : Adding type registration java.sql.Clob -> org.hibernate.type.BasicTypeReference@7740b0ab
2025-02-26T11:40:33.966+09:00 DEBUG 2744 --- [    Test worker] org.hibernate.type.BasicTypeRegistry     : Adding type registration nclob -> org.hibernate.type.BasicTypeReference@3eb9c575
2025-02-26T11:40:33.966+09:00 DEBUG 2744 --- [    Test worker] org.hibernate.type.BasicTypeRegistry     : Adding type registration java.sql.NClob -> org.hibernate.type.BasicTypeReference@3eb9c575
2025-02-26T11:40:33.966+09:00 DEBUG 2744 --- [    Test worker] org.hibernate.type.BasicTypeRegistry     : Adding type registration materialized_clob -> org.hibernate.type.BasicTypeReference@3f322610
2025-02-26T11:40:33.966+09:00 DEBUG 2744 --- [    Test worker] org.hibernate.type.BasicTypeRegistry     : Adding type registration materialized_clob_char_array -> org.hibernate.type.BasicTypeReference@1e477944
2025-02-26T11:40:33.966+09:00 DEBUG 2744 --- [    Test worker] org.hibernate.type.BasicTypeRegistry     : Adding type registration materialized_clob_character_array -> org.hibernate.type.BasicTypeReference@6cf047cf
2025-02-26T11:40:33.966+09:00 DEBUG 2744 --- [    Test worker] org.hibernate.type.BasicTypeRegistry     : Adding type registration materialized_nclob -> org.hibernate.type.BasicTypeReference@1c92a549
2025-02-26T11:40:33.966+09:00 DEBUG 2744 --- [    Test worker] org.hibernate.type.BasicTypeRegistry     : Adding type registration materialized_nclob_character_array -> org.hibernate.type.BasicTypeReference@323e026d
2025-02-26T11:40:33.967+09:00 DEBUG 2744 --- [    Test worker] org.hibernate.type.BasicTypeRegistry     : Adding type registration materialized_nclob_char_array -> org.hibernate.type.BasicTypeReference@1716c037
2025-02-26T11:40:33.967+09:00 DEBUG 2744 --- [    Test worker] org.hibernate.type.BasicTypeRegistry     : Adding type registration Duration -> org.hibernate.type.BasicTypeReference@79b63325
2025-02-26T11:40:33.967+09:00 DEBUG 2744 --- [    Test worker] org.hibernate.type.BasicTypeRegistry     : Adding type registration java.time.Duration -> org.hibernate.type.BasicTypeReference@79b63325
2025-02-26T11:40:33.967+09:00 DEBUG 2744 --- [    Test worker] org.hibernate.type.BasicTypeRegistry     : Adding type registration LocalDateTime -> org.hibernate.type.BasicTypeReference@708769b7
2025-02-26T11:40:33.967+09:00 DEBUG 2744 --- [    Test worker] org.hibernate.type.BasicTypeRegistry     : Adding type registration java.time.LocalDateTime -> org.hibernate.type.BasicTypeReference@708769b7
2025-02-26T11:40:33.967+09:00 DEBUG 2744 --- [    Test worker] org.hibernate.type.BasicTypeRegistry     : Adding type registration LocalDate -> org.hibernate.type.BasicTypeReference@32e830a0
2025-02-26T11:40:33.967+09:00 DEBUG 2744 --- [    Test worker] org.hibernate.type.BasicTypeRegistry     : Adding type registration java.time.LocalDate -> org.hibernate.type.BasicTypeReference@32e830a0
2025-02-26T11:40:33.967+09:00 DEBUG 2744 --- [    Test worker] org.hibernate.type.BasicTypeRegistry     : Adding type registration LocalTime -> org.hibernate.type.BasicTypeReference@135e49b2
2025-02-26T11:40:33.967+09:00 DEBUG 2744 --- [    Test worker] org.hibernate.type.BasicTypeRegistry     : Adding type registration java.time.LocalTime -> org.hibernate.type.BasicTypeReference@135e49b2
2025-02-26T11:40:33.967+09:00 DEBUG 2744 --- [    Test worker] org.hibernate.type.BasicTypeRegistry     : Adding type registration OffsetDateTime -> org.hibernate.type.BasicTypeReference@5bb97fe7
2025-02-26T11:40:33.967+09:00 DEBUG 2744 --- [    Test worker] org.hibernate.type.BasicTypeRegistry     : Adding type registration java.time.OffsetDateTime -> org.hibernate.type.BasicTypeReference@5bb97fe7
2025-02-26T11:40:33.967+09:00 DEBUG 2744 --- [    Test worker] org.hibernate.type.BasicTypeRegistry     : Adding type registration OffsetDateTimeWithTimezone -> org.hibernate.type.BasicTypeReference@10b87ff6
2025-02-26T11:40:33.968+09:00 DEBUG 2744 --- [    Test worker] org.hibernate.type.BasicTypeRegistry     : Adding type registration OffsetDateTimeWithoutTimezone -> org.hibernate.type.BasicTypeReference@63262071
2025-02-26T11:40:33.968+09:00 DEBUG 2744 --- [    Test worker] org.hibernate.type.BasicTypeRegistry     : Adding type registration OffsetTime -> org.hibernate.type.BasicTypeReference@2d4f67e
2025-02-26T11:40:33.968+09:00 DEBUG 2744 --- [    Test worker] org.hibernate.type.BasicTypeRegistry     : Adding type registration java.time.OffsetTime -> org.hibernate.type.BasicTypeReference@2d4f67e
2025-02-26T11:40:33.968+09:00 DEBUG 2744 --- [    Test worker] org.hibernate.type.BasicTypeRegistry     : Adding type registration OffsetTimeUtc -> org.hibernate.type.BasicTypeReference@1282f784
2025-02-26T11:40:33.968+09:00 DEBUG 2744 --- [    Test worker] org.hibernate.type.BasicTypeRegistry     : Adding type registration OffsetTimeWithTimezone -> org.hibernate.type.BasicTypeReference@41167ded
2025-02-26T11:40:33.968+09:00 DEBUG 2744 --- [    Test worker] org.hibernate.type.BasicTypeRegistry     : Adding type registration OffsetTimeWithoutTimezone -> org.hibernate.type.BasicTypeReference@13e1e816
2025-02-26T11:40:33.968+09:00 DEBUG 2744 --- [    Test worker] org.hibernate.type.BasicTypeRegistry     : Adding type registration ZonedDateTime -> org.hibernate.type.BasicTypeReference@36238b12
2025-02-26T11:40:33.968+09:00 DEBUG 2744 --- [    Test worker] org.hibernate.type.BasicTypeRegistry     : Adding type registration java.time.ZonedDateTime -> org.hibernate.type.BasicTypeReference@36238b12
2025-02-26T11:40:33.968+09:00 DEBUG 2744 --- [    Test worker] org.hibernate.type.BasicTypeRegistry     : Adding type registration ZonedDateTimeWithTimezone -> org.hibernate.type.BasicTypeReference@33187485
2025-02-26T11:40:33.968+09:00 DEBUG 2744 --- [    Test worker] org.hibernate.type.BasicTypeRegistry     : Adding type registration ZonedDateTimeWithoutTimezone -> org.hibernate.type.BasicTypeReference@41938e1e
2025-02-26T11:40:33.968+09:00 DEBUG 2744 --- [    Test worker] org.hibernate.type.BasicTypeRegistry     : Adding type registration date -> org.hibernate.type.BasicTypeReference@5d2e6f62
2025-02-26T11:40:33.968+09:00 DEBUG 2744 --- [    Test worker] org.hibernate.type.BasicTypeRegistry     : Adding type registration java.sql.Date -> org.hibernate.type.BasicTypeReference@5d2e6f62
2025-02-26T11:40:33.968+09:00 DEBUG 2744 --- [    Test worker] org.hibernate.type.BasicTypeRegistry     : Adding type registration time -> org.hibernate.type.BasicTypeReference@77ff14ce
2025-02-26T11:40:33.969+09:00 DEBUG 2744 --- [    Test worker] org.hibernate.type.BasicTypeRegistry     : Adding type registration java.sql.Time -> org.hibernate.type.BasicTypeReference@77ff14ce
2025-02-26T11:40:33.969+09:00 DEBUG 2744 --- [    Test worker] org.hibernate.type.BasicTypeRegistry     : Adding type registration timestamp -> org.hibernate.type.BasicTypeReference@733fae8
2025-02-26T11:40:33.969+09:00 DEBUG 2744 --- [    Test worker] org.hibernate.type.BasicTypeRegistry     : Adding type registration java.sql.Timestamp -> org.hibernate.type.BasicTypeReference@733fae8
2025-02-26T11:40:33.969+09:00 DEBUG 2744 --- [    Test worker] org.hibernate.type.BasicTypeRegistry     : Adding type registration java.util.Date -> org.hibernate.type.BasicTypeReference@733fae8
2025-02-26T11:40:33.969+09:00 DEBUG 2744 --- [    Test worker] org.hibernate.type.BasicTypeRegistry     : Adding type registration calendar -> org.hibernate.type.BasicTypeReference@5a8d676e
2025-02-26T11:40:33.969+09:00 DEBUG 2744 --- [    Test worker] org.hibernate.type.BasicTypeRegistry     : Adding type registration java.util.Calendar -> org.hibernate.type.BasicTypeReference@5a8d676e
2025-02-26T11:40:33.969+09:00 DEBUG 2744 --- [    Test worker] org.hibernate.type.BasicTypeRegistry     : Adding type registration java.util.GregorianCalendar -> org.hibernate.type.BasicTypeReference@5a8d676e
2025-02-26T11:40:33.969+09:00 DEBUG 2744 --- [    Test worker] org.hibernate.type.BasicTypeRegistry     : Adding type registration calendar_date -> org.hibernate.type.BasicTypeReference@74764622
2025-02-26T11:40:33.969+09:00 DEBUG 2744 --- [    Test worker] org.hibernate.type.BasicTypeRegistry     : Adding type registration calendar_time -> org.hibernate.type.BasicTypeReference@7ba06506
2025-02-26T11:40:33.969+09:00 DEBUG 2744 --- [    Test worker] org.hibernate.type.BasicTypeRegistry     : Adding type registration instant -> org.hibernate.type.BasicTypeReference@63dc3420
2025-02-26T11:40:33.969+09:00 DEBUG 2744 --- [    Test worker] org.hibernate.type.BasicTypeRegistry     : Adding type registration java.time.Instant -> org.hibernate.type.BasicTypeReference@63dc3420
2025-02-26T11:40:33.969+09:00 DEBUG 2744 --- [    Test worker] org.hibernate.type.BasicTypeRegistry     : Adding type registration uuid -> org.hibernate.type.BasicTypeReference@525b8922
2025-02-26T11:40:33.969+09:00 DEBUG 2744 --- [    Test worker] org.hibernate.type.BasicTypeRegistry     : Adding type registration java.util.UUID -> org.hibernate.type.BasicTypeReference@525b8922
2025-02-26T11:40:33.970+09:00 DEBUG 2744 --- [    Test worker] org.hibernate.type.BasicTypeRegistry     : Adding type registration pg-uuid -> org.hibernate.type.BasicTypeReference@525b8922
2025-02-26T11:40:33.970+09:00 DEBUG 2744 --- [    Test worker] org.hibernate.type.BasicTypeRegistry     : Adding type registration uuid-binary -> org.hibernate.type.BasicTypeReference@145a821d
2025-02-26T11:40:33.970+09:00 DEBUG 2744 --- [    Test worker] org.hibernate.type.BasicTypeRegistry     : Adding type registration uuid-char -> org.hibernate.type.BasicTypeReference@6caa4dc5
2025-02-26T11:40:33.970+09:00 DEBUG 2744 --- [    Test worker] org.hibernate.type.BasicTypeRegistry     : Adding type registration class -> org.hibernate.type.BasicTypeReference@6ed51944
2025-02-26T11:40:33.970+09:00 DEBUG 2744 --- [    Test worker] org.hibernate.type.BasicTypeRegistry     : Adding type registration java.lang.Class -> org.hibernate.type.BasicTypeReference@6ed51944
2025-02-26T11:40:33.970+09:00 DEBUG 2744 --- [    Test worker] org.hibernate.type.BasicTypeRegistry     : Adding type registration currency -> org.hibernate.type.BasicTypeReference@60c98f25
2025-02-26T11:40:33.970+09:00 DEBUG 2744 --- [    Test worker] org.hibernate.type.BasicTypeRegistry     : Adding type registration Currency -> org.hibernate.type.BasicTypeReference@60c98f25
2025-02-26T11:40:33.970+09:00 DEBUG 2744 --- [    Test worker] org.hibernate.type.BasicTypeRegistry     : Adding type registration java.util.Currency -> org.hibernate.type.BasicTypeReference@60c98f25
2025-02-26T11:40:33.970+09:00 DEBUG 2744 --- [    Test worker] org.hibernate.type.BasicTypeRegistry     : Adding type registration locale -> org.hibernate.type.BasicTypeReference@20c3b34b
2025-02-26T11:40:33.970+09:00 DEBUG 2744 --- [    Test worker] org.hibernate.type.BasicTypeRegistry     : Adding type registration java.util.Locale -> org.hibernate.type.BasicTypeReference@20c3b34b
2025-02-26T11:40:33.970+09:00 DEBUG 2744 --- [    Test worker] org.hibernate.type.BasicTypeRegistry     : Adding type registration serializable -> org.hibernate.type.BasicTypeReference@1eb906f3
2025-02-26T11:40:33.970+09:00 DEBUG 2744 --- [    Test worker] org.hibernate.type.BasicTypeRegistry     : Adding type registration java.io.Serializable -> org.hibernate.type.BasicTypeReference@1eb906f3
2025-02-26T11:40:33.970+09:00 DEBUG 2744 --- [    Test worker] org.hibernate.type.BasicTypeRegistry     : Adding type registration timezone -> org.hibernate.type.BasicTypeReference@58e02359
2025-02-26T11:40:33.970+09:00 DEBUG 2744 --- [    Test worker] org.hibernate.type.BasicTypeRegistry     : Adding type registration java.util.TimeZone -> org.hibernate.type.BasicTypeReference@58e02359
2025-02-26T11:40:33.970+09:00 DEBUG 2744 --- [    Test worker] org.hibernate.type.BasicTypeRegistry     : Adding type registration ZoneOffset -> org.hibernate.type.BasicTypeReference@74fc3fc7
2025-02-26T11:40:33.971+09:00 DEBUG 2744 --- [    Test worker] org.hibernate.type.BasicTypeRegistry     : Adding type registration java.time.ZoneOffset -> org.hibernate.type.BasicTypeReference@74fc3fc7
2025-02-26T11:40:33.971+09:00 DEBUG 2744 --- [    Test worker] org.hibernate.type.BasicTypeRegistry     : Adding type registration url -> org.hibernate.type.BasicTypeReference@491893f8
2025-02-26T11:40:33.971+09:00 DEBUG 2744 --- [    Test worker] org.hibernate.type.BasicTypeRegistry     : Adding type registration java.net.URL -> org.hibernate.type.BasicTypeReference@491893f8
2025-02-26T11:40:33.971+09:00 DEBUG 2744 --- [    Test worker] org.hibernate.type.BasicTypeRegistry     : Adding type registration vector -> org.hibernate.type.BasicTypeReference@1f408ab6
2025-02-26T11:40:33.971+09:00 DEBUG 2744 --- [    Test worker] org.hibernate.type.BasicTypeRegistry     : Adding type registration row_version -> org.hibernate.type.BasicTypeReference@46e388ec
2025-02-26T11:40:33.975+09:00 DEBUG 2744 --- [    Test worker] org.hibernate.type.BasicTypeRegistry     : Adding type registration object -> org.hibernate.type.JavaObjectType@3d6778d5
2025-02-26T11:40:33.975+09:00 DEBUG 2744 --- [    Test worker] org.hibernate.type.BasicTypeRegistry     : Adding type registration java.lang.Object -> org.hibernate.type.JavaObjectType@3d6778d5
2025-02-26T11:40:33.977+09:00 DEBUG 2744 --- [    Test worker] org.hibernate.type.BasicTypeRegistry     : Adding type registration null -> org.hibernate.type.NullType@61957d9c
2025-02-26T11:40:33.977+09:00 DEBUG 2744 --- [    Test worker] org.hibernate.type.BasicTypeRegistry     : Adding type registration imm_date -> org.hibernate.type.BasicTypeReference@29c59b6e
2025-02-26T11:40:33.977+09:00 DEBUG 2744 --- [    Test worker] org.hibernate.type.BasicTypeRegistry     : Adding type registration imm_time -> org.hibernate.type.BasicTypeReference@483b7dc4
2025-02-26T11:40:33.977+09:00 DEBUG 2744 --- [    Test worker] org.hibernate.type.BasicTypeRegistry     : Adding type registration imm_timestamp -> org.hibernate.type.BasicTypeReference@6b8bdcc6
2025-02-26T11:40:33.978+09:00 DEBUG 2744 --- [    Test worker] org.hibernate.type.BasicTypeRegistry     : Adding type registration imm_calendar -> org.hibernate.type.BasicTypeReference@213835b6
2025-02-26T11:40:33.978+09:00 DEBUG 2744 --- [    Test worker] org.hibernate.type.BasicTypeRegistry     : Adding type registration imm_calendar_date -> org.hibernate.type.BasicTypeReference@24a3d414
2025-02-26T11:40:33.978+09:00 DEBUG 2744 --- [    Test worker] org.hibernate.type.BasicTypeRegistry     : Adding type registration imm_calendar_time -> org.hibernate.type.BasicTypeReference@37e55819
2025-02-26T11:40:33.978+09:00 DEBUG 2744 --- [    Test worker] org.hibernate.type.BasicTypeRegistry     : Adding type registration imm_binary -> org.hibernate.type.BasicTypeReference@2bdcfcf
2025-02-26T11:40:33.978+09:00 DEBUG 2744 --- [    Test worker] org.hibernate.type.BasicTypeRegistry     : Adding type registration imm_serializable -> org.hibernate.type.BasicTypeReference@6248cfab
2025-02-26T11:40:34.183+09:00  INFO 2744 --- [    Test worker] o.s.o.j.p.SpringPersistenceUnitInfo      : No LoadTimeWeaver setup: ignoring JPA class transformer
2025-02-26T11:40:34.209+09:00  INFO 2744 --- [    Test worker] com.zaxxer.hikari.HikariDataSource       : HikariPool-1 - Starting...
2025-02-26T11:40:34.431+09:00  INFO 2744 --- [    Test worker] com.zaxxer.hikari.pool.HikariPool        : HikariPool-1 - Added connection com.mysql.cj.jdbc.ConnectionImpl@21bf308
2025-02-26T11:40:34.433+09:00  INFO 2744 --- [    Test worker] com.zaxxer.hikari.HikariDataSource       : HikariPool-1 - Start completed.
2025-02-26T11:40:34.469+09:00  WARN 2744 --- [    Test worker] org.hibernate.orm.deprecation            : HHH90000025: MySQL8Dialect does not need to be specified explicitly using 'hibernate.dialect' (remove the property setting and it will be selected by default)
2025-02-26T11:40:34.469+09:00  WARN 2744 --- [    Test worker] org.hibernate.orm.deprecation            : HHH90000026: MySQL8Dialect has been deprecated; use org.hibernate.dialect.MySQLDialect instead
2025-02-26T11:40:34.485+09:00 DEBUG 2744 --- [    Test worker] o.h.t.d.sql.spi.DdlTypeRegistry          : addDescriptor(12, org.hibernate.type.descriptor.sql.internal.CapacityDependentDdlType@744fb110) replaced previous registration(org.hibernate.type.descriptor.sql.internal.CapacityDependentDdlType@838e109)
2025-02-26T11:40:34.485+09:00 DEBUG 2744 --- [    Test worker] o.h.t.d.sql.spi.DdlTypeRegistry          : addDescriptor(-9, org.hibernate.type.descriptor.sql.internal.CapacityDependentDdlType@7474196) replaced previous registration(org.hibernate.type.descriptor.sql.internal.CapacityDependentDdlType@11ee671f)
2025-02-26T11:40:34.485+09:00 DEBUG 2744 --- [    Test worker] o.h.t.d.sql.spi.DdlTypeRegistry          : addDescriptor(-3, org.hibernate.type.descriptor.sql.internal.CapacityDependentDdlType@18209303) replaced previous registration(org.hibernate.type.descriptor.sql.internal.CapacityDependentDdlType@57df09a7)
2025-02-26T11:40:34.485+09:00 DEBUG 2744 --- [    Test worker] o.h.t.d.sql.spi.DdlTypeRegistry          : addDescriptor(4003, org.hibernate.type.descriptor.sql.internal.DdlTypeImpl@6aa9a93b) replaced previous registration(org.hibernate.type.descriptor.sql.internal.DdlTypeImpl@81dfdee)
2025-02-26T11:40:34.485+09:00 DEBUG 2744 --- [    Test worker] o.h.t.d.sql.spi.DdlTypeRegistry          : addDescriptor(4001, org.hibernate.type.descriptor.sql.internal.DdlTypeImpl@14b9df65) replaced previous registration(org.hibernate.type.descriptor.sql.internal.DdlTypeImpl@3b046e64)
2025-02-26T11:40:34.485+09:00 DEBUG 2744 --- [    Test worker] o.h.t.d.sql.spi.DdlTypeRegistry          : addDescriptor(4002, org.hibernate.type.descriptor.sql.internal.DdlTypeImpl@1c43e84e) replaced previous registration(org.hibernate.type.descriptor.sql.internal.DdlTypeImpl@7bd694a5)
2025-02-26T11:40:34.485+09:00 DEBUG 2744 --- [    Test worker] o.h.t.d.sql.spi.DdlTypeRegistry          : addDescriptor(2004, org.hibernate.type.descriptor.sql.internal.CapacityDependentDdlType@21ce2e4d) replaced previous registration(org.hibernate.type.descriptor.sql.internal.DdlTypeImpl@3921135e)
2025-02-26T11:40:34.485+09:00 DEBUG 2744 --- [    Test worker] o.h.t.d.sql.spi.DdlTypeRegistry          : addDescriptor(2005, org.hibernate.type.descriptor.sql.internal.CapacityDependentDdlType@3a239dac) replaced previous registration(org.hibernate.type.descriptor.sql.internal.DdlTypeImpl@759f45f1)
2025-02-26T11:40:34.485+09:00 DEBUG 2744 --- [    Test worker] o.h.t.d.sql.spi.DdlTypeRegistry          : addDescriptor(2011, org.hibernate.type.descriptor.sql.internal.CapacityDependentDdlType@2573b149) replaced previous registration(org.hibernate.type.descriptor.sql.internal.DdlTypeImpl@1479ed5a)
2025-02-26T11:40:34.485+09:00 DEBUG 2744 --- [    Test worker] o.h.t.d.jdbc.spi.JdbcTypeRegistry        : addDescriptor(NCharTypeDescriptor) replaced previous registration(CharTypeDescriptor)
2025-02-26T11:40:34.485+09:00 DEBUG 2744 --- [    Test worker] o.h.t.d.jdbc.spi.JdbcTypeRegistry        : addDescriptor(NVarcharTypeDescriptor) replaced previous registration(VarcharTypeDescriptor)
2025-02-26T11:40:34.485+09:00 DEBUG 2744 --- [    Test worker] o.h.t.d.jdbc.spi.JdbcTypeRegistry        : addDescriptor(LongNVarcharTypeDescriptor) replaced previous registration(LongVarcharTypeDescriptor)
2025-02-26T11:40:34.485+09:00 DEBUG 2744 --- [    Test worker] o.h.t.d.jdbc.spi.JdbcTypeRegistry        : addDescriptor(NClobTypeDescriptor(DEFAULT)) replaced previous registration(ClobTypeDescriptor(DEFAULT))
2025-02-26T11:40:34.485+09:00 DEBUG 2744 --- [    Test worker] o.h.t.d.jdbc.spi.JdbcTypeRegistry        : addDescriptor(2005, ClobTypeDescriptor(STREAM_BINDING)) replaced previous registration(ClobTypeDescriptor(DEFAULT))
2025-02-26T11:40:34.500+09:00 DEBUG 2744 --- [    Test worker] org.hibernate.type.BasicTypeRegistry     : Adding type registration null -> org.hibernate.type.NullType@25435731
2025-02-26T11:40:34.500+09:00 DEBUG 2744 --- [    Test worker] org.hibernate.type.BasicTypeRegistry     : Type registration key [null] overrode previous entry : `org.hibernate.type.NullType@61957d9c`
2025-02-26T11:40:34.500+09:00 DEBUG 2744 --- [    Test worker] org.hibernate.type.BasicTypeRegistry     : Adding type registration org.hibernate.type.DurationType -> basicType@1(java.time.Duration,3015)
2025-02-26T11:40:34.500+09:00 DEBUG 2744 --- [    Test worker] org.hibernate.type.BasicTypeRegistry     : Adding type registration Duration -> basicType@1(java.time.Duration,3015)
2025-02-26T11:40:34.500+09:00 DEBUG 2744 --- [    Test worker] org.hibernate.type.BasicTypeRegistry     : Adding type registration java.time.Duration -> basicType@1(java.time.Duration,3015)
2025-02-26T11:40:34.500+09:00 DEBUG 2744 --- [    Test worker] org.hibernate.type.BasicTypeRegistry     : Adding type registration org.hibernate.type.OffsetDateTimeType -> basicType@2(java.time.OffsetDateTime,3003)
2025-02-26T11:40:34.500+09:00 DEBUG 2744 --- [    Test worker] org.hibernate.type.BasicTypeRegistry     : Adding type registration OffsetDateTime -> basicType@2(java.time.OffsetDateTime,3003)
2025-02-26T11:40:34.500+09:00 DEBUG 2744 --- [    Test worker] org.hibernate.type.BasicTypeRegistry     : Adding type registration java.time.OffsetDateTime -> basicType@2(java.time.OffsetDateTime,3003)
2025-02-26T11:40:34.500+09:00 DEBUG 2744 --- [    Test worker] org.hibernate.type.BasicTypeRegistry     : Adding type registration org.hibernate.type.ZonedDateTimeType -> basicType@3(java.time.ZonedDateTime,3003)
2025-02-26T11:40:34.500+09:00 DEBUG 2744 --- [    Test worker] org.hibernate.type.BasicTypeRegistry     : Adding type registration ZonedDateTime -> basicType@3(java.time.ZonedDateTime,3003)
2025-02-26T11:40:34.500+09:00 DEBUG 2744 --- [    Test worker] org.hibernate.type.BasicTypeRegistry     : Adding type registration java.time.ZonedDateTime -> basicType@3(java.time.ZonedDateTime,3003)
2025-02-26T11:40:34.500+09:00 DEBUG 2744 --- [    Test worker] org.hibernate.type.BasicTypeRegistry     : Adding type registration org.hibernate.type.OffsetTimeType -> basicType@4(java.time.OffsetTime,3007)
2025-02-26T11:40:34.500+09:00 DEBUG 2744 --- [    Test worker] org.hibernate.type.BasicTypeRegistry     : Adding type registration OffsetTime -> basicType@4(java.time.OffsetTime,3007)
2025-02-26T11:40:34.500+09:00 DEBUG 2744 --- [    Test worker] org.hibernate.type.BasicTypeRegistry     : Adding type registration java.time.OffsetTime -> basicType@4(java.time.OffsetTime,3007)
2025-02-26T11:40:34.500+09:00 DEBUG 2744 --- [    Test worker] o.h.type.spi.TypeConfiguration$Scope     : Scoping TypeConfiguration [org.hibernate.type.spi.TypeConfiguration@362b384c] to MetadataBuildingContext [org.hibernate.boot.internal.MetadataBuildingContextRootImpl@433b546f]
2025-02-26T11:40:35.572+09:00  INFO 2744 --- [    Test worker] o.h.e.t.j.p.i.JtaPlatformInitiator       : HHH000489: No JTA platform available (set 'hibernate.transaction.jta.platform' to enable JTA platform integration)
2025-02-26T11:40:35.572+09:00 DEBUG 2744 --- [    Test worker] o.h.type.spi.TypeConfiguration$Scope     : Scoping TypeConfiguration [org.hibernate.type.spi.TypeConfiguration@362b384c] to SessionFactoryImplementor [org.hibernate.internal.SessionFactoryImpl@462deb2b]
2025-02-26T11:40:35.620+09:00 DEBUG 2744 --- [    Test worker] org.hibernate.SQL                        : 
    alter table movie_tb 
       modify column overview TEXT
Hibernate: 
    alter table movie_tb 
       modify column overview TEXT
2025-02-26T11:40:35.739+09:00 TRACE 2744 --- [    Test worker] o.h.type.spi.TypeConfiguration$Scope     : Handling #sessionFactoryCreated from [org.hibernate.internal.SessionFactoryImpl@462deb2b] for TypeConfiguration
2025-02-26T11:40:35.739+09:00  INFO 2744 --- [    Test worker] j.LocalContainerEntityManagerFactoryBean : Initialized JPA EntityManagerFactory for persistence unit 'default'
2025-02-26T11:40:35.978+09:00  INFO 2744 --- [    Test worker] o.s.d.j.r.query.QueryEnhancerFactory     : Hibernate is in classpath; If applicable, HQL parser will be used.
2025-02-26T11:40:36.939+09:00  WARN 2744 --- [    Test worker] JpaBaseConfiguration$JpaWebConfiguration : spring.jpa.open-in-view is enabled by default. Therefore, database queries may be performed during view rendering. Explicitly configure spring.jpa.open-in-view to disable this warning
2025-02-26T11:40:36.965+09:00  INFO 2744 --- [    Test worker] r$InitializeUserDetailsManagerConfigurer : Global AuthenticationManager configured with UserDetailsService bean with name customUserDetailsService
2025-02-26T11:40:37.700+09:00  INFO 2744 --- [    Test worker] o.s.moviepj.MoviepjApplicationTests      : Started MoviepjApplicationTests in 5.503 seconds (process running for 6.447)
]]></system-out>
  <system-err><![CDATA[]]></system-err>
</testsuite>
