<?xml version="1.0" encoding="UTF-8"?>
<testsuite name="org.spring.moviepj.theater.Theater" tests="1" skipped="0" failures="0" errors="0" timestamp="2025-02-18T08:23:42" hostname="602-4" time="0.121">
  <properties/>
  <testcase name="insertTheater()" classname="org.spring.moviepj.theater.Theater" time="0.121"/>
  <system-out><![CDATA[2025-02-18T17:23:42.953+09:00  INFO 14316 --- [    Test worker] t.c.s.AnnotationConfigContextLoaderUtils : Could not detect default configuration classes for test class [org.spring.moviepj.theater.Theater]: Theater does not declare any static, non-private, non-final, nested classes annotated with @Configuration.
2025-02-18T17:23:42.959+09:00  INFO 14316 --- [    Test worker] .b.t.c.SpringBootTestContextBootstrapper : Found @SpringBootConfiguration org.spring.moviepj.MoviepjApplication for test class org.spring.moviepj.theater.Theater
2025-02-18T17:23:42.998+09:00 DEBUG 14316 --- [    Test worker] org.hibernate.SQL                        : 
    insert 
    into
        theater_tb
        (create_time, name) 
    values
        (?, ?)
Hibernate: 
    insert 
    into
        theater_tb
        (create_time, name) 
    values
        (?, ?)
2025-02-18T17:23:43.040+09:00 DEBUG 14316 --- [    Test worker] org.hibernate.SQL                        : 
    insert 
    into
        theater_tb
        (create_time, name) 
    values
        (?, ?)
Hibernate: 
    insert 
    into
        theater_tb
        (create_time, name) 
    values
        (?, ?)
2025-02-18T17:23:43.044+09:00 DEBUG 14316 --- [    Test worker] org.hibernate.SQL                        : 
    insert 
    into
        theater_tb
        (create_time, name) 
    values
        (?, ?)
Hibernate: 
    insert 
    into
        theater_tb
        (create_time, name) 
    values
        (?, ?)
2025-02-18T17:23:43.049+09:00 DEBUG 14316 --- [    Test worker] org.hibernate.SQL                        : 
    insert 
    into
        theater_tb
        (create_time, name) 
    values
        (?, ?)
Hibernate: 
    insert 
    into
        theater_tb
        (create_time, name) 
    values
        (?, ?)
2025-02-18T17:23:43.058+09:00 DEBUG 14316 --- [    Test worker] org.hibernate.SQL                        : 
    insert 
    into
        theater_tb
        (create_time, name) 
    values
        (?, ?)
Hibernate: 
    insert 
    into
        theater_tb
        (create_time, name) 
    values
        (?, ?)
2025-02-18T17:23:43.063+09:00 DEBUG 14316 --- [    Test worker] org.hibernate.SQL                        : 
    insert 
    into
        theater_tb
        (create_time, name) 
    values
        (?, ?)
Hibernate: 
    insert 
    into
        theater_tb
        (create_time, name) 
    values
        (?, ?)
2025-02-18T17:23:43.068+09:00 DEBUG 14316 --- [    Test worker] org.hibernate.SQL                        : 
    insert 
    into
        theater_tb
        (create_time, name) 
    values
        (?, ?)
Hibernate: 
    insert 
    into
        theater_tb
        (create_time, name) 
    values
        (?, ?)
2025-02-18T17:23:43.073+09:00 DEBUG 14316 --- [    Test worker] org.hibernate.SQL                        : 
    insert 
    into
        theater_tb
        (create_time, name) 
    values
        (?, ?)
Hibernate: 
    insert 
    into
        theater_tb
        (create_time, name) 
    values
        (?, ?)
2025-02-18T17:23:43.076+09:00 DEBUG 14316 --- [    Test worker] org.hibernate.SQL                        : 
    insert 
    into
        theater_tb
        (create_time, name) 
    values
        (?, ?)
Hibernate: 
    insert 
    into
        theater_tb
        (create_time, name) 
    values
        (?, ?)
2025-02-18T17:23:43.080+09:00 DEBUG 14316 --- [    Test worker] org.hibernate.SQL                        : 
    insert 
    into
        theater_tb
        (create_time, name) 
    values
        (?, ?)
Hibernate: 
    insert 
    into
        theater_tb
        (create_time, name) 
    values
        (?, ?)
]]></system-out>
  <system-err><![CDATA[]]></system-err>
</testsuite>
